 read parameters
          -1
          -1
           0
 read temperature profile from files
 ===================
 init propa angle :   0.000000000000000E+000
 ** init 2D coarse mean flow 
 Interpolation of 3D lES
 added            0  in -x direction
 added            0  in +x direction
 added            0  in -y direction
 added            0  in +y direction
 interpolation time :   3.85558500000000      s
 mean flow written
 -------------------
 start propa for frequency:    50.0000000000000     
 interp meanflow...
 Interpolation of 2D flow lES
 interpolation time :  0.240339000000000      s
 output%side set to true
 start vector PE propagation...
 begin x loop ...
 done.
 x loop time :   0.226665000000001      s
 resolution:    28.9603600026484      %
 compute dl  :    10.8525797983594      %
 interpolation :    29.9591908763995      %
 interpolation side :    16.6792402885443      %
 interpolation rec :    3.65914455250850      %
 interpolation plane :   0.000000000000000E+000 %
 Writing solution
 -------------------
 start propa for frequency:    63.0000000000000     
 interp meanflow...
 Interpolation of 2D flow lES
 interpolation time :  0.392620000000000      s
 output%side set to true
 start vector PE propagation...
 begin x loop ...
 done.
 x loop time :   0.346664000000001      s
 resolution:    31.4252417326375      %
 compute dl  :    10.6365241270961      %
 interpolation :    26.3171255163513      %
 interpolation side :    14.5991507626879      %
 interpolation rec :    3.26108277754756      %
 interpolation plane :   0.000000000000000E+000 %
 Writing solution
 -------------------
 start propa for frequency:    80.0000000000000     
 interp meanflow...
 Interpolation of 2D flow lES
 interpolation time :  0.404320999999999      s
 output%side set to true
 start vector PE propagation...
 begin x loop ...
 done.
 x loop time :   0.455669000000000      s
 resolution:    35.6868691967302      %
 compute dl  :    11.7396619037186      %
 interpolation :    26.9331466481062      %
 interpolation side :    15.8487849733114      %
 interpolation rec :    3.11498039146599      %
 interpolation plane :   0.000000000000000E+000 %
 Writing solution
 -------------------
 start propa for frequency:    100.000000000000     
 interp meanflow...
 Interpolation of 2D flow lES
 interpolation time :  0.657315000000000      s
 output%side set to true
 start vector PE propagation...
 begin x loop ...
 done.
 x loop time :   0.677826000000000      s
 resolution:    37.5867848090787      %
 compute dl  :    12.9068522010236      %
 interpolation :    23.2165777057842      %
 interpolation side :    13.5677887835570      %
 interpolation rec :    2.73816584197372      %
 interpolation plane :   0.000000000000000E+000 %
 Writing solution
 ===================
 init propa angle :    30.0000000000000     
 ** init 2D coarse mean flow 
 Interpolation of 3D lES
 added            0  in -x direction
 added            0  in +x direction
 added            0  in -y direction
 added            0  in +y direction
 interpolation time :   2.95235000000000      s
 mean flow written
 -------------------
 start propa for frequency:    50.0000000000000     
 interp meanflow...
 Interpolation of 2D flow lES
 interpolation time :  0.197999000000001      s
 start vector PE propagation...
 begin x loop ...
 done.
 x loop time :   0.179161000000001      s
 resolution:    31.3773644933861      %
 compute dl  :    11.9066091392753      %
 interpolation :    24.6783619202910      %
 interpolation side :    3.40531700539445      %
 interpolation rec :    3.92719397638610      %
 interpolation plane :    3.52587895805651      %
 Writing solution
 -------------------
 start propa for frequency:    63.0000000000000     
 interp meanflow...
 Interpolation of 2D flow lES
 interpolation time :  0.400808000000000      s
 start vector PE propagation...
 begin x loop ...
 done.
 x loop time :   0.312566000000000      s
 resolution:    33.7285565288552      %
 compute dl  :    11.7012087047130      %
 interpolation :    22.1316457964193      %
 interpolation side :    3.06495268201904      %
 interpolation rec :    3.57620470556026      %
 interpolation plane :    3.16029254622121      %
 Writing solution
 -------------------
 start propa for frequency:    80.0000000000000     
 interp meanflow...
 Interpolation of 2D flow lES
 interpolation time :  0.351366000000001      s
 start vector PE propagation...
 begin x loop ...
 done.
 x loop time :   0.353985000000000      s
 resolution:    38.2343884627870      %
 compute dl  :    13.3706230489889      %
 interpolation :    20.5460683362189      %
 interpolation side :    2.82780343800414      %
 interpolation rec :    3.39901408250145      %
 interpolation plane :    2.91057530685336      %
 Writing solution
 -------------------
 start propa for frequency:    100.000000000000     
 interp meanflow...
 Interpolation of 2D flow lES
 interpolation time :  0.544951000000001      s
 start vector PE propagation...
 begin x loop ...
 done.
 x loop time :   0.512752000000001      s
 resolution:    39.8447982650578      %
 compute dl  :    13.7947779823178      %
 interpolation :    18.0399101319959      %
 interpolation side :    2.48326676443953      %
 interpolation rec :    3.01471276563046      %
 interpolation plane :    2.55698661340988      %
 Writing solution
 ===================
 init propa angle :    60.0000000000000     
 ** init 2D coarse mean flow 
 Interpolation of 3D lES
 added            0  in -x direction
 added            0  in +x direction
 added            0  in -y direction
 added            0  in +y direction
 interpolation time :   2.54762400000000      s
 mean flow written
 -------------------
 start propa for frequency:    50.0000000000000     
 interp meanflow...
 Interpolation of 2D flow lES
 interpolation time :  0.115632999999999      s
 start vector PE propagation...
 begin x loop ...
 done.
 x loop time :   0.112960999999999      s
 resolution:    29.2038845264906      %
 compute dl  :    12.1820805410802      %
 interpolation :    22.9194146653052      %
 interpolation side :    3.09841449704106      %
 interpolation rec :    3.71455635136402      %
 interpolation plane :    3.26749940239511      %
 Writing solution
 -------------------
 start propa for frequency:    63.0000000000000     
 interp meanflow...
 Interpolation of 2D flow lES
 interpolation time :  0.187082999999998      s
 start vector PE propagation...
 begin x loop ...
 done.
 x loop time :   0.152434000000000      s
 resolution:    32.7761523019665      %
 compute dl  :    12.0097878425748      %
 interpolation :    21.6349370876227      %
 interpolation side :    2.95996956056531      %
 interpolation rec :    3.48872298825781      %
 interpolation plane :    3.10363829598091      %
 Writing solution
 -------------------
 start propa for frequency:    80.0000000000000     
 interp meanflow...
 Interpolation of 2D flow lES
 interpolation time :  0.201013000000000      s
 start vector PE propagation...
 begin x loop ...
 done.
 x loop time :   0.202900000000000      s
 resolution:    38.4297683588086      %
 compute dl  :    13.0054213898371      %
 interpolation :    20.6564810250743      %
 interpolation side :    2.83045835390165      %
 interpolation rec :    3.40167570226223      %
 interpolation plane :    2.93001478560019      %
 Writing solution
 -------------------
 start propa for frequency:    100.000000000000     
 interp meanflow...
 Interpolation of 2D flow lES
 interpolation time :  0.315045000000001      s
 start vector PE propagation...
 begin x loop ...
 done.
 x loop time :   0.296982000000000      s
 resolution:    40.3627155854464      %
 compute dl  :    13.8405694621249      %
 interpolation :    17.7003993508227      %
 interpolation side :    2.42472607773284      %
 interpolation rec :    2.98031530530229      %
 interpolation plane :    2.51058986745003      %
 Writing solution
 ===================
 init propa angle :    90.0000000000000     
 ** init 2D coarse mean flow 
 Interpolation of 3D lES
 added            0  in -x direction
 added            0  in +x direction
 added            0  in -y direction
 added            0  in +y direction
 interpolation time :   2.47784100000000      s
 mean flow written
 -------------------
 start propa for frequency:    50.0000000000000     
 interp meanflow...
 Interpolation of 2D flow lES
 interpolation time :  0.106276999999999      s
 start vector PE propagation...
 begin x loop ...
 done.
 x loop time :   0.102125000000001      s
 resolution:    28.1243574051180      %
 compute dl  :    10.0220318237329      %
 interpolation :    21.8359853121534      %
 interpolation side :    2.98555691558017      %
 interpolation rec :    3.53096695232131      %
 interpolation plane :    3.09914320683266      %
 Writing solution
 -------------------
 start propa for frequency:    63.0000000000000     
 interp meanflow...
 Interpolation of 2D flow lES
 interpolation time :  0.163031000000000      s
 start vector PE propagation...
 begin x loop ...
 done.
 x loop time :   0.135727000000003      s
 resolution:    32.2780286898467      %
 compute dl  :    12.4566224847986      %
 interpolation :    21.5181946112061      %
 interpolation side :    2.91909494812329      %
 interpolation rec :    3.46209670873413      %
 interpolation plane :    3.27127248073802      %
 Writing solution
 -------------------
 start propa for frequency:    80.0000000000000     
 interp meanflow...
 Interpolation of 2D flow lES
 interpolation time :  0.176317000000001      s
 start vector PE propagation...
 begin x loop ...
 done.
 x loop time :   0.185181000000000      s
 resolution:    36.9881359319001      %
 compute dl  :    12.4645616991186      %
 interpolation :    20.2029365864166      %
 interpolation side :    2.70654116782309      %
 interpolation rec :    3.31837499526534      %
 interpolation plane :    2.89716547587900      %
 Writing solution
 -------------------
 start propa for frequency:    100.000000000000     
 interp meanflow...
 Interpolation of 2D flow lES
 interpolation time :  0.274663000000000      s
 start vector PE propagation...
 begin x loop ...
 done.
 x loop time :   0.254492000000003      s
 resolution:    40.4743567577725      %
 compute dl  :    13.1858761768032      %
 interpolation :    17.7302233469010      %
 interpolation side :    2.41579303084853      %
 interpolation rec :    2.97140971032907      %
 interpolation plane :    2.52031498042300      %
 Writing solution
 ===================
 init propa angle :    120.000000000000     
 ** init 2D coarse mean flow 
 Interpolation of 3D lES
 added            0  in -x direction
 added            0  in +x direction
 added            0  in -y direction
 added            0  in +y direction
 interpolation time :   2.54471000000000      s
 mean flow written
 -------------------
 start propa for frequency:    50.0000000000000     
 interp meanflow...
 Interpolation of 2D flow lES
 interpolation time :  0.119211000000000      s
 start vector PE propagation...
 begin x loop ...
 done.
 x loop time :   0.112237000000000      s
 resolution:    29.5178951682662      %
 compute dl  :    11.4917540560761      %
 interpolation :    23.2026871709260      %
 interpolation side :    3.16027691398993      %
 interpolation rec :    3.72069816543939      %
 interpolation plane :    3.30105045578276      %
 Writing solution
 -------------------
 start propa for frequency:    63.0000000000000     
 interp meanflow...
 Interpolation of 2D flow lES
 interpolation time :  0.191632999999999      s
 start vector PE propagation...
 begin x loop ...
 done.
 x loop time :   0.153119000000000      s
 resolution:    32.8078161429841      %
 compute dl  :    12.2786852055918      %
 interpolation :    21.7817514480836      %
 interpolation side :    2.99897465381363      %
 interpolation rec :    3.54495523089550      %
 interpolation plane :    3.11522410674090      %
 Writing solution
 -------------------
 start propa for frequency:    80.0000000000000     
 interp meanflow...
 Interpolation of 2D flow lES
 interpolation time :  0.201326999999999      s
 start vector PE propagation...
 begin x loop ...
 done.
 x loop time :   0.206747000000000      s
 resolution:    37.7475852128687      %
 compute dl  :    12.9849526232076      %
 interpolation :    20.2972715444275      %
 interpolation side :    2.77585648156517      %
 interpolation rec :    3.34176553951569      %
 interpolation plane :    2.87791358523856      %
 Writing solution
 -------------------
 start propa for frequency:    100.000000000000     
 interp meanflow...
 Interpolation of 2D flow lES
 interpolation time :  0.316596000000001      s
 start vector PE propagation...
 begin x loop ...
 done.
 x loop time :   0.295885000000002      s
 resolution:    40.2984267536473      %
 compute dl  :    13.7965763725730      %
 interpolation :    17.7416901836995      %
 interpolation side :    2.44723456745052      %
 interpolation rec :    2.95520219005207      %
 interpolation plane :    2.50468932184848      %
 Writing solution
 ===================
 init propa angle :    150.000000000000     
 ** init 2D coarse mean flow 
 Interpolation of 3D lES
 added            0  in -x direction
 added            0  in +x direction
 added            0  in -y direction
 added            0  in +y direction
 interpolation time :   2.52611600000000      s
 mean flow written
 -------------------
 start propa for frequency:    50.0000000000000     
 interp meanflow...
 Interpolation of 2D flow lES
 interpolation time :  0.111039999999999      s
 start vector PE propagation...
 begin x loop ...
 done.
 x loop time :   0.105588000000001      s
 resolution:    30.0176156380622      %
 compute dl  :    11.9625336212707      %
 interpolation :    23.8663484486854      %
 interpolation side :    3.29298783954081      %
 interpolation rec :    3.87638746830412      %
 interpolation plane :    3.37254233443809      %
 Writing solution
 -------------------
 start propa for frequency:    63.0000000000000     
 interp meanflow...
 Interpolation of 2D flow lES
 interpolation time :  0.175093999999998      s
 start vector PE propagation...
 begin x loop ...
 done.
 x loop time :   0.150521999999999      s
 resolution:    32.3640398081238      %
 compute dl  :    11.8281712972061      %
 interpolation :    21.5742549262545      %
 interpolation side :    2.93976960180315      %
 interpolation rec :    3.48919094880697      %
 interpolation plane :    3.06998312540463      %
 Writing solution
 -------------------
 start propa for frequency:    80.0000000000000     
 interp meanflow...
 Interpolation of 2D flow lES
 interpolation time :  0.189322000000001      s
 start vector PE propagation...
 begin x loop ...
 done.
 x loop time :   0.200514999999999      s
 resolution:    37.8300875245891      %
 compute dl  :    12.3816173353678      %
 interpolation :    20.2553424930621      %
 interpolation side :    2.78632521258394      %
 interpolation rec :    3.30848066227601      %
 interpolation plane :    2.89255167944355      %
 Writing solution
 -------------------
 start propa for frequency:    100.000000000000     
 interp meanflow...
 Interpolation of 2D flow lES
 interpolation time :  0.300934000000002      s
 start vector PE propagation...
 begin x loop ...
 done.
 x loop time :   0.285292999999999      s
 resolution:    40.2652711422697      %
 compute dl  :    13.1980104664697      %
 interpolation :    17.5798214467055      %
 interpolation side :    2.40279291819949      %
 interpolation rec :    2.91594956763880      %
 interpolation plane :    2.50409228408666      %
 Writing solution
 ===================
 init propa angle :    180.000000000000     
 ** init 2D coarse mean flow 
 Interpolation of 3D lES
 added            0  in -x direction
 added            0  in +x direction
 added            0  in -y direction
 added            0  in +y direction
 interpolation time :   2.45276000000000      s
 mean flow written
 -------------------
 start propa for frequency:    50.0000000000000     
 interp meanflow...
 Interpolation of 2D flow lES
 interpolation time :  0.116186999999996      s
 output%side set to true
 start vector PE propagation...
 begin x loop ...
 done.
 x loop time :   0.100034999999998      s
 resolution:    27.5293647223663      %
 compute dl  :    11.4220022994655      %
 interpolation :    29.6306292798785      %
 interpolation side :    16.8241115609812      %
 interpolation rec :    3.51976808116377      %
 interpolation plane :   0.000000000000000E+000 %
 Writing solution
 -------------------
 start propa for frequency:    63.0000000000000     
 interp meanflow...
 Interpolation of 2D flow lES
 interpolation time :  0.157841999999995      s
 output%side set to true
 start vector PE propagation...
 begin x loop ...
 done.
 x loop time :   0.143714000000003      s
 resolution:    29.5538360911108      %
 compute dl  :    11.1819307793043      %
 interpolation :    27.1963761358867      %
 interpolation side :    15.9184213089793      %
 interpolation rec :    3.11034415569778      %
 interpolation plane :   0.000000000000000E+000 %
 Writing solution
 -------------------
 start propa for frequency:    80.0000000000000     
 interp meanflow...
 Interpolation of 2D flow lES
 interpolation time :  0.173307999999999      s
 output%side set to true
 start vector PE propagation...
 begin x loop ...
 done.
 x loop time :   0.194742000000005      s
 resolution:    33.7164042680906      %
 compute dl  :    11.8089574924131      %
 interpolation :    25.2308182106798      %
 interpolation side :    14.8396339770954      %
 interpolation rec :    2.91051750531046      %
 interpolation plane :   0.000000000000000E+000 %
 Writing solution
 -------------------
 start propa for frequency:    100.000000000000     
 interp meanflow...
 Interpolation of 2D flow lES
 interpolation time :  0.268997999999996      s
 output%side set to true
 start vector PE propagation...
 begin x loop ...
 done.
 x loop time :   0.270839000000002      s
 resolution:    36.9016279042800      %
 compute dl  :    12.9888974630524      %
 interpolation :    22.8412451677941      %
 interpolation side :    13.4389803536228      %
 interpolation rec :    2.67428250734700      %
 interpolation plane :   0.000000000000000E+000 %
 Writing solution
 ===================
 init propa angle :    210.000000000000     
 ** init 2D coarse mean flow 
 Interpolation of 3D lES
 added            0  in -x direction
 added            0  in +x direction
 added            0  in -y direction
 added            0  in +y direction
 interpolation time :   2.47825200000000      s
 mean flow written
 -------------------
 start propa for frequency:    50.0000000000000     
 interp meanflow...
 Interpolation of 2D flow lES
 interpolation time :  0.112451000000000      s
 start vector PE propagation...
 begin x loop ...
 done.
 x loop time :   0.107381000000004      s
 resolution:    29.6281465065378      %
 compute dl  :    11.4089084659295      %
 interpolation :    23.6159097045052      %
 interpolation side :    3.25476574065465      %
 interpolation rec :    3.80607370027344      %
 interpolation plane :    3.35534219278424      %
 Writing solution
 -------------------
 start propa for frequency:    63.0000000000000     
 interp meanflow...
 Interpolation of 2D flow lES
 interpolation time :  0.177126999999999      s
 start vector PE propagation...
 begin x loop ...
 done.
 x loop time :   0.154203000000003      s
 resolution:    31.7905617918407      %
 compute dl  :    11.0283198122198      %
 interpolation :    21.2609352606882      %
 interpolation side :    2.92925559166425      %
 interpolation rec :    3.43573082234123      %
 interpolation plane :    3.04468784652486      %
 Writing solution
 -------------------
 start propa for frequency:    80.0000000000000     
 interp meanflow...
 Interpolation of 2D flow lES
 interpolation time :  0.188409000000000      s
 start vector PE propagation...
 begin x loop ...
 done.
 x loop time :   0.199802999999996      s
 resolution:    37.6751099833213      %
 compute dl  :    12.3041195577740      %
 interpolation :    20.4501433913201      %
 interpolation side :    2.79325135262117      %
 interpolation rec :    3.39584490729806      %
 interpolation plane :    2.90586227432238      %
 Writing solution
 -------------------
 start propa for frequency:    100.000000000000     
 interp meanflow...
 Interpolation of 2D flow lES
 interpolation time :  0.297319999999999      s
 start vector PE propagation...
 begin x loop ...
 done.
 x loop time :   0.287185000000001      s
 resolution:    40.4147152532607      %
 compute dl  :    13.1904521476169      %
 interpolation :    17.7060083221194      %
 interpolation side :    2.40158782660609      %
 interpolation rec :    3.00259414662775      %
 interpolation plane :    2.49838953991669      %
 Writing solution
 ===================
 init propa angle :    240.000000000000     
 ** init 2D coarse mean flow 
 Interpolation of 3D lES
 added            0  in -x direction
 added            0  in +x direction
 added            0  in -y direction
 added            0  in +y direction
 interpolation time :   2.56947200000000      s
 mean flow written
 -------------------
 start propa for frequency:    50.0000000000000     
 interp meanflow...
 Interpolation of 2D flow lES
 interpolation time :  0.119362000000002      s
 start vector PE propagation...
 begin x loop ...
 done.
 x loop time :   0.105238000000000      s
 resolution:    30.8852315704586      %
 compute dl  :    11.8027708623743      %
 interpolation :    24.5719226896550      %
 interpolation side :    3.34955054264361      %
 interpolation rec :    3.96149679768495      %
 interpolation plane :    3.51584028581675      %
 Writing solution
 -------------------
 start propa for frequency:    63.0000000000000     
 interp meanflow...
 Interpolation of 2D flow lES
 interpolation time :  0.194810999999994      s
 start vector PE propagation...
 begin x loop ...
 done.
 x loop time :   0.159865999999994      s
 resolution:    32.0849961842307      %
 compute dl  :    11.7911250672490      %
 interpolation :    21.1183115859441      %
 interpolation side :    2.89680107097911      %
 interpolation rec :    3.48041484749688      %
 interpolation plane :    3.01127194025652      %
 Writing solution
 -------------------
 start propa for frequency:    80.0000000000000     
 interp meanflow...
 Interpolation of 2D flow lES
 interpolation time :  0.273657000000000      s
 start vector PE propagation...
 begin x loop ...
 done.
 x loop time :   0.254947999999999      s
 resolution:    37.2593626935347      %
 compute dl  :    12.9728415205734      %
 interpolation :    19.9625021572301      %
 interpolation side :    2.76017070139991      %
 interpolation rec :    3.29322057832424      %
 interpolation plane :    2.83822583429572      %
 Writing solution
 -------------------
 start propa for frequency:    100.000000000000     
 interp meanflow...
 Interpolation of 2D flow lES
 interpolation time :  0.374454999999998      s
 start vector PE propagation...
 begin x loop ...
 done.
 x loop time :   0.327825000000004      s
 resolution:    40.3843514070633      %
 compute dl  :    13.5413711583755      %
 interpolation :    17.8821017310152      %
 interpolation side :    2.42049874166651      %
 interpolation rec :    2.98787462816985      %
 interpolation plane :    2.52329749101929      %
 Writing solution
 ===================
 init propa angle :    270.000000000000     
 ** init 2D coarse mean flow 
 Interpolation of 3D lES
 added            0  in -x direction
 added            0  in +x direction
 added            0  in -y direction
 added            0  in +y direction
 interpolation time :   2.79275300000000      s
 mean flow written
 -------------------
 start propa for frequency:    50.0000000000000     
 interp meanflow...
 Interpolation of 2D flow lES
 interpolation time :  0.107620999999995      s
 start vector PE propagation...
 begin x loop ...
 done.
 x loop time :   9.358399999999989E-002 s
 resolution:    30.5661224139501      %
 compute dl  :    11.6237818430178      %
 interpolation :    24.2808599761849      %
 interpolation side :    3.28581808858012      %
 interpolation rec :    3.91199350304255      %
 interpolation plane :    3.46319883747175      %
 Writing solution
 -------------------
 start propa for frequency:    63.0000000000000     
 interp meanflow...
 Interpolation of 2D flow lES
 interpolation time :  0.159753000000002      s
 start vector PE propagation...
 begin x loop ...
 done.
 x loop time :   0.138430000000000      s
 resolution:    31.8500325073306      %
 compute dl  :    12.2343422668557      %
 interpolation :    21.2844036696459      %
 interpolation side :    2.89099183708077      %
 interpolation rec :    3.67044715731353      %
 interpolation plane :    2.97406631511597      %
 Writing solution
 -------------------
 start propa for frequency:    80.0000000000000     
 interp meanflow...
 Interpolation of 2D flow lES
 interpolation time :  0.177747000000004      s
 start vector PE propagation...
 begin x loop ...
 done.
 x loop time :   0.179999000000002      s
 resolution:    37.7424319024836      %
 compute dl  :    13.2539625219899      %
 interpolation :    20.1262229233520      %
 interpolation side :    2.74057078096125      %
 interpolation rec :    3.34224079022794      %
 interpolation plane :    2.86112700625740      %
 Writing solution
 -------------------
 start propa for frequency:    100.000000000000     
 interp meanflow...
 Interpolation of 2D flow lES
 interpolation time :  0.278486000000001      s
 start vector PE propagation...
 begin x loop ...
 done.
 x loop time :   0.255638000000005      s
 resolution:    40.0472543205479      %
 compute dl  :    13.0618296184786      %
 interpolation :    17.9386476189410      %
 interpolation side :    2.42999866996562      %
 interpolation rec :    3.02146003336292      %
 interpolation plane :    2.55048154030932      %
 Writing solution
 ===================
 init propa angle :    300.000000000000     
 ** init 2D coarse mean flow 
 Interpolation of 3D lES
 added            0  in -x direction
 added            0  in +x direction
 added            0  in -y direction
 added            0  in +y direction
 interpolation time :   2.55717499999999      s
 mean flow written
 -------------------
 start propa for frequency:    50.0000000000000     
 interp meanflow...
 Interpolation of 2D flow lES
 interpolation time :  0.124068000000001      s
 start vector PE propagation...
 begin x loop ...
 done.
 x loop time :   0.112100999999996      s
 resolution:    30.0318462816159      %
 compute dl  :    12.1979286535191      %
 interpolation :    24.2156626611372      %
 interpolation side :    3.34965789784415      %
 interpolation rec :    3.87864515042557      %
 interpolation plane :    3.49506248843028      %
 Writing solution
 -------------------
 start propa for frequency:    63.0000000000000     
 interp meanflow...
 Interpolation of 2D flow lES
 interpolation time :  0.185718000000001      s
 start vector PE propagation...
 begin x loop ...
 done.
 x loop time :   0.152634999999997      s
 resolution:    33.0631899629937      %
 compute dl  :    11.9481115077801      %
 interpolation :    21.6981688341282      %
 interpolation side :    2.99407082239302      %
 interpolation rec :    3.54571363055182      %
 interpolation plane :    3.06548301502859      %
 Writing solution
 -------------------
 start propa for frequency:    80.0000000000000     
 interp meanflow...
 Interpolation of 2D flow lES
 interpolation time :  0.196971999999995      s
 start vector PE propagation...
 begin x loop ...
 done.
 x loop time :   0.212145000000000      s
 resolution:    37.4856819627546      %
 compute dl  :    12.6215560112246      %
 interpolation :    20.2564283862302      %
 interpolation side :    2.76320441209362      %
 interpolation rec :    3.34111103257340      %
 interpolation plane :    2.89613236233912      %
 Writing solution
 -------------------
 start propa for frequency:    100.000000000000     
 interp meanflow...
 Interpolation of 2D flow lES
 interpolation time :  0.318252999999999      s
 start vector PE propagation...
 begin x loop ...
 done.
 x loop time :   0.298484999999999      s
 resolution:    40.2043653784929      %
 compute dl  :    13.8529574351697      %
 interpolation :    17.7787828534093      %
 interpolation side :    2.43295307964691      %
 interpolation rec :    2.98808985381347      %
 interpolation plane :    2.51436420597378      %
 Writing solution
 ===================
 init propa angle :    330.000000000000     
 ** init 2D coarse mean flow 
 Interpolation of 3D lES
 added            0  in -x direction
 added            0  in +x direction
 added            0  in -y direction
 added            0  in +y direction
 interpolation time :   2.88774200000000      s
 mean flow written
 -------------------
 start propa for frequency:    50.0000000000000     
 interp meanflow...
 Interpolation of 2D flow lES
 interpolation time :  0.202244000000000      s
 start vector PE propagation...
 begin x loop ...
 done.
 x loop time :   0.176085000000000      s
 resolution:    31.1247408921580      %
 compute dl  :    12.1168753727406      %
 interpolation :    24.7397563677716      %
 interpolation side :    3.40403782266330      %
 interpolation rec :    3.95036488047774      %
 interpolation plane :    3.50853281090593      %
 Writing solution
 -------------------
 start propa for frequency:    63.0000000000000     
 interp meanflow...
 Interpolation of 2D flow lES
 interpolation time :  0.302841000000001      s
 start vector PE propagation...
 begin x loop ...
 done.
 x loop time :   0.256072000000003      s
 resolution:    33.4702739855148      %
 compute dl  :    11.8173794870453      %
 interpolation :    21.8524477490607      %
 interpolation side :    3.00696679055397      %
 interpolation rec :    3.54509669154250      %
 interpolation plane :    3.11592052234982      %
 Writing solution
 -------------------
 start propa for frequency:    80.0000000000000     
 interp meanflow...
 Interpolation of 2D flow lES
 interpolation time :  0.320787000000003      s
 start vector PE propagation...
 begin x loop ...
 done.
 x loop time :   0.349150999999999      s
 resolution:    38.1771783555480      %
 compute dl  :    13.4116757505761      %
 interpolation :    20.6435038135710      %
 interpolation side :    2.84031837214428      %
 interpolation rec :    3.39394703157946      %
 interpolation plane :    2.93626539815754      %
 Writing solution
 -------------------
 start propa for frequency:    100.000000000000     
 interp meanflow...
 Interpolation of 2D flow lES
 interpolation time :  0.522755000000004      s
 start vector PE propagation...
 begin x loop ...
 done.
 x loop time :   0.496211000000002      s
 resolution:    40.0295438835763      %
 compute dl  :    13.8803855617147      %
 interpolation :    17.7484981187398      %
 interpolation side :    2.43283603144554      %
 interpolation rec :    2.96184486030841      %
 interpolation plane :    2.51002093877548      %
 Writing solution
