 read parameters
          -1
          -1
          -1
          -1
          -1
          -1
          -1
          -1
          -1
          -1
           0
 read temperature profile from files
 ===================
 init propa angle :   0.000000000000000E+000
 ** init 2D coarse mean flow 
 Interpolation of 3D lES
 added            0  in -x direction
 added            0  in +x direction
 added            0  in -y direction
 added            0  in +y direction
 interpolation time :   3.35604200000000      s
 mean flow written
 -------------------
 start propa for frequency:    50.0000000000000     
 interp meanflow...
 Interpolation of 2D flow lES
 interpolation time :  0.373050000000000      s
 output%side set to true
 start vector PE propagation...
 begin x loop ...
 done.
 x loop time :   0.352206000000000      s
 resolution:    28.6428964866999      %
 compute dl  :    10.8507521166503      %
 interpolation :    30.6173091883634      %
 interpolation side :    17.3778981618715      %
 interpolation rec :    3.60981925350754      %
 interpolation plane :   0.000000000000000E+000 %
 Writing solution
 -------------------
 start propa for frequency:    63.0000000000000     
 interp meanflow...
 Interpolation of 2D flow lES
 interpolation time :  0.460329000000000      s
 output%side set to true
 start vector PE propagation...
 begin x loop ...
 done.
 x loop time :   0.413118000000000      s
 resolution:    30.8052420857937      %
 compute dl  :    10.8792161077398      %
 interpolation :    28.1570882895458      %
 interpolation side :    16.5417628861467      %
 interpolation rec :    3.20707400790973      %
 interpolation plane :   0.000000000000000E+000 %
 Writing solution
 -------------------
 start propa for frequency:    80.0000000000000     
 interp meanflow...
 Interpolation of 2D flow lES
 interpolation time :  0.487670000000000      s
 output%side set to true
 start vector PE propagation...
 begin x loop ...
 done.
 x loop time :   0.562300000000000      s
 resolution:    35.6019918193237      %
 compute dl  :    11.7054952872081      %
 interpolation :    26.7232793882255      %
 interpolation side :    15.5879423795101      %
 interpolation rec :    3.13053530143282      %
 interpolation plane :   0.000000000000000E+000 %
 Writing solution
 -------------------
 start propa for frequency:    100.000000000000     
 interp meanflow...
 Interpolation of 2D flow lES
 interpolation time :  0.784915000000001      s
 output%side set to true
 start vector PE propagation...
 begin x loop ...
 done.
 x loop time :   0.773203000000001      s
 resolution:    38.9491504818182      %
 compute dl  :    12.6316116207546      %
 interpolation :    21.8749797918648      %
 interpolation side :    12.0016347582691      %
 interpolation rec :    2.79034095833086      %
 interpolation plane :   0.000000000000000E+000 %
 Writing solution
 ===================
 init propa angle :    30.0000000000000     
 ** init 2D coarse mean flow 
 Interpolation of 3D lES
 added            0  in -x direction
 added            0  in +x direction
 added            0  in -y direction
 added            0  in +y direction
 interpolation time :   2.95290700000000      s
 mean flow written
 -------------------
 start propa for frequency:    50.0000000000000     
 interp meanflow...
 Interpolation of 2D flow lES
 interpolation time :  0.199561000000001      s
 start vector PE propagation...
 begin x loop ...
 done.
 x loop time :   0.180202000000000      s
 resolution:    31.2438263726641      %
 compute dl  :    12.0004217489283      %
 interpolation :    24.5713144137843      %
 interpolation side :    3.39008446075624      %
 interpolation rec :    3.96721457031854      %
 interpolation plane :    3.47498917880133      %
 Writing solution
 -------------------
 start propa for frequency:    63.0000000000000     
 interp meanflow...
 Interpolation of 2D flow lES
 interpolation time :  0.312692999999999      s
 start vector PE propagation...
 begin x loop ...
 done.
 x loop time :   0.265229000000000      s
 resolution:    33.4465688141235      %
 compute dl  :    11.9624927892518      %
 interpolation :    22.0451006488779      %
 interpolation side :    3.05057139301672      %
 interpolation rec :    3.59764580800159      %
 interpolation plane :    3.11542101352431      %
 Writing solution
 -------------------
 start propa for frequency:    80.0000000000000     
 interp meanflow...
 Interpolation of 2D flow lES
 interpolation time :  0.334536999999999      s
 start vector PE propagation...
 begin x loop ...
 done.
 x loop time :   0.349894000000001      s
 resolution:    38.3896265726120      %
 compute dl  :    13.4289241884826      %
 interpolation :    20.2035473600505      %
 interpolation side :    2.77855579118044      %
 interpolation rec :    3.34444145942195      %
 interpolation plane :    2.86801145490342      %
 Writing solution
 -------------------
 start propa for frequency:    100.000000000000     
 interp meanflow...
 Interpolation of 2D flow lES
 interpolation time :  0.558879999999998      s
 start vector PE propagation...
 begin x loop ...
 done.
 x loop time :   0.510200999999999      s
 resolution:    40.2274789739785      %
 compute dl  :    13.7361549663818      %
 interpolation :    17.7139989925491      %
 interpolation side :    2.42492664656375      %
 interpolation rec :    3.00744216494281      %
 interpolation plane :    2.50313111891594      %
 Writing solution
 ===================
 init propa angle :    60.0000000000000     
 ** init 2D coarse mean flow 
 Interpolation of 3D lES
 added            0  in -x direction
 added            0  in +x direction
 added            0  in -y direction
 added            0  in +y direction
 interpolation time :   2.57714800000000      s
 mean flow written
 -------------------
 start propa for frequency:    50.0000000000000     
 interp meanflow...
 Interpolation of 2D flow lES
 interpolation time :  0.117611000000000      s
 start vector PE propagation...
 begin x loop ...
 done.
 x loop time :   0.110514000000002      s
 resolution:    29.8034638145103      %
 compute dl  :    11.5116636805842      %
 interpolation :    23.3318855529828      %
 interpolation side :    3.15616121029364      %
 interpolation rec :    3.83028394590860      %
 interpolation plane :    3.30908301210421      %
 Writing solution
 -------------------
 start propa for frequency:    63.0000000000000     
 interp meanflow...
 Interpolation of 2D flow lES
 interpolation time :  0.180287000000000      s
 start vector PE propagation...
 begin x loop ...
 done.
 x loop time :   0.158128999999999      s
 resolution:    32.5847883689558      %
 compute dl  :    12.3386602078711      %
 interpolation :    21.0334600231718      %
 interpolation side :    2.86980882697724      %
 interpolation rec :    3.45667145175244      %
 interpolation plane :    2.99502305075164      %
 Writing solution
 -------------------
 start propa for frequency:    80.0000000000000     
 interp meanflow...
 Interpolation of 2D flow lES
 interpolation time :  0.204312999999999      s
 start vector PE propagation...
 begin x loop ...
 done.
 x loop time :   0.210182000000003      s
 resolution:    38.5941707662505      %
 compute dl  :    12.8160356262160      %
 interpolation :    20.6211759332533      %
 interpolation side :    2.81470344747947      %
 interpolation rec :    3.38849187840753      %
 interpolation plane :    2.90605284952532      %
 Writing solution
 -------------------
 start propa for frequency:    100.000000000000     
 interp meanflow...
 Interpolation of 2D flow lES
 interpolation time :  0.313080000000003      s
 start vector PE propagation...
 begin x loop ...
 done.
 x loop time :   0.297204000000001      s
 resolution:    40.4143282055434      %
 compute dl  :    13.8002853258879      %
 interpolation :    17.7235165071470      %
 interpolation side :    2.42493371555675      %
 interpolation rec :    2.99962315446808      %
 interpolation plane :    2.49727459922153      %
 Writing solution
 ===================
 init propa angle :    90.0000000000000     
 ** init 2D coarse mean flow 
 Interpolation of 3D lES
 added            0  in -x direction
 added            0  in +x direction
 added            0  in -y direction
 added            0  in +y direction
 interpolation time :   2.49873600000000      s
 mean flow written
 -------------------
 start propa for frequency:    50.0000000000000     
 interp meanflow...
 Interpolation of 2D flow lES
 interpolation time :  0.106510000000000      s
 output%side set to true
 start vector PE propagation...
 begin x loop ...
 done.
 x loop time :   0.101268000000001      s
 resolution:    28.2181933089323      %
 compute dl  :    10.7427815302067      %
 interpolation :    29.7744598490649      %
 interpolation side :    17.1317691670007      %
 interpolation rec :    3.50357467313955      %
 interpolation plane :   0.000000000000000E+000 %
 Writing solution
 -------------------
 start propa for frequency:    63.0000000000000     
 interp meanflow...
 Interpolation of 2D flow lES
 interpolation time :  0.163036000000002      s
 output%side set to true
 start vector PE propagation...
 begin x loop ...
 done.
 x loop time :   0.151013000000003      s
 resolution:    29.4928251209540      %
 compute dl  :    11.3427320826239      %
 interpolation :    26.5136114109919      %
 interpolation side :    15.4814486170476      %
 interpolation rec :    3.04741975859333      %
 interpolation plane :   0.000000000000000E+000 %
 Writing solution
 -------------------
 start propa for frequency:    80.0000000000000     
 interp meanflow...
 Interpolation of 2D flow lES
 interpolation time :  0.178107999999998      s
 output%side set to true
 start vector PE propagation...
 begin x loop ...
 done.
 x loop time :   0.202937000000002      s
 resolution:    34.2549658268169      %
 compute dl  :    11.9859857985569      %
 interpolation :    25.6242084981602      %
 interpolation side :    15.0081059639171      %
 interpolation rec :    2.97924971784435      %
 interpolation plane :   0.000000000000000E+000 %
 Writing solution
 -------------------
 start propa for frequency:    100.000000000000     
 interp meanflow...
 Interpolation of 2D flow lES
 interpolation time :  0.283871999999999      s
 output%side set to true
 start vector PE propagation...
 begin x loop ...
 done.
 x loop time :   0.277367999999999      s
 resolution:    37.4617836232073      %
 compute dl  :    12.3114418389747      %
 interpolation :    23.3199215482647      %
 interpolation side :    13.7020132098751      %
 interpolation rec :    2.73247094117456      %
 interpolation plane :   0.000000000000000E+000 %
 Writing solution
 ===================
 init propa angle :    120.000000000000     
 ** init 2D coarse mean flow 
 Interpolation of 3D lES
 added            0  in -x direction
 added            0  in +x direction
 added            0  in -y direction
 added            0  in +y direction
 interpolation time :   2.47346600000000      s
 mean flow written
 -------------------
 start propa for frequency:    50.0000000000000     
 interp meanflow...
 Interpolation of 2D flow lES
 interpolation time :  0.105338999999997      s
 start vector PE propagation...
 begin x loop ...
 done.
 x loop time :   9.182500000000005E-002 s
 resolution:    30.4720936564895      %
 compute dl  :    12.1513748979133      %
 interpolation :    24.0838551591730      %
 interpolation side :    3.28015246392403      %
 interpolation rec :    3.92485706506863      %
 interpolation plane :    3.43043833373074      %
 Writing solution
 -------------------
 start propa for frequency:    63.0000000000000     
 interp meanflow...
 Interpolation of 2D flow lES
 interpolation time :  0.156323000000000      s
 start vector PE propagation...
 begin x loop ...
 done.
 x loop time :   0.136938000000001      s
 resolution:    32.1232966744201      %
 compute dl  :    12.2150170149809      %
 interpolation :    21.4169916312669      %
 interpolation side :    2.89401042811239      %
 interpolation rec :    3.49063079651755      %
 interpolation plane :    3.22919861542006      %
 Writing solution
 -------------------
 start propa for frequency:    80.0000000000000     
 interp meanflow...
 Interpolation of 2D flow lES
 interpolation time :  0.174236000000001      s
 start vector PE propagation...
 begin x loop ...
 done.
 x loop time :   0.183889000000001      s
 resolution:    37.0299474139513      %
 compute dl  :    12.9039801184252      %
 interpolation :    19.6749125831874      %
 interpolation side :    2.68585940428184      %
 interpolation rec :    3.29546628677063      %
 interpolation plane :    2.77014938365913      %
 Writing solution
 -------------------
 start propa for frequency:    100.000000000000     
 interp meanflow...
 Interpolation of 2D flow lES
 interpolation time :  0.284374000000000      s
 start vector PE propagation...
 begin x loop ...
 done.
 x loop time :   0.252623000000000      s
 resolution:    40.5410433729431      %
 compute dl  :    13.1718014590981      %
 interpolation :    17.8285429275962      %
 interpolation side :    2.43247843629615      %
 interpolation rec :    3.02426936579502      %
 interpolation plane :    2.53975291241232      %
 Writing solution
 ===================
 init propa angle :    150.000000000000     
 ** init 2D coarse mean flow 
 Interpolation of 3D lES
 added            0  in -x direction
 added            0  in +x direction
 added            0  in -y direction
 added            0  in +y direction
 interpolation time :   2.46925400000000      s
 mean flow written
 -------------------
 start propa for frequency:    50.0000000000000     
 interp meanflow...
 Interpolation of 2D flow lES
 interpolation time :  7.088900000000109E-002 s
 start vector PE propagation...
 begin x loop ...
 done.
 x loop time :   9.422400000000053E-002 s
 resolution:    29.5041602989781      %
 compute dl  :    11.6382238070751      %
 interpolation :    22.9410765834548      %
 interpolation side :    3.14781796575603      %
 interpolation rec :    3.70606214974581      %
 interpolation plane :    3.25925454232780      %
 Writing solution
 -------------------
 start propa for frequency:    63.0000000000000     
 interp meanflow...
 Interpolation of 2D flow lES
 interpolation time :  0.137892000000001      s
 start vector PE propagation...
 begin x loop ...
 done.
 x loop time :   0.106574000000002      s
 resolution:    33.0512132415025      %
 compute dl  :    12.1455514478010      %
 interpolation :    21.0952014562282      %
 interpolation side :    2.86655281771019      %
 interpolation rec :    3.41828213259957      %
 interpolation plane :    2.99228704929648      %
 Writing solution
 -------------------
 start propa for frequency:    80.0000000000000     
 interp meanflow...
 Interpolation of 2D flow lES
 interpolation time :  0.112940999999999      s
 start vector PE propagation...
 begin x loop ...
 done.
 x loop time :   0.114129000000002      s
 resolution:    35.5948093823473      %
 compute dl  :    12.7277028624567      %
 interpolation :    19.3859579948807      %
 interpolation side :    2.65576672008068      %
 interpolation rec :    3.20777365962539      %
 interpolation plane :    2.74952027973627      %
 Writing solution
 -------------------
 start propa for frequency:    100.000000000000     
 interp meanflow...
 Interpolation of 2D flow lES
 interpolation time :  0.160849000000002      s
 start vector PE propagation...
 begin x loop ...
 done.
 x loop time :   0.155020000000000      s
 resolution:    38.3382789317697      %
 compute dl  :    12.7648045412865      %
 interpolation :    17.0023222809896      %
 interpolation side :    2.25454780029817      %
 interpolation rec :    2.89252999608465      %
 interpolation plane :    2.40420590885398      %
 Writing solution
 ===================
 init propa angle :    180.000000000000     
 ** init 2D coarse mean flow 
 Interpolation of 3D lES
 added            0  in -x direction
 added            0  in +x direction
 added            0  in -y direction
 added            0  in +y direction
 interpolation time :   2.24490400000000      s
 mean flow written
 -------------------
 start propa for frequency:    50.0000000000000     
 interp meanflow...
 Interpolation of 2D flow lES
 interpolation time :  5.130900000000338E-002 s
 output%side set to true
 start vector PE propagation...
 begin x loop ...
 done.
 x loop time :   5.013999999999896E-002 s
 resolution:    27.6166733148720      %
 compute dl  :    11.0829676905440      %
 interpolation :    29.5532508972574      %
 interpolation side :    17.0083765455132      %
 interpolation rec :    3.43837255707353      %
 interpolation plane :   0.000000000000000E+000 %
 Writing solution
 -------------------
 start propa for frequency:    63.0000000000000     
 interp meanflow...
 Interpolation of 2D flow lES
 interpolation time :  8.518899999999974E-002 s
 output%side set to true
 start vector PE propagation...
 begin x loop ...
 done.
 x loop time :   7.933299999999832E-002 s
 resolution:    27.7337299737909      %
 compute dl  :    9.61264543148298      %
 interpolation :    24.6404396656691      %
 interpolation side :    14.3874554093988      %
 interpolation rec :    2.86135656037911      %
 interpolation plane :   0.000000000000000E+000 %
 Writing solution
 -------------------
 start propa for frequency:    80.0000000000000     
 interp meanflow...
 Interpolation of 2D flow lES
 interpolation time :  9.011999999999887E-002 s
 output%side set to true
 start vector PE propagation...
 begin x loop ...
 done.
 x loop time :   0.103060999999997      s
 resolution:    32.2818524951614      %
 compute dl  :    11.8939268977897      %
 interpolation :    24.3409243070697      %
 interpolation side :    14.4477542426139      %
 interpolation rec :    2.78572884010399      %
 interpolation plane :   0.000000000000000E+000 %
 Writing solution
 -------------------
 start propa for frequency:    100.000000000000     
 interp meanflow...
 Interpolation of 2D flow lES
 interpolation time :  0.146872000000002      s
 output%side set to true
 start vector PE propagation...
 begin x loop ...
 done.
 x loop time :   0.147092000000001      s
 resolution:    35.3336687242899      %
 compute dl  :    11.7559078672028      %
 interpolation :    21.3587414679859      %
 interpolation side :    12.4819840644249      %
 interpolation rec :    2.51407282528655      %
 interpolation plane :   0.000000000000000E+000 %
 Writing solution
 ===================
 init propa angle :    210.000000000000     
 ** init 2D coarse mean flow 
 Interpolation of 3D lES
 added            0  in -x direction
 added            0  in +x direction
 added            0  in -y direction
 added            0  in +y direction
 interpolation time :   2.39595400000000      s
 mean flow written
 -------------------
 start propa for frequency:    50.0000000000000     
 interp meanflow...
 Interpolation of 2D flow lES
 interpolation time :  6.078899999999976E-002 s
 start vector PE propagation...
 begin x loop ...
 done.
 x loop time :   5.558600000000524E-002 s
 resolution:    28.9821177992599      %
 compute dl  :    11.2690245745350      %
 interpolation :    22.8150973267489      %
 interpolation side :    3.11049544846374      %
 interpolation rec :    3.72935631283492      %
 interpolation plane :    3.23102939593972      %
 Writing solution
 -------------------
 start propa for frequency:    63.0000000000000     
 interp meanflow...
 Interpolation of 2D flow lES
 interpolation time :  9.631399999999957E-002 s
 start vector PE propagation...
 begin x loop ...
 done.
 x loop time :   8.639600000000058E-002 s
 resolution:    28.6737811936103      %
 compute dl  :    10.6509560628486      %
 interpolation :    18.6953099679285      %
 interpolation side :    2.48622621424857      %
 interpolation rec :    3.08463354785806      %
 interpolation plane :    2.65753044128306      %
 Writing solution
 -------------------
 start propa for frequency:    80.0000000000000     
 interp meanflow...
 Interpolation of 2D flow lES
 interpolation time :  0.108514000000000      s
 start vector PE propagation...
 begin x loop ...
 done.
 x loop time :   0.115022000000003      s
 resolution:    34.6672810420491      %
 compute dl  :    11.7873102538290      %
 interpolation :    18.5990506163691      %
 interpolation side :    2.53255898873323      %
 interpolation rec :    3.10723165997493      %
 interpolation plane :    2.61862947966270      %
 Writing solution
 -------------------
 start propa for frequency:    100.000000000000     
 interp meanflow...
 Interpolation of 2D flow lES
 interpolation time :  0.163125999999998      s
 start vector PE propagation...
 begin x loop ...
 done.
 x loop time :   0.155203999999998      s
 resolution:    38.5131826498802      %
 compute dl  :    12.9726037988568      %
 interpolation :    17.2965902940979      %
 interpolation side :    2.27764748326615      %
 interpolation rec :    2.92904822026334      %
 interpolation plane :    2.42712816679748      %
 Writing solution
 ===================
 init propa angle :    240.000000000000     
 ** init 2D coarse mean flow 
 Interpolation of 3D lES
 added            0  in -x direction
 added            0  in +x direction
 added            0  in -y direction
 added            0  in +y direction
 interpolation time :   2.46938500000000      s
 mean flow written
 -------------------
 start propa for frequency:    50.0000000000000     
 interp meanflow...
 Interpolation of 2D flow lES
 interpolation time :  0.101623000000004      s
 start vector PE propagation...
 begin x loop ...
 done.
 x loop time :   0.100039000000002      s
 resolution:    27.7681704135121      %
 compute dl  :    10.6728375933395      %
 interpolation :    21.8384829916835      %
 interpolation side :    3.00982616767450      %
 interpolation rec :    3.52162656566900      %
 interpolation plane :    3.09879147154972      %
 Writing solution
 -------------------
 start propa for frequency:    63.0000000000000     
 interp meanflow...
 Interpolation of 2D flow lES
 interpolation time :  0.158324000000000      s
 start vector PE propagation...
 begin x loop ...
 done.
 x loop time :   0.132105000000003      s
 resolution:    32.3121759207248      %
 compute dl  :    12.3341281557050      %
 interpolation :    20.8917149238974      %
 interpolation side :    2.82805344259293      %
 interpolation rec :    3.43136141697009      %
 interpolation plane :    2.98399000784218      %
 Writing solution
 -------------------
 start propa for frequency:    80.0000000000000     
 interp meanflow...
 Interpolation of 2D flow lES
 interpolation time :  0.175277000000001      s
 start vector PE propagation...
 begin x loop ...
 done.
 x loop time :   0.176648000000000      s
 resolution:    37.6862460939756      %
 compute dl  :    13.2500792536417      %
 interpolation :    20.2028893618629      %
 interpolation side :    2.77784067762785      %
 interpolation rec :    3.36035505636229      %
 interpolation plane :    2.87464335861451      %
 Writing solution
 -------------------
 start propa for frequency:    100.000000000000     
 interp meanflow...
 Interpolation of 2D flow lES
 interpolation time :  0.267904999999999      s
 start vector PE propagation...
 begin x loop ...
 done.
 x loop time :   0.255415000000006      s
 resolution:    39.7196719065096      %
 compute dl  :    12.9064463716011      %
 interpolation :    17.5228549615827      %
 interpolation side :    2.39022766871190      %
 interpolation rec :    2.94187890299534      %
 interpolation plane :    2.47479592027017      %
 Writing solution
 ===================
 init propa angle :    270.000000000000     
 ** init 2D coarse mean flow 
 Interpolation of 3D lES
 added            0  in -x direction
 added            0  in +x direction
 added            0  in -y direction
 added            0  in +y direction
 interpolation time :   2.46900800000000      s
 mean flow written
 -------------------
 start propa for frequency:    50.0000000000000     
 interp meanflow...
 Interpolation of 2D flow lES
 interpolation time :  0.104393999999999      s
 output%side set to true
 start vector PE propagation...
 begin x loop ...
 done.
 x loop time :   0.112175999999998      s
 resolution:    25.9351376407077      %
 compute dl  :    9.27649408068266      %
 interpolation :    27.2134859507755      %
 interpolation side :    15.3865354442390      %
 interpolation rec :    3.26005562676802      %
 interpolation plane :   0.000000000000000E+000 %
 Writing solution
 -------------------
 start propa for frequency:    63.0000000000000     
 interp meanflow...
 Interpolation of 2D flow lES
 interpolation time :  0.156677000000002      s
 output%side set to true
 start vector PE propagation...
 begin x loop ...
 done.
 x loop time :   0.148963999999999      s
 resolution:    29.6528020193203      %
 compute dl  :    11.8115786364682      %
 interpolation :    27.3005558389066      %
 interpolation side :    16.1528960017620      %
 interpolation rec :    3.09336483985403      %
 interpolation plane :   0.000000000000000E+000 %
 Writing solution
 -------------------
 start propa for frequency:    80.0000000000000     
 interp meanflow...
 Interpolation of 2D flow lES
 interpolation time :  0.177211999999997      s
 output%side set to true
 start vector PE propagation...
 begin x loop ...
 done.
 x loop time :   0.200774999999993      s
 resolution:    34.5431453119797      %
 compute dl  :    11.5915826174341      %
 interpolation :    25.5161250155144      %
 interpolation side :    14.8878097372647      %
 interpolation rec :    2.97895654343615      %
 interpolation plane :   0.000000000000000E+000 %
 Writing solution
 -------------------
 start propa for frequency:    100.000000000000     
 interp meanflow...
 Interpolation of 2D flow lES
 interpolation time :  0.273062000000003      s
 output%side set to true
 start vector PE propagation...
 begin x loop ...
 done.
 x loop time :   0.260607999999998      s
 resolution:    37.7785793222758      %
 compute dl  :    12.5268602652396      %
 interpolation :    22.6455058939370      %
 interpolation side :    13.1504021365793      %
 interpolation rec :    2.71096819736313      %
 interpolation plane :   0.000000000000000E+000 %
 Writing solution
 ===================
 init propa angle :    300.000000000000     
 ** init 2D coarse mean flow 
 Interpolation of 3D lES
 added            0  in -x direction
 added            0  in +x direction
 added            0  in -y direction
 added            0  in +y direction
 interpolation time :   2.50637200000000      s
 mean flow written
 -------------------
 start propa for frequency:    50.0000000000000     
 interp meanflow...
 Interpolation of 2D flow lES
 interpolation time :  0.177174000000001      s
 start vector PE propagation...
 begin x loop ...
 done.
 x loop time :   0.166266999999998      s
 resolution:    30.9622474694865      %
 compute dl  :    12.3897105259447      %
 interpolation :    24.8209205675510      %
 interpolation side :    3.42340933557598      %
 interpolation rec :    3.98816361626583      %
 interpolation plane :    3.47934346567519      %
 Writing solution
 -------------------
 start propa for frequency:    63.0000000000000     
 interp meanflow...
 Interpolation of 2D flow lES
 interpolation time :  0.225071000000000      s
 start vector PE propagation...
 begin x loop ...
 done.
 x loop time :   0.182620000000000      s
 resolution:    33.6485598510780      %
 compute dl  :    11.7851275874045      %
 interpolation :    21.6000438068537      %
 interpolation side :    2.99364801230646      %
 interpolation rec :    3.54232833200265      %
 interpolation plane :    3.07688095499399      %
 Writing solution
 -------------------
 start propa for frequency:    80.0000000000000     
 interp meanflow...
 Interpolation of 2D flow lES
 interpolation time :  0.236938000000002      s
 start vector PE propagation...
 begin x loop ...
 done.
 x loop time :   0.247005000000001      s
 resolution:    38.0048986861632      %
 compute dl  :    12.3969150423077      %
 interpolation :    20.2582943665761      %
 interpolation side :    2.76391166175952      %
 interpolation rec :    3.35863646482643      %
 interpolation plane :    2.86917268878546      %
 Writing solution
 -------------------
 start propa for frequency:    100.000000000000     
 interp meanflow...
 Interpolation of 2D flow lES
 interpolation time :  0.314115000000001      s
 start vector PE propagation...
 begin x loop ...
 done.
 x loop time :   0.282934000000004      s
 resolution:    40.1545943577791      %
 compute dl  :    13.5961036849738      %
 interpolation :    18.2095471028806      %
 interpolation side :    2.46735987893577      %
 interpolation rec :    3.04346596736135      %
 interpolation plane :    2.53557366725625      %
 Writing solution
 ===================
 init propa angle :    330.000000000000     
 ** init 2D coarse mean flow 
 Interpolation of 3D lES
 added            0  in -x direction
 added            0  in +x direction
 added            0  in -y direction
 added            0  in +y direction
 interpolation time :   2.78375800000000      s
 mean flow written
 -------------------
 start propa for frequency:    50.0000000000000     
 interp meanflow...
 Interpolation of 2D flow lES
 interpolation time :  0.177923000000000      s
 start vector PE propagation...
 begin x loop ...
 done.
 x loop time :   0.167034999999998      s
 resolution:    31.4868141407189      %
 compute dl  :    11.1042595863585      %
 interpolation :    24.7361331457930      %
 interpolation side :    3.43760289769293      %
 interpolation rec :    4.03747717561105      %
 interpolation plane :    3.50585206687766      %
 Writing solution
 -------------------
 start propa for frequency:    63.0000000000000     
 interp meanflow...
 Interpolation of 2D flow lES
 interpolation time :  0.289876999999997      s
 start vector PE propagation...
 begin x loop ...
 done.
 x loop time :   0.239899999999999      s
 resolution:    33.8628595248473      %
 compute dl  :    11.7207169653576      %
 interpolation :    21.7628178407188      %
 interpolation side :    3.00458524384805      %
 interpolation rec :    3.56065027098116      %
 interpolation plane :    3.08628595248363      %
 Writing solution
 -------------------
 start propa for frequency:    80.0000000000000     
 interp meanflow...
 Interpolation of 2D flow lES
 interpolation time :  0.309378000000002      s
 start vector PE propagation...
 begin x loop ...
 done.
 x loop time :   0.327341000000004      s
 resolution:    38.4806669496941      %
 compute dl  :    13.4734115188760      %
 interpolation :    20.3124570402092      %
 interpolation side :    2.80013808237083      %
 interpolation rec :    3.34421902542259      %
 interpolation plane :    2.87528907154893      %
 Writing solution
 -------------------
 start propa for frequency:    100.000000000000     
 interp meanflow...
 Interpolation of 2D flow lES
 interpolation time :  0.507513999999993      s
 start vector PE propagation...
 begin x loop ...
 done.
 x loop time :   0.475901999999998      s
 resolution:    40.2858151468985      %
 compute dl  :    13.8314190737374      %
 interpolation :    17.4819605716947      %
 interpolation side :    2.40952969308428      %
 interpolation rec :    2.94136187706113      %
 interpolation plane :    2.45975011661399      %
 Writing solution
