 read parameters
          -1
          -1
           0
 read temperature profile from files
 ===================
 init propa angle :   0.000000000000000E+000
 ** init 2D coarse mean flow 
 Interpolation of 3D lES
 added            0  in -x direction
 added            0  in +x direction
 added            0  in -y direction
 added            0  in +y direction
 interpolation time :   3.49910800000000      s
 mean flow written
 -------------------
 start propa for frequency:    50.0000000000000     
 interp meanflow...
 Interpolation of 2D flow lES
 interpolation time :  0.155582999999999      s
 output%side set to true
 start vector PE propagation...
 begin x loop ...
 done.
 x loop time :   0.289956000000000      s
 resolution:    28.0018347611401      %
 compute dl  :    11.2134254852558      %
 interpolation :    31.0195339982553      %
 interpolation side :    18.3234697678168      %
 interpolation rec :    3.46224944474637      %
 interpolation plane :   0.000000000000000E+000 %
 Writing solution
 -------------------
 start propa for frequency:    63.0000000000000     
 interp meanflow...
 Interpolation of 2D flow lES
 interpolation time :  0.219601000000000      s
 output%side set to true
 start vector PE propagation...
 begin x loop ...
 done.
 x loop time :   0.394674999999999      s
 resolution:    30.7878634319398      %
 compute dl  :    11.0273009438142      %
 interpolation :    28.1558244124963      %
 interpolation side :    16.7332615442948      %
 interpolation rec :    3.16361563311541      %
 interpolation plane :   0.000000000000000E+000 %
 Writing solution
 -------------------
 start propa for frequency:    80.0000000000000     
 interp meanflow...
 Interpolation of 2D flow lES
 interpolation time :  0.238821000000001      s
 output%side set to true
 start vector PE propagation...
 begin x loop ...
 done.
 x loop time :   0.565350000000000      s
 resolution:    35.6179357919856      %
 compute dl  :    12.3052976032646      %
 interpolation :    26.3687980896853      %
 interpolation side :    15.5620412134012      %
 interpolation rec :    3.02414433536365      %
 interpolation plane :   0.000000000000000E+000 %
 Writing solution
 -------------------
 start propa for frequency:    100.000000000000     
 interp meanflow...
 Interpolation of 2D flow lES
 interpolation time :  0.383604000000000      s
 output%side set to true
 start vector PE propagation...
 begin x loop ...
 done.
 x loop time :   0.749789000000000      s
 resolution:    38.9732311356878      %
 compute dl  :    12.6518260470624      %
 interpolation :    21.8441454862649      %
 interpolation side :    11.9512289457468      %
 interpolation rec :    2.82946268883513      %
 interpolation plane :   0.000000000000000E+000 %
 Writing solution
 ===================
 init propa angle :    30.0000000000000     
 ** init 2D coarse mean flow 
 Interpolation of 3D lES
 added            0  in -x direction
 added            0  in +x direction
 added            0  in -y direction
 added            0  in +y direction
 interpolation time :   2.94983700000000      s
 mean flow written
 -------------------
 start propa for frequency:    50.0000000000000     
 interp meanflow...
 Interpolation of 2D flow lES
 interpolation time :  0.142596999999999      s
 start vector PE propagation...
 begin x loop ...
 done.
 x loop time :   0.205209999999999      s
 resolution:    28.1950197358954      %
 compute dl  :    11.1982846839522      %
 interpolation :    30.4751230446635      %
 interpolation side :    17.6399785585238      %
 interpolation rec :    3.49690560888125      %
 interpolation plane :   0.000000000000000E+000 %
 Writing solution
 -------------------
 start propa for frequency:    63.0000000000000     
 interp meanflow...
 Interpolation of 2D flow lES
 interpolation time :  0.157346000000000      s
 start vector PE propagation...
 begin x loop ...
 done.
 x loop time :   0.277115999999999      s
 resolution:    31.4359329666960      %
 compute dl  :    11.1920639732201      %
 interpolation :    26.5603573954437      %
 interpolation side :    14.7551927712256      %
 interpolation rec :    3.24629397076098      %
 interpolation plane :   0.000000000000000E+000 %
 Writing solution
 -------------------
 start propa for frequency:    80.0000000000000     
 interp meanflow...
 Interpolation of 2D flow lES
 interpolation time :  0.170128999999999      s
 start vector PE propagation...
 begin x loop ...
 done.
 x loop time :   0.373030000000000      s
 resolution:    35.8191030212238      %
 compute dl  :    12.5973782269807      %
 interpolation :    25.2325550223728      %
 interpolation side :    14.4299386108464      %
 interpolation rec :    3.01584322976954      %
 interpolation plane :   0.000000000000000E+000 %
 Writing solution
 -------------------
 start propa for frequency:    100.000000000000     
 interp meanflow...
 Interpolation of 2D flow lES
 interpolation time :  0.278348000000001      s
 start vector PE propagation...
 begin x loop ...
 done.
 x loop time :   0.551159999999999      s
 resolution:    37.5070759852090      %
 compute dl  :    12.8899049277991      %
 interpolation :    23.1306698599148      %
 interpolation side :    13.6314318890990      %
 interpolation rec :    2.68107264678497      %
 interpolation plane :   0.000000000000000E+000 %
 Writing solution
 ===================
 init propa angle :    60.0000000000000     
 ** init 2D coarse mean flow 
 Interpolation of 3D lES
 added            0  in -x direction
 added            0  in +x direction
 added            0  in -y direction
 added            0  in +y direction
 interpolation time :   2.54639100000000      s
 mean flow written
 -------------------
 start propa for frequency:    50.0000000000000     
 interp meanflow...
 Interpolation of 2D flow lES
 interpolation time :  6.538200000000138E-002 s
 start vector PE propagation...
 begin x loop ...
 done.
 x loop time :   0.117095000000001      s
 resolution:    28.3351125154715      %
 compute dl  :    10.9697254366298      %
 interpolation :    29.5230368503935      %
 interpolation side :    16.8803108586882      %
 interpolation rec :    3.42371578636063      %
 interpolation plane :   0.000000000000000E+000 %
 Writing solution
 -------------------
 start propa for frequency:    63.0000000000000     
 interp meanflow...
 Interpolation of 2D flow lES
 interpolation time :  9.704400000000035E-002 s
 start vector PE propagation...
 begin x loop ...
 done.
 x loop time :   0.166809000000001      s
 resolution:    30.0769143152273      %
 compute dl  :    11.2511914825131      %
 interpolation :    26.9559795934470      %
 interpolation side :    15.8258846945292      %
 interpolation rec :    3.05559052564161      %
 interpolation plane :   0.000000000000000E+000 %
 Writing solution
 -------------------
 start propa for frequency:    80.0000000000000     
 interp meanflow...
 Interpolation of 2D flow lES
 interpolation time :  0.104304999999997      s
 start vector PE propagation...
 begin x loop ...
 done.
 x loop time :   0.229251000000001      s
 resolution:    34.8386702784272      %
 compute dl  :    11.6453145242265      %
 interpolation :    25.8991236679113      %
 interpolation side :    15.2056043376164      %
 interpolation rec :    2.95353128233595      %
 interpolation plane :   0.000000000000000E+000 %
 Writing solution
 -------------------
 start propa for frequency:    100.000000000000     
 interp meanflow...
 Interpolation of 2D flow lES
 interpolation time :  0.161549999999998      s
 start vector PE propagation...
 begin x loop ...
 done.
 x loop time :   0.323271000000002      s
 resolution:    37.6278725899107      %
 compute dl  :    12.7892696839269      %
 interpolation :    22.8795654420279      %
 interpolation side :    13.3482434241988      %
 interpolation rec :    2.68041364672178      %
 interpolation plane :   0.000000000000000E+000 %
 Writing solution
 ===================
 init propa angle :    90.0000000000000     
 ** init 2D coarse mean flow 
 Interpolation of 3D lES
 added            0  in -x direction
 added            0  in +x direction
 added            0  in -y direction
 added            0  in +y direction
 interpolation time :   2.47518900000000      s
 mean flow written
 -------------------
 start propa for frequency:    50.0000000000000     
 interp meanflow...
 Interpolation of 2D flow lES
 interpolation time :  5.221399999999932E-002 s
 output%side set to true
 start vector PE propagation...
 begin x loop ...
 done.
 x loop time :   0.103283999999999      s
 resolution:    28.0188606173594      %
 compute dl  :    10.3278339335734      %
 interpolation :    27.7777777778307      %
 interpolation side :    15.3421633553843      %
 interpolation rec :    3.41001510399229      %
 interpolation plane :   0.000000000000000E+000 %
 Writing solution
 -------------------
 start propa for frequency:    63.0000000000000     
 interp meanflow...
 Interpolation of 2D flow lES
 interpolation time :  8.077399999999813E-002 s
 output%side set to true
 start vector PE propagation...
 begin x loop ...
 done.
 x loop time :   0.150670999999999      s
 resolution:    29.4867625488908      %
 compute dl  :    11.4375029036547      %
 interpolation :    26.3833119843523      %
 interpolation side :    15.4429186771141      %
 interpolation rec :    3.01849725565457      %
 interpolation plane :   0.000000000000000E+000 %
 Writing solution
 -------------------
 start propa for frequency:    80.0000000000000     
 interp meanflow...
 Interpolation of 2D flow lES
 interpolation time :  8.844899999999711E-002 s
 output%side set to true
 start vector PE propagation...
 begin x loop ...
 done.
 x loop time :   0.199062000000001      s
 resolution:    34.7409349851028      %
 compute dl  :    11.9163878591027      %
 interpolation :    25.1399061599645      %
 interpolation side :    14.7210416855137      %
 interpolation rec :    2.92320985421214      %
 interpolation plane :   0.000000000000000E+000 %
 Writing solution
 -------------------
 start propa for frequency:    100.000000000000     
 interp meanflow...
 Interpolation of 2D flow lES
 interpolation time :  0.142907000000001      s
 output%side set to true
 start vector PE propagation...
 begin x loop ...
 done.
 x loop time :   0.278627999999998      s
 resolution:    37.3218054179803      %
 compute dl  :    12.6616851142010      %
 interpolation :    22.9858449258270      %
 interpolation side :    13.5453005440924      %
 interpolation rec :    2.67776390027299      %
 interpolation plane :   0.000000000000000E+000 %
 Writing solution
 ===================
 init propa angle :    120.000000000000     
 ** init 2D coarse mean flow 
 Interpolation of 3D lES
 added            0  in -x direction
 added            0  in +x direction
 added            0  in -y direction
 added            0  in +y direction
 interpolation time :   2.53384900000000      s
 mean flow written
 -------------------
 start propa for frequency:    50.0000000000000     
 interp meanflow...
 Interpolation of 2D flow lES
 interpolation time :  5.098399999999970E-002 s
 start vector PE propagation...
 begin x loop ...
 done.
 x loop time :   0.104188999999998      s
 resolution:    27.1410609565589      %
 compute dl  :    10.7189818502587      %
 interpolation :    28.6229832324699      %
 interpolation side :    16.1437387824011      %
 interpolation rec :    3.39191277387591      %
 interpolation plane :   0.000000000000000E+000 %
 Writing solution
 -------------------
 start propa for frequency:    63.0000000000000     
 interp meanflow...
 Interpolation of 2D flow lES
 interpolation time :  7.746900000000068E-002 s
 start vector PE propagation...
 begin x loop ...
 done.
 x loop time :   0.143547999999999      s
 resolution:    30.1801488004318      %
 compute dl  :    11.3669295288315      %
 interpolation :    25.7175300247599      %
 interpolation side :    14.6410956613622      %
 interpolation rec :    3.04218797888332      %
 interpolation plane :   0.000000000000000E+000 %
 Writing solution
 -------------------
 start propa for frequency:    80.0000000000000     
 interp meanflow...
 Interpolation of 2D flow lES
 interpolation time :  8.702200000000104E-002 s
 start vector PE propagation...
 begin x loop ...
 done.
 x loop time :   0.191703999999998      s
 resolution:    34.3305304010438      %
 compute dl  :    11.9934899636082      %
 interpolation :    24.6358970078506      %
 interpolation side :    14.1165546885027      %
 interpolation rec :    2.95403330134433      %
 interpolation plane :   0.000000000000000E+000 %
 Writing solution
 -------------------
 start propa for frequency:    100.000000000000     
 interp meanflow...
 Interpolation of 2D flow lES
 interpolation time :  0.143894000000000      s
 start vector PE propagation...
 begin x loop ...
 done.
 x loop time :   0.273769000000001      s
 resolution:    37.3764012726161      %
 compute dl  :    12.3425223454783      %
 interpolation :    22.9898198846407      %
 interpolation side :    13.6016130387703      %
 interpolation rec :    2.64821802326125      %
 interpolation plane :   0.000000000000000E+000 %
 Writing solution
 ===================
 init propa angle :    150.000000000000     
 ** init 2D coarse mean flow 
 Interpolation of 3D lES
 added            0  in -x direction
 added            0  in +x direction
 added            0  in -y direction
 added            0  in +y direction
 interpolation time :   2.24574100000000      s
 mean flow written
 -------------------
 start propa for frequency:    50.0000000000000     
 interp meanflow...
 Interpolation of 2D flow lES
 interpolation time :  6.299800000000033E-002 s
 start vector PE propagation...
 begin x loop ...
 done.
 x loop time :   8.091100000000040E-002 s
 resolution:    27.5314852120694      %
 compute dl  :    10.4213271371710      %
 interpolation :    28.7587596247541      %
 interpolation side :    16.3018625403459      %
 interpolation rec :    3.39261657874175      %
 interpolation plane :   0.000000000000000E+000 %
 Writing solution
 -------------------
 start propa for frequency:    63.0000000000000     
 interp meanflow...
 Interpolation of 2D flow lES
 interpolation time :  5.201899999999782E-002 s
 start vector PE propagation...
 begin x loop ...
 done.
 x loop time :   9.532600000000002E-002 s
 resolution:    26.4565805761366      %
 compute dl  :    10.7683108490457      %
 interpolation :    23.6850387092222      %
 interpolation side :    13.7014036044735      %
 interpolation rec :    2.76734573995025      %
 interpolation plane :   0.000000000000000E+000 %
 Writing solution
 -------------------
 start propa for frequency:    80.0000000000000     
 interp meanflow...
 Interpolation of 2D flow lES
 interpolation time :  5.584100000000092E-002 s
 start vector PE propagation...
 begin x loop ...
 done.
 x loop time :   0.121702999999997      s
 resolution:    31.9342990722929      %
 compute dl  :    11.0161622967310      %
 interpolation :    23.0068280978809      %
 interpolation side :    13.1278604471278      %
 interpolation rec :    2.74192090586005      %
 interpolation plane :   0.000000000000000E+000 %
 Writing solution
 -------------------
 start propa for frequency:    100.000000000000     
 interp meanflow...
 Interpolation of 2D flow lES
 interpolation time :  8.114799999999889E-002 s
 start vector PE propagation...
 begin x loop ...
 done.
 x loop time :   0.161137000000000      s
 resolution:    36.6172883943994      %
 compute dl  :    12.2119686974696      %
 interpolation :    22.1141016649953      %
 interpolation side :    13.0044620416106      %
 interpolation rec :    2.60833948751708      %
 interpolation plane :   0.000000000000000E+000 %
 Writing solution
 ===================
 init propa angle :    180.000000000000     
 ** init 2D coarse mean flow 
 Interpolation of 3D lES
 added            0  in -x direction
 added            0  in +x direction
 added            0  in -y direction
 added            0  in +y direction
 interpolation time :   2.24077700000000      s
 mean flow written
 -------------------
 start propa for frequency:    50.0000000000000     
 interp meanflow...
 Interpolation of 2D flow lES
 interpolation time :  2.739100000000150E-002 s
 output%side set to true
 start vector PE propagation...
 begin x loop ...
 done.
 x loop time :   5.018500000000259E-002 s
 resolution:    27.9804722526068      %
 compute dl  :    10.7442462888171      %
 interpolation :    29.0923582744641      %
 interpolation side :    16.6384377802621      %
 interpolation rec :    3.37949586538124      %
 interpolation plane :   0.000000000000000E+000 %
 Writing solution
 -------------------
 start propa for frequency:    63.0000000000000     
 interp meanflow...
 Interpolation of 2D flow lES
 interpolation time :  4.374600000000228E-002 s
 output%side set to true
 start vector PE propagation...
 begin x loop ...
 done.
 x loop time :   7.871099999999842E-002 s
 resolution:    27.4764645348974      %
 compute dl  :    10.6046168895629      %
 interpolation :    24.6102831878960      %
 interpolation side :    14.3385295574211      %
 interpolation rec :    2.86109946525658      %
 interpolation plane :   0.000000000000000E+000 %
 Writing solution
 -------------------
 start propa for frequency:    80.0000000000000     
 interp meanflow...
 Interpolation of 2D flow lES
 interpolation time :  4.757100000000136E-002 s
 output%side set to true
 start vector PE propagation...
 begin x loop ...
 done.
 x loop time :   0.101275999999999      s
 resolution:    32.9614123780175      %
 compute dl  :    11.9149650460008      %
 interpolation :    23.9365693747756      %
 interpolation side :    13.7199336466387      %
 interpolation rec :    2.83285279828724      %
 interpolation plane :   0.000000000000000E+000 %
 Writing solution
 -------------------
 start propa for frequency:    100.000000000000     
 interp meanflow...
 Interpolation of 2D flow lES
 interpolation time :  7.382899999999992E-002 s
 output%side set to true
 start vector PE propagation...
 begin x loop ...
 done.
 x loop time :   0.145408000000000      s
 resolution:    35.0826639524583      %
 compute dl  :    11.8267220510706      %
 interpolation :    21.7347051056593      %
 interpolation side :    12.7922810299274      %
 interpolation rec :    2.51361685742260      %
 interpolation plane :   0.000000000000000E+000 %
 Writing solution
 ===================
 init propa angle :    210.000000000000     
 ** init 2D coarse mean flow 
 Interpolation of 3D lES
 added            0  in -x direction
 added            0  in +x direction
 added            0  in -y direction
 added            0  in +y direction
 interpolation time :   2.27963800000000      s
 mean flow written
 -------------------
 start propa for frequency:    50.0000000000000     
 interp meanflow...
 Interpolation of 2D flow lES
 interpolation time :  3.121700000000516E-002 s
 start vector PE propagation...
 begin x loop ...
 done.
 x loop time :   6.060000000000088E-002 s
 resolution:    26.7656765676866      %
 compute dl  :    10.3465346533373      %
 interpolation :    28.7161716172033      %
 interpolation side :    16.7541254124631      %
 interpolation rec :    3.26732673269023      %
 interpolation plane :   0.000000000000000E+000 %
 Writing solution
 -------------------
 start propa for frequency:    63.0000000000000     
 interp meanflow...
 Interpolation of 2D flow lES
 interpolation time :  4.979200000000361E-002 s
 start vector PE propagation...
 begin x loop ...
 done.
 x loop time :   9.323300000000501E-002 s
 resolution:    26.7458946938425      %
 compute dl  :    9.82270226214194      %
 interpolation :    23.5324402303291      %
 interpolation side :    13.6807782650746      %
 interpolation rec :    2.69217980757206      %
 interpolation plane :   0.000000000000000E+000 %
 Writing solution
 -------------------
 start propa for frequency:    80.0000000000000     
 interp meanflow...
 Interpolation of 2D flow lES
 interpolation time :  5.426299999999884E-002 s
 start vector PE propagation...
 begin x loop ...
 done.
 x loop time :   0.120789000000002      s
 resolution:    32.2711505186861      %
 compute dl  :    11.6732483919052      %
 interpolation :    23.9483727823801      %
 interpolation side :    14.2678555164461      %
 interpolation rec :    2.73452052763939      %
 interpolation plane :   0.000000000000000E+000 %
 Writing solution
 -------------------
 start propa for frequency:    100.000000000000     
 interp meanflow...
 Interpolation of 2D flow lES
 interpolation time :  8.243000000000222E-002 s
 start vector PE propagation...
 begin x loop ...
 done.
 x loop time :   0.162156000000003      s
 resolution:    36.2878956066396      %
 compute dl  :    12.1383112557928      %
 interpolation :    22.2039270823667      %
 interpolation side :    13.1546165420402      %
 interpolation rec :    2.58763166336297      %
 interpolation plane :   0.000000000000000E+000 %
 Writing solution
 ===================
 init propa angle :    240.000000000000     
 ** init 2D coarse mean flow 
 Interpolation of 3D lES
 added            0  in -x direction
 added            0  in +x direction
 added            0  in -y direction
 added            0  in +y direction
 interpolation time :   2.47344100000000      s
 mean flow written
 -------------------
 start propa for frequency:    50.0000000000000     
 interp meanflow...
 Interpolation of 2D flow lES
 interpolation time :  5.319300000000027E-002 s
 start vector PE propagation...
 begin x loop ...
 done.
 x loop time :   0.111316000000002      s
 resolution:    25.5452944770982      %
 compute dl  :    9.98598584200594      %
 interpolation :    27.7471342844428      %
 interpolation side :    16.4109382298071      %
 interpolation rec :    3.11096338360051      %
 interpolation plane :   0.000000000000000E+000 %
 Writing solution
 -------------------
 start propa for frequency:    63.0000000000000     
 interp meanflow...
 Interpolation of 2D flow lES
 interpolation time :  8.060199999999895E-002 s
 start vector PE propagation...
 begin x loop ...
 done.
 x loop time :   0.146065999999998      s
 resolution:    29.8344583955812      %
 compute dl  :    11.7364752921161      %
 interpolation :    25.9978365943864      %
 interpolation side :    15.1349390001820      %
 interpolation rec :    3.00891377869472      %
 interpolation plane :   0.000000000000000E+000 %
 Writing solution
 -------------------
 start propa for frequency:    80.0000000000000     
 interp meanflow...
 Interpolation of 2D flow lES
 interpolation time :  8.943000000000012E-002 s
 start vector PE propagation...
 begin x loop ...
 done.
 x loop time :   0.188617999999998      s
 resolution:    35.5893923167107      %
 compute dl  :    12.1605573169046      %
 interpolation :    25.4222820726920      %
 interpolation side :    14.7011419907284      %
 interpolation rec :    3.00501542807954      %
 interpolation plane :   0.000000000000000E+000 %
 Writing solution
 -------------------
 start propa for frequency:    100.000000000000     
 interp meanflow...
 Interpolation of 2D flow lES
 interpolation time :  0.140839000000000      s
 start vector PE propagation...
 begin x loop ...
 done.
 x loop time :   0.269764000000002      s
 resolution:    37.7893269672225      %
 compute dl  :    12.3567266202774      %
 interpolation :    23.1884165417470      %
 interpolation side :    13.7019765424619      %
 interpolation rec :    2.68716359487805      %
 interpolation plane :   0.000000000000000E+000 %
 Writing solution
 ===================
 init propa angle :    270.000000000000     
 ** init 2D coarse mean flow 
 Interpolation of 3D lES
 added            0  in -x direction
 added            0  in +x direction
 added            0  in -y direction
 added            0  in +y direction
 interpolation time :   2.46934300000000      s
 mean flow written
 -------------------
 start propa for frequency:    50.0000000000000     
 interp meanflow...
 Interpolation of 2D flow lES
 interpolation time :  5.306999999999817E-002 s
 output%side set to true
 start vector PE propagation...
 begin x loop ...
 done.
 x loop time :   0.111331000000000      s
 resolution:    26.1742012556814      %
 compute dl  :    9.24809801375289      %
 interpolation :    27.0176321058904      %
 interpolation side :    15.2958295531744      %
 interpolation rec :    3.20395936449151      %
 interpolation plane :   0.000000000000000E+000 %
 Writing solution
 -------------------
 start propa for frequency:    63.0000000000000     
 interp meanflow...
 Interpolation of 2D flow lES
 interpolation time :  8.000900000000399E-002 s
 output%side set to true
 start vector PE propagation...
 begin x loop ...
 done.
 x loop time :   0.146476999999997      s
 resolution:    30.1091638960047      %
 compute dl  :    11.3703857942164      %
 interpolation :    26.9632775113072      %
 interpolation side :    15.8796261527519      %
 interpolation rec :    3.05576984784808      %
 interpolation plane :   0.000000000000000E+000 %
 Writing solution
 -------------------
 start propa for frequency:    80.0000000000000     
 interp meanflow...
 Interpolation of 2D flow lES
 interpolation time :  9.042699999999826E-002 s
 output%side set to true
 start vector PE propagation...
 begin x loop ...
 done.
 x loop time :   0.197807999999995      s
 resolution:    34.5446089137191      %
 compute dl  :    11.5905322333215      %
 interpolation :    25.4615586831822      %
 interpolation side :    14.9523780637692      %
 interpolation rec :    2.92101431695984      %
 interpolation plane :   0.000000000000000E+000 %
 Writing solution
 -------------------
 start propa for frequency:    100.000000000000     
 interp meanflow...
 Interpolation of 2D flow lES
 interpolation time :  0.137188000000002      s
 output%side set to true
 start vector PE propagation...
 begin x loop ...
 done.
 x loop time :   0.285250000000005      s
 resolution:    36.6955302367370      %
 compute dl  :    11.7384750219358      %
 interpolation :    22.3831726556123      %
 interpolation side :    13.1463628396122      %
 interpolation rec :    2.61840490798801      %
 interpolation plane :   0.000000000000000E+000 %
 Writing solution
 ===================
 init propa angle :    300.000000000000     
 ** init 2D coarse mean flow 
 Interpolation of 3D lES
 added            0  in -x direction
 added            0  in +x direction
 added            0  in -y direction
 added            0  in +y direction
 interpolation time :   2.55295200000000      s
 mean flow written
 -------------------
 start propa for frequency:    50.0000000000000     
 interp meanflow...
 Interpolation of 2D flow lES
 interpolation time :  6.258899999999556E-002 s
 start vector PE propagation...
 begin x loop ...
 done.
 x loop time :   0.122993999999998      s
 resolution:    27.0476608615018      %
 compute dl  :    11.6908141859352      %
 interpolation :    28.1582841439766      %
 interpolation side :    16.0698895880463      %
 interpolation rec :    3.30910450924290      %
 interpolation plane :   0.000000000000000E+000 %
 Writing solution
 -------------------
 start propa for frequency:    63.0000000000000     
 interp meanflow...
 Interpolation of 2D flow lES
 interpolation time :  9.534500000000179E-002 s
 start vector PE propagation...
 begin x loop ...
 done.
 x loop time :   0.165540000000000      s
 resolution:    30.7261084933794      %
 compute dl  :    10.9864685272427      %
 interpolation :    27.3758608191384      %
 interpolation side :    16.0360033828702      %
 interpolation rec :    3.08807538972219      %
 interpolation plane :   0.000000000000000E+000 %
 Writing solution
 -------------------
 start propa for frequency:    80.0000000000000     
 interp meanflow...
 Interpolation of 2D flow lES
 interpolation time :  0.103568000000003      s
 start vector PE propagation...
 begin x loop ...
 done.
 x loop time :   0.224702000000001      s
 resolution:    35.0179348649559      %
 compute dl  :    11.6389707255903      %
 interpolation :    25.5493943087697      %
 interpolation side :    14.8854927860737      %
 interpolation rec :    2.95235467409189      %
 interpolation plane :   0.000000000000000E+000 %
 Writing solution
 -------------------
 start propa for frequency:    100.000000000000     
 interp meanflow...
 Interpolation of 2D flow lES
 interpolation time :  0.160801999999997      s
 start vector PE propagation...
 begin x loop ...
 done.
 x loop time :   0.319944999999997      s
 resolution:    37.4564378252615      %
 compute dl  :    12.8203284939626      %
 interpolation :    23.0952194907594      %
 interpolation side :    13.6123396209830      %
 interpolation rec :    2.68421134866225      %
 interpolation plane :   0.000000000000000E+000 %
 Writing solution
 ===================
 init propa angle :    330.000000000000     
 ** init 2D coarse mean flow 
 Interpolation of 3D lES
 added            0  in -x direction
 added            0  in +x direction
 added            0  in -y direction
 added            0  in +y direction
 interpolation time :   2.94312600000000      s
 mean flow written
 -------------------
 start propa for frequency:    50.0000000000000     
 interp meanflow...
 Interpolation of 2D flow lES
 interpolation time :  0.103119000000000      s
 start vector PE propagation...
 begin x loop ...
 done.
 x loop time :   0.203343000000004      s
 resolution:    28.5340532991719      %
 compute dl  :    11.0979969805107      %
 interpolation :    30.8606640012438      %
 interpolation side :    17.9298033372359      %
 interpolation rec :    3.55851934910398      %
 interpolation plane :   0.000000000000000E+000 %
 Writing solution
 -------------------
 start propa for frequency:    63.0000000000000     
 interp meanflow...
 Interpolation of 2D flow lES
 interpolation time :  0.161284999999999      s
 start vector PE propagation...
 begin x loop ...
 done.
 x loop time :   0.281247999999998      s
 resolution:    31.4508903173123      %
 compute dl  :    10.9511889862958      %
 interpolation :    26.6913898053299      %
 interpolation side :    14.9537063375355      %
 interpolation rec :    3.22882296051447      %
 interpolation plane :   0.000000000000000E+000 %
 Writing solution
 -------------------
 start propa for frequency:    80.0000000000000     
 interp meanflow...
 Interpolation of 2D flow lES
 interpolation time :  0.175073000000005      s
 start vector PE propagation...
 begin x loop ...
 done.
 x loop time :   0.379635000000000      s
 resolution:    35.7985960197704      %
 compute dl  :    12.4477458611292      %
 interpolation :    25.6364666060329      %
 interpolation side :    14.6453830652811      %
 interpolation rec :    3.06004451643435      %
 interpolation plane :   0.000000000000000E+000 %
 Writing solution
 -------------------
 start propa for frequency:    100.000000000000     
 interp meanflow...
 Interpolation of 2D flow lES
 interpolation time :  0.279352000000003      s
 start vector PE propagation...
 begin x loop ...
 done.
 x loop time :   0.623165000000000      s
 resolution:    35.9734580729450      %
 compute dl  :    13.8003578506405      %
 interpolation :    23.5775436682255      %
 interpolation side :    14.5223175242461      %
 interpolation rec :    2.58069692619533      %
 interpolation plane :   0.000000000000000E+000 %
 Writing solution
