HDF5-DIAG: Error detected in HDF5 (1.10.1) thread 0:
  #000: H5F.c line 586 in H5Fopen(): unable to open file
    major: File accessibilty
HDF5-DIAG: Error detected in HDF5 (1.10.1)     minor: Unable to open file
thread 0  #001: H5Fint.c line 1305 in H5F_open(): unable to lock the file
:
    major: File accessibilty
    minor: Unable to open file
  #002: H5FD.c line 1839 in H5FD_lock(): driver lock request failed
  #000: H5F.c line 586 in H5Fopen(): unable to open file
    major: Virtual File Layer
    major: File accessibilty
    minor: Can't update object
    minor: Unable to open file
  #003: H5FDsec2.c line 940 in H5FD_sec2_lock(): unable to lock file, errno = 11, error message = 'Resource temporarily unavailable'
  #001: H5Fint.c line 1305 in H5F_open(): unable to lock the file
    major: File accessibilty
    major: File accessibilty
    minor: Bad file ID accessed
    minor: Unable to open file
  #002: H5FD.c line 1839 in H5FD_lock(): driver lock request failed
    major: Virtual File Layer
    minor: Can't update object
  #003: H5FDsec2.c line 940 in H5FD_sec2_lock(): unable to lock file, errno = 11, error message = 'Resource temporarily unavailable'
    major: File accessibilty
    minor: Bad file ID accessed
HDF5-DIAG: Error detected in HDF5 (1.10.1) thread 0:
  #000: H5F.c line 586 in H5Fopen(): unable to open file
    major: File accessibilty
    minor: Unable to open file
  #001: H5Fint.c line 1305 in H5F_open(): unable to lock the file
    major: File accessibilty
    minor: Unable to open file
  #002: H5FD.c line 1839 in H5FD_lock(): driver lock request failed
    major: Virtual File Layer
    minor: Can't update object
  #003: H5FDsec2.c line 940 in H5FD_sec2_lock(): unable to lock file, errno = 11, error message = 'Resource temporarily unavailable'
    major: File accessibilty
    minor: Bad file ID accessed
HDF5-DIAG: Error detected in HDF5 (1.10.1) thread 0:
  #000: H5F.c line 586 in H5Fopen(): unable to open file
    major: File accessibilty
    minor: Unable to open file
  #001: H5Fint.c line 1305 in H5F_open(): unable to lock the file
    major: File accessibilty
    minor: Unable to open file
  #002: H5FD.c line 1839 in H5FD_lock(): driver lock request failed
    major: Virtual File Layer
    minor: Can't update object
  #003: H5FDsec2.c line 940 in H5FD_sec2_lock(): unable to lock file, errno = 11, error message = 'Resource temporarily unavailable'
    major: File accessibilty
    minor: Bad file ID accessed
HDF5-DIAG: Error detected in HDF5 (1.10.1) thread 0:
  #000: H5F.c line 586 in H5Fopen(): unable to open file
    major: File accessibilty
    minor: Unable to open file
  #001: H5Fint.c line 1305 in H5F_open(): unable to lock the file
    major: File accessibilty
    minor: Unable to open file
  #002: H5FD.c line 1839 in H5FD_lock(): driver lock request failed
    major: Virtual File Layer
    minor: Can't update object
  #003: H5FDsec2.c line 940 in H5FD_sec2_lock(): unable to lock file, errno = 11, error message = 'Resource temporarily unavailable'
    major: File accessibilty
    minor: Bad file ID accessed
HDF5-DIAG: Error detected in HDF5 (1.10.1) thread 0:
HDF5-DIAG: Error detected in HDF5 (1.10.1)   #000: H5F.c line 586 in H5Fopen(): unable to open file
thread 0    major: File accessibilty
:
    minor: Unable to open file
  #000: H5F.c line 586 in H5Fopen(): unable to open file
  #001: H5Fint.c line 1305 in H5F_open(): unable to lock the file
    major: File accessibilty
    major: File accessibilty
    minor: Unable to open file
    minor: Unable to open file
  #001: H5Fint.c line 1305 in H5F_open(): unable to lock the file
  #002: H5FD.c line 1839 in H5FD_lock(): driver lock request failed
    major: File accessibilty
    major: Virtual File Layer
    minor: Unable to open file
    minor: Can't update object
  #002: H5FD.c line 1839 in H5FD_lock(): driver lock request failed
  #003: H5FDsec2.c line 940 in H5FD_sec2_lock(): unable to lock file, errno = 11, error message = 'Resource temporarily unavailable'
    major: Virtual File Layer
    major: File accessibilty
    minor: Can't update object
    minor: Bad file ID accessed
  #003: H5FDsec2.c line 940 in H5FD_sec2_lock(): unable to lock file, errno = 11, error message = 'Resource temporarily unavailable'
    major: File accessibilty
    minor: Bad file ID accessed
HDF5-DIAG: Error detected in HDF5 (1.10.1) thread 0:
  #000: H5F.c line 586 in H5Fopen(): unable to open file
    major: File accessibilty
    minor: Unable to open file
  #001: H5Fint.c line 1305 in H5F_open(): unable to lock the file
    major: File accessibilty
    minor: Unable to open file
  #002: H5FD.c line 1839 in H5FD_lock(): driver lock request failed
    major: Virtual File Layer
HDF5-DIAG: Error detected in HDF5 (1.10.1)     minor: Can't update object
thread 0  #003: H5FDsec2.c line 940 in H5FD_sec2_lock(): unable to lock file, errno = 11, error message = 'Resource temporarily unavailable'
:
    major: File accessibilty
    minor: Bad file ID accessed
  #000: H5F.c line 586 in H5Fopen(): unable to open file
    major: File accessibilty
    minor: Unable to open file
  #001: H5Fint.c line 1305 in H5F_open(): unable to lock the file
    major: File accessibilty
    minor: Unable to open file
  #002: H5FD.c line 1839 in H5FD_lock(): driver lock request failed
    major: Virtual File Layer
    minor: Can't update object
  #003: H5FDsec2.c line 940 in H5FD_sec2_lock(): unable to lock file, errno = 11, error message = 'Resource temporarily unavailable'
    major: File accessibilty
    minor: Bad file ID accessed
HDF5-DIAG: Error detected in HDF5 (1.10.1) thread 0:
  #000: H5F.c line 586 in H5Fopen(): unable to open file
    major: File accessibilty
    minor: Unable to open file
  #001: H5Fint.c line 1305 in H5F_open(): unable to lock the file
    major: File accessibilty
    minor: Unable to open file
  #002: H5FD.c line 1839 in H5FD_lock(): driver lock request failed
    major: Virtual File Layer
    minor: Can't update object
  #003: H5FDsec2.c line 940 in H5FD_sec2_lock(): unable to lock file, errno = 11, error message = 'Resource temporarily unavailable'
    major: File accessibilty
    minor: Bad file ID accessed
HDF5-DIAG: Error detected in HDF5 (1.10.1) thread 0:
  #000: H5F.c line 586 in H5Fopen(): unable to open file
    major: File accessibilty
    minor: Unable to open file
  #001: H5Fint.c line 1305 in H5F_open(): unable to lock the file
    major: File accessibilty
    minor: Unable to open file
  #002: H5FD.c line 1839 in H5FD_lock(): driver lock request failed
    major: Virtual File Layer
    minor: Can't update object
  #003: H5FDsec2.c line 940 in H5FD_sec2_lock(): unable to lock file, errno = 11, error message = 'Resource temporarily unavailable'
    major: File accessibilty
    minor: Bad file ID accessed
HDF5-DIAG: Error detected in HDF5 (1.10.1) HDF5-DIAG: Error detected in HDF5 (1.10.1) thread 0thread 0:
:
  #000: H5F.c line 586 in H5Fopen(): unable to open file
  #000: H5F.c line 586 in H5Fopen(): unable to open file
    major: File accessibilty
    major: File accessibilty
    minor: Unable to open file
    minor: Unable to open file
  #001: H5Fint.c line 1305 in H5F_open(): unable to lock the file
  #001: H5Fint.c line 1305 in H5F_open(): unable to lock the file
    major: File accessibilty
    major: File accessibilty
    minor: Unable to open file
    minor: Unable to open file
  #002: H5FD.c line 1839 in H5FD_lock(): driver lock request failed
  #002: H5FD.c line 1839 in H5FD_lock(): driver lock request failed
    major: Virtual File Layer
    major: Virtual File Layer
    minor: Can't update object
    minor: Can't update object
  #003: H5FDsec2.c line 940 in H5FD_sec2_lock(): unable to lock file, errno = 11, error message = 'Resource temporarily unavailable'
  #003: H5FDsec2.c line 940 in H5FD_sec2_lock(): unable to lock file, errno = 11, error message = 'Resource temporarily unavailable'
    major: File accessibilty
    major: File accessibilty
    minor: Bad file ID accessed
    minor: Bad file ID accessed
HDF5-DIAG: Error detected in HDF5 (1.10.1) thread 0:
  #000: H5F.c line 586 in H5Fopen(): unable to open file
    major: File accessibilty
    minor: Unable to open file
  #001: H5Fint.c line 1305 in H5F_open(): unable to lock the file
    major: File accessibilty
    minor: Unable to open file
  #002: H5FD.c line 1839 in H5FD_lock(): driver lock request failed
    major: Virtual File Layer
    minor: Can't update object
  #003: H5FDsec2.c line 940 in H5FD_sec2_lock(): unable to lock file, errno = 11, error message = 'Resource temporarily unavailable'
    major: File accessibilty
    minor: Bad file ID accessed
HDF5-DIAG: Error detected in HDF5 (1.10.1) thread 0:
  #000: H5F.c line 586 in H5Fopen(): unable to open file
    major: File accessibilty
    minor: Unable to open file
  #001: H5Fint.c line 1305 in H5F_open(): unable to lock the file
    major: File accessibilty
    minor: Unable to open file
  #002: H5FD.c line 1839 in H5FD_lock(): driver lock request failed
    major: Virtual File Layer
    minor: Can't update object
  #003: H5FDsec2.c line 940 in H5FD_sec2_lock(): unable to lock file, errno = 11, error message = 'Resource temporarily unavailable'
    major: File accessibilty
    minor: Bad file ID accessed
HDF5-DIAG: Error detected in HDF5 (1.10.1) thread 0:
  #000: H5F.c line 586 in H5Fopen(): unable to open file
    major: File accessibilty
    minor: Unable to open file
  #001: H5Fint.c line 1305 in H5F_open(): unable to lock the file
    major: File accessibilty
    minor: Unable to open file
  #002: H5FD.c line 1839 in H5FD_lock(): driver lock request failed
    major: Virtual File Layer
    minor: Can't update object
  #003: H5FDsec2.c line 940 in H5FD_sec2_lock(): unable to lock file, errno = 11, error message = 'Resource temporarily unavailable'
    major: File accessibilty
    minor: Bad file ID accessed
HDF5-DIAG: Error detected in HDF5 (1.10.1) thread 0:
  #000: H5F.c line 586 in H5Fopen(): unable to open file
    major: File accessibilty
    minor: Unable to open file
  #001: H5Fint.c line 1305 in H5F_open(): unable to lock the file
    major: File accessibilty
    minor: Unable to open file
  #002: H5FD.c line 1839 in H5FD_lock(): driver lock request failed
    major: Virtual File Layer
    minor: Can't update object
  #003: H5FDsec2.c line 940 in H5FD_sec2_lock(): unable to lock file, errno = 11, error message = 'Resource temporarily unavailable'
    major: File accessibilty
    minor: Bad file ID accessed
HDF5-DIAG: Error detected in HDF5 (1.10.1) thread 0:
  #000: H5F.c line 586 in H5Fopen(): unable to open file
    major: File accessibilty
    minor: Unable to open file
  #001: H5Fint.c line 1305 in H5F_open(): unable to lock the file
    major: File accessibilty
    minor: Unable to open file
  #002: H5FD.c line 1839 in H5FD_lock(): driver lock request failed
    major: Virtual File Layer
    minor: Can't update object
  #003: H5FDsec2.c line 940 in H5FD_sec2_lock(): unable to lock file, errno = 11, error message = 'Resource temporarily unavailable'
    major: File accessibilty
    minor: Bad file ID accessed
HDF5-DIAG: Error detected in HDF5 (1.10.1) thread 0HDF5-DIAG: Error detected in HDF5 (1.10.1) :
thread 0:
  #000: H5F.c line 586 in H5Fopen(): unable to open file
    major: File accessibilty
  #000: H5F.c line 586 in H5Fopen(): unable to open file
    minor: Unable to open file
    major: File accessibilty
    minor: Unable to open file
  #001: H5Fint.c line 1305 in H5F_open(): unable to lock the file
  #001: H5Fint.c line 1305 in H5F_open(): unable to lock the file
    major: File accessibilty
    major: File accessibilty
    minor: Unable to open file
    minor: Unable to open file
  #002: H5FD.c line 1839 in H5FD_lock(): driver lock request failed
  #002: H5FD.c line 1839 in H5FD_lock(): driver lock request failed
    major: Virtual File Layer
    major: Virtual File Layer
    minor: Can't update object
    minor: Can't update object
  #003: H5FDsec2.c line 940 in H5FD_sec2_lock(): unable to lock file, errno = 11, error message = 'Resource temporarily unavailable'
  #003: H5FDsec2.c line 940 in H5FD_sec2_lock(): unable to lock file, errno = 11, error message = 'Resource temporarily unavailable'
    major: File accessibilty
    major: File accessibilty
    minor: Bad file ID accessed
    minor: Bad file ID accessed
HDF5-DIAG: Error detected in HDF5 (1.10.1) thread 0:
  #000: H5F.c line 586 in H5Fopen(): unable to open file
    major: File accessibilty
    minor: Unable to open file
  #001: H5Fint.c line 1305 in H5F_open(): unable to lock the file
    major: File accessibilty
    minor: Unable to open file
  #002: H5FD.c line 1839 in H5FD_lock(): driver lock request failed
    major: Virtual File Layer
    minor: Can't update object
  #003: H5FDsec2.c line 940 in H5FD_sec2_lock(): unable to lock file, errno = 11, error message = 'Resource temporarily unavailable'
    major: File accessibilty
    minor: Bad file ID accessed
HDF5-DIAG: Error detected in HDF5 (1.10.1) thread 0:
HDF5-DIAG: Error detected in HDF5 (1.10.1)   #000: H5F.c line 586 in H5Fopen(): unable to open file
thread 0    major: File accessibilty
:
    minor: Unable to open file
  #000: H5F.c line 586 in H5Fopen(): unable to open file
  #001: H5Fint.c line 1305 in H5F_open(): unable to lock the file
    major: File accessibilty
    major: File accessibilty
    minor: Unable to open file
    minor: Unable to open file
  #001: H5Fint.c line 1305 in H5F_open(): unable to lock the file
  #002: H5FD.c line 1839 in H5FD_lock(): driver lock request failed
    major: File accessibilty
    major: Virtual File Layer
    minor: Unable to open file
    minor: Can't update object
  #002: H5FD.c line 1839 in H5FD_lock(): driver lock request failed
  #003: H5FDsec2.c line 940 in H5FD_sec2_lock(): unable to lock file, errno = 11, error message = 'Resource temporarily unavailable'
    major: Virtual File Layer
    major: File accessibilty
    minor: Can't update object
    minor: Bad file ID accessed
  #003: H5FDsec2.c line 940 in H5FD_sec2_lock(): unable to lock file, errno = 11, error message = 'Resource temporarily unavailable'
    major: File accessibilty
    minor: Bad file ID accessed
HDF5-DIAG: Error detected in HDF5 (1.10.1) thread 0:
  #000: H5F.c line 586 in H5Fopen(): unable to open file
    major: File accessibilty
    minor: Unable to open file
  #001: H5Fint.c line 1305 in H5F_open(): unable to lock the file
    major: File accessibilty
    minor: Unable to open file
  #002: H5FD.c line 1839 in H5FD_lock(): driver lock request failed
    major: Virtual File Layer
    minor: Can't update object
  #003: H5FDsec2.c line 940 in H5FD_sec2_lock(): unable to lock file, errno = 11, error message = 'Resource temporarily unavailable'
    major: File accessibilty
    minor: Bad file ID accessed
HDF5-DIAG: Error detected in HDF5 (1.10.1) thread 0:
  #000: H5F.c line 586 in H5Fopen(): unable to open file
    major: File accessibilty
    minor: Unable to open file
  #001: H5Fint.c line 1305 in H5F_open(): unable to lock the file
    major: File accessibilty
    minor: Unable to open file
  #002: H5FD.c line 1839 in H5FD_lock(): driver lock request failed
    major: Virtual File Layer
    minor: Can't update object
  #003: H5FDsec2.c line 940 in H5FD_sec2_lock(): unable to lock file, errno = 11, error message = 'Resource temporarily unavailable'
    major: File accessibilty
    minor: Bad file ID accessed
HDF5-DIAG: Error detected in HDF5 (1.10.1) thread 0:
  #000: H5F.c line 586 in H5Fopen(): unable to open file
    major: File accessibilty
    minor: Unable to open file
  #001: H5Fint.c line 1305 in H5F_open(): unable to lock the file
    major: File accessibilty
    minor: Unable to open file
  #002: H5FD.c line 1839 in H5FD_lock(): driver lock request failed
    major: Virtual File Layer
    minor: Can't update object
  #003: H5FDsec2.c line 940 in H5FD_sec2_lock(): unable to lock file, errno = 11, error message = 'Resource temporarily unavailable'
    major: File accessibilty
    minor: Bad file ID accessed
HDF5-DIAG: Error detected in HDF5 (1.10.1) thread 0:
  #000: H5F.c line 586 in H5Fopen(): unable to open file
    major: File accessibilty
    minor: Unable to open file
  #001: H5Fint.c line 1305 in H5F_open(): unable to lock the file
    major: File accessibilty
    minor: Unable to open file
  #002: H5FD.c line 1839 in H5FD_lock(): driver lock request failed
    major: Virtual File Layer
    minor: Can't update object
  #003: H5FDsec2.c line 940 in H5FD_sec2_lock(): unable to lock file, errno = 11, error message = 'Resource temporarily unavailable'
    major: File accessibilty
    minor: Bad file ID accessed
HDF5-DIAG: Error detected in HDF5 (1.10.1) thread 0:
  #000: H5F.c line 586 in H5Fopen(): unable to open file
    major: File accessibilty
    minor: Unable to open file
  #001: H5Fint.c line 1305 in H5F_open(): unable to lock the file
    major: File accessibilty
    minor: Unable to open file
  #002: H5FD.c line 1839 in H5FD_lock(): driver lock request failed
    major: Virtual File Layer
    minor: Can't update object
  #003: H5FDsec2.c line 940 in H5FD_sec2_lock(): unable to lock file, errno = 11, error message = 'Resource temporarily unavailable'
    major: File accessibilty
    minor: Bad file ID accessed
HDF5-DIAG: Error detected in HDF5 (1.10.1) thread 0:
  #000: H5F.c line 586 in H5Fopen(): unable to open file
    major: File accessibilty
    minor: Unable to open file
  #001: H5Fint.c line 1305 in H5F_open(): unable to lock the file
    major: File accessibilty
    minor: Unable to open file
  #002: H5FD.c line 1839 in H5FD_lock(): driver lock request failed
    major: Virtual File Layer
    minor: Can't update object
  #003: H5FDsec2.c line 940 in H5FD_sec2_lock(): unable to lock file, errno = 11, error message = 'Resource temporarily unavailable'
    major: File accessibilty
    minor: Bad file ID accessed
HDF5-DIAG: Error detected in HDF5 (1.10.1) thread 0:
  #000: H5F.c line 586 in H5Fopen(): unable to open file
    major: File accessibilty
    minor: Unable to open file
  #001: H5Fint.c line 1305 in H5F_open(): unable to lock the file
    major: File accessibilty
    minor: Unable to open file
  #002: H5FD.c line 1839 in H5FD_lock(): driver lock request failed
    major: Virtual File Layer
    minor: Can't update object
  #003: H5FDsec2.c line 940 in H5FD_sec2_lock(): unable to lock file, errno = 11, error message = 'Resource temporarily unavailable'
    major: File accessibilty
    minor: Bad file ID accessed
