 read parameters
          -1
          -1
           0
 read temperature profile from files
 ===================
 init propa angle :   0.000000000000000E+000
 ** init 2D coarse mean flow 
 Interpolation of 3D lES
 added            0  in -x direction
 added            0  in +x direction
 added            0  in -y direction
 added            0  in +y direction
 interpolation time :   2.63072700000000      s
 mean flow written
 -------------------
 start propa for frequency:    50.0000000000000     
 interp meanflow...
 Interpolation of 2D flow lES
 interpolation time :  0.145706000000000      s
 start vector PE propagation...
 begin x loop ...
 done.
 x loop time :   0.149556000000000      s
 resolution:    28.2643290807445      %
 compute dl  :    10.5572494583944      %
 interpolation :    30.7216026103907      %
 interpolation side :    17.9564845275407      %
 interpolation rec :    3.48966273502923      %
 interpolation plane :   0.000000000000000E+000 %
 Writing solution
 -------------------
 start propa for frequency:    100.000000000000     
 interp meanflow...
 Interpolation of 2D flow lES
 interpolation time :  0.404265000000000      s
 start vector PE propagation...
 begin x loop ...
 done.
 x loop time :   0.395543000000000      s
 resolution:    37.9154731596660      %
 compute dl  :    12.5339090819450      %
 interpolation :    23.5600174949373      %
 interpolation side :    14.0010062117103      %
 interpolation rec :    2.71955261501096      %
 interpolation plane :   0.000000000000000E+000 %
 Writing solution
 -------------------
 start propa for frequency:    200.000000000000     
 interp meanflow...
 Interpolation of 2D flow lES
 interpolation time :  0.791304000000000      s
 start vector PE propagation...
 begin x loop ...
 done.
 x loop time :    1.19150000000000      s
 resolution:    49.9665967268096      %
 compute dl  :    14.5647503147340      %
 interpolation :    16.1737305916966      %
 interpolation side :    9.39353755769666      %
 interpolation rec :    2.05388166177015      %
 interpolation plane :   0.000000000000000E+000 %
 Writing solution
 ===================
 init propa angle :    20.0000000000000     
 ** init 2D coarse mean flow 
 Interpolation of 3D lES
 added            0  in -x direction
 added            0  in +x direction
 added            0  in -y direction
 added            0  in +y direction
 interpolation time :   2.74777800000000      s
 mean flow written
 -------------------
 start propa for frequency:    50.0000000000000     
 interp meanflow...
 Interpolation of 2D flow lES
 interpolation time :  0.182275000000001      s
 start vector PE propagation...
 begin x loop ...
 done.
 x loop time :   0.166938000000000      s
 resolution:    27.8468653032601      %
 compute dl  :    11.2874240736127      %
 interpolation :    30.4843714433014      %
 interpolation side :    17.7059746732531      %
 interpolation rec :    3.49950280944083      %
 interpolation plane :   0.000000000000000E+000 %
 Writing solution
 -------------------
 start propa for frequency:    100.000000000000     
 interp meanflow...
 Interpolation of 2D flow lES
 interpolation time :  0.425013000000000      s
 start vector PE propagation...
 begin x loop ...
 done.
 x loop time :   0.430620999999999      s
 resolution:    38.2345496387936      %
 compute dl  :    12.4039468581368      %
 interpolation :    22.9965561363790      %
 interpolation side :    13.0067971603851      %
 interpolation rec :    2.82568662466221      %
 interpolation plane :   0.000000000000000E+000 %
 Writing solution
 -------------------
 start propa for frequency:    200.000000000000     
 interp meanflow...
 Interpolation of 2D flow lES
 interpolation time :  0.888404999999999      s
 start vector PE propagation...
 begin x loop ...
 done.
 x loop time :    1.27558400000000      s
 resolution:    49.5055598063340      %
 compute dl  :    14.3917609502852      %
 interpolation :    16.9604667352382      %
 interpolation side :    10.1594250163063      %
 interpolation rec :    2.05576426170175      %
 interpolation plane :   0.000000000000000E+000 %
 Writing solution
 ===================
 init propa angle :    40.0000000000000     
 ** init 2D coarse mean flow 
 Interpolation of 3D lES
 added            0  in -x direction
 added            0  in +x direction
 added            0  in -y direction
 added            0  in +y direction
 interpolation time :   2.55912600000000      s
 mean flow written
 -------------------
 start propa for frequency:    50.0000000000000     
 interp meanflow...
 Interpolation of 2D flow lES
 interpolation time :  0.120928000000001      s
 start vector PE propagation...
 begin x loop ...
 done.
 x loop time :   0.124072000000002      s
 resolution:    26.5096073247410      %
 compute dl  :    11.0798568573647      %
 interpolation :    28.9364240118924      %
 interpolation side :    16.9055064800909      %
 interpolation rec :    3.28841317939983      %
 interpolation plane :   0.000000000000000E+000 %
 Writing solution
 -------------------
 start propa for frequency:    100.000000000000     
 interp meanflow...
 Interpolation of 2D flow lES
 interpolation time :  0.321687000000001      s
 start vector PE propagation...
 begin x loop ...
 done.
 x loop time :   0.320039000000001      s
 resolution:    37.6176028546424      %
 compute dl  :    12.5175369251466      %
 interpolation :    23.4533916179433      %
 interpolation side :    13.8489371608171      %
 interpolation rec :    2.72591777877540      %
 interpolation plane :   0.000000000000000E+000 %
 Writing solution
 -------------------
 start propa for frequency:    200.000000000000     
 interp meanflow...
 Interpolation of 2D flow lES
 interpolation time :  0.646125000000001      s
 start vector PE propagation...
 begin x loop ...
 done.
 x loop time :   0.927796000000001      s
 resolution:    49.7706392353573      %
 compute dl  :    14.5770190860762      %
 interpolation :    16.5426451504502      %
 interpolation side :    9.68424093227871      %
 interpolation rec :    2.06176788861953      %
 interpolation plane :   0.000000000000000E+000 %
 Writing solution
 ===================
 init propa angle :    60.0000000000000     
 ** init 2D coarse mean flow 
 Interpolation of 3D lES
 added            0  in -x direction
 added            0  in +x direction
 added            0  in -y direction
 added            0  in +y direction
 interpolation time :   2.40554100000000      s
 mean flow written
 -------------------
 start propa for frequency:    50.0000000000000     
 interp meanflow...
 Interpolation of 2D flow lES
 interpolation time :  9.850899999999996E-002 s
 start vector PE propagation...
 begin x loop ...
 done.
 x loop time :   9.438099999999849E-002 s
 resolution:    26.4777868428068      %
 compute dl  :    9.46482872613107      %
 interpolation :    32.1727890147271      %
 interpolation side :    19.7709284707586      %
 interpolation rec :    3.39369152688043      %
 interpolation plane :   0.000000000000000E+000 %
 Writing solution
 -------------------
 start propa for frequency:    100.000000000000     
 interp meanflow...
 Interpolation of 2D flow lES
 interpolation time :  0.243489999999998      s
 start vector PE propagation...
 begin x loop ...
 done.
 x loop time :   0.247222000000001      s
 resolution:    36.4292012847135      %
 compute dl  :    13.3742142690197      %
 interpolation :    22.4393460129317      %
 interpolation side :    13.1557871063565      %
 interpolation rec :    2.61829448839328      %
 interpolation plane :   0.000000000000000E+000 %
 Writing solution
 -------------------
 start propa for frequency:    200.000000000000     
 interp meanflow...
 Interpolation of 2D flow lES
 interpolation time :  0.486218999999998      s
 start vector PE propagation...
 begin x loop ...
 done.
 x loop time :   0.691158999999999      s
 resolution:    49.2157376233353      %
 compute dl  :    14.7287382498222      %
 interpolation :    16.8341872130656      %
 interpolation side :    10.0685949253646      %
 interpolation rec :    2.03600039932547      %
 interpolation plane :   0.000000000000000E+000 %
 Writing solution
 ===================
 init propa angle :    80.0000000000000     
 ** init 2D coarse mean flow 
 Interpolation of 3D lES
 added            0  in -x direction
 added            0  in +x direction
 added            0  in -y direction
 added            0  in +y direction
 interpolation time :   2.36386600000000      s
 mean flow written
 -------------------
 start propa for frequency:    50.0000000000000     
 interp meanflow...
 Interpolation of 2D flow lES
 interpolation time :  8.126200000000239E-002 s
 start vector PE propagation...
 begin x loop ...
 done.
 x loop time :   8.208799999999883E-002 s
 resolution:    26.2413507456446      %
 compute dl  :    10.5776727414716      %
 interpolation :    27.0258746710249      %
 interpolation side :    15.0752850599300      %
 interpolation rec :    3.31839002047962      %
 interpolation plane :   0.000000000000000E+000 %
 Writing solution
 -------------------
 start propa for frequency:    100.000000000000     
 interp meanflow...
 Interpolation of 2D flow lES
 interpolation time :  0.212336000000001      s
 start vector PE propagation...
 begin x loop ...
 done.
 x loop time :   0.215164999999999      s
 resolution:    36.3014430785547      %
 compute dl  :    12.0354146817771      %
 interpolation :    21.9887063416687      %
 interpolation side :    12.5996328399039      %
 interpolation rec :    2.66772012176015      %
 interpolation plane :   0.000000000000000E+000 %
 Writing solution
 -------------------
 start propa for frequency:    200.000000000000     
 interp meanflow...
 Interpolation of 2D flow lES
 interpolation time :  0.426680999999999      s
 start vector PE propagation...
 begin x loop ...
 done.
 x loop time :   0.622138000000000      s
 resolution:    49.1529210561167      %
 compute dl  :    14.4485628590345      %
 interpolation :    16.8226342065471      %
 interpolation side :    10.0461633913844      %
 interpolation rec :    2.05034895795159      %
 interpolation plane :   0.000000000000000E+000 %
 Writing solution
 ===================
 init propa angle :    90.0000000000000     
 ** init 2D coarse mean flow 
 Interpolation of 3D lES
 added            0  in -x direction
 added            0  in +x direction
 added            0  in -y direction
 added            0  in +y direction
 interpolation time :   2.35880200000000      s
 mean flow written
 -------------------
 start propa for frequency:    50.0000000000000     
 interp meanflow...
 Interpolation of 2D flow lES
 interpolation time :  7.836600000000260E-002 s
 start vector PE propagation...
 begin x loop ...
 done.
 x loop time :   8.037399999999906E-002 s
 resolution:    26.3941075472442      %
 compute dl  :    10.2396297309250      %
 interpolation :    27.7726628014247      %
 interpolation side :    15.5585139473021      %
 interpolation rec :    3.31201632365247      %
 interpolation plane :   0.000000000000000E+000 %
 Writing solution
 -------------------
 start propa for frequency:    100.000000000000     
 interp meanflow...
 Interpolation of 2D flow lES
 interpolation time :  0.206294999999997      s
 start vector PE propagation...
 begin x loop ...
 done.
 x loop time :   0.213169000000001      s
 resolution:    36.1816211550618      %
 compute dl  :    12.4581904498260      %
 interpolation :    22.2302492389141      %
 interpolation side :    12.9141666940437      %
 interpolation rec :    2.64813364047214      %
 interpolation plane :   0.000000000000000E+000 %
 Writing solution
 -------------------
 start propa for frequency:    200.000000000000     
 interp meanflow...
 Interpolation of 2D flow lES
 interpolation time :  0.422010000000000      s
 start vector PE propagation...
 begin x loop ...
 done.
 x loop time :   0.613620000000001      s
 resolution:    49.2223200025877      %
 compute dl  :    14.6810729767474      %
 interpolation :    16.8297969427193      %
 interpolation side :    10.1398259509038      %
 interpolation rec :    2.01443890356381      %
 interpolation plane :   0.000000000000000E+000 %
 Writing solution
 ===================
 init propa angle :    100.000000000000     
 ** init 2D coarse mean flow 
 Interpolation of 3D lES
 added            0  in -x direction
 added            0  in +x direction
 added            0  in -y direction
 added            0  in +y direction
 interpolation time :   2.35758600000000      s
 mean flow written
 -------------------
 start propa for frequency:    50.0000000000000     
 interp meanflow...
 Interpolation of 2D flow lES
 interpolation time :  7.892999999999972E-002 s
 start vector PE propagation...
 begin x loop ...
 done.
 x loop time :   8.316200000000151E-002 s
 resolution:    26.0082730093717      %
 compute dl  :    10.8667420217235      %
 interpolation :    27.2143527088724      %
 interpolation side :    15.4758182824133      %
 interpolation rec :    3.25028258094841      %
 interpolation plane :   0.000000000000000E+000 %
 Writing solution
 -------------------
 start propa for frequency:    100.000000000000     
 interp meanflow...
 Interpolation of 2D flow lES
 interpolation time :  0.210864999999998      s
 start vector PE propagation...
 begin x loop ...
 done.
 x loop time :   0.212522999999997      s
 resolution:    37.0962201738693      %
 compute dl  :    12.3798365353543      %
 interpolation :    22.8403513971272      %
 interpolation side :    13.2183340156297      %
 interpolation rec :    2.74182088515359      %
 interpolation plane :   0.000000000000000E+000 %
 Writing solution
 -------------------
 start propa for frequency:    200.000000000000     
 interp meanflow...
 Interpolation of 2D flow lES
 interpolation time :  0.419654000000001      s
 start vector PE propagation...
 begin x loop ...
 done.
 x loop time :   0.618574000000002      s
 resolution:    49.1490104660509      %
 compute dl  :    14.5009327906122      %
 interpolation :    16.9302298512154      %
 interpolation side :    10.1143921341642      %
 interpolation rec :    2.05666581526270      %
 interpolation plane :   0.000000000000000E+000 %
 Writing solution
 ===================
 init propa angle :    120.000000000000     
 ** init 2D coarse mean flow 
 Interpolation of 3D lES
 added            0  in -x direction
 added            0  in +x direction
 added            0  in -y direction
 added            0  in +y direction
 interpolation time :   2.42435200000001      s
 mean flow written
 -------------------
 start propa for frequency:    50.0000000000000     
 interp meanflow...
 Interpolation of 2D flow lES
 interpolation time :  0.136088999999998      s
 start vector PE propagation...
 begin x loop ...
 done.
 x loop time :   0.102891999999997      s
 resolution:    24.8989231426779      %
 compute dl  :    9.65089608517159      %
 interpolation :    30.0227422928115      %
 interpolation side :    18.6671461336603      %
 interpolation rec :    3.12852311162745      %
 interpolation plane :   0.000000000000000E+000 %
 Writing solution
 -------------------
 start propa for frequency:    100.000000000000     
 interp meanflow...
 Interpolation of 2D flow lES
 interpolation time :  0.241961000000003      s
 start vector PE propagation...
 begin x loop ...
 done.
 x loop time :   0.247982999999998      s
 resolution:    36.2916006339507      %
 compute dl  :    12.9597593382830      %
 interpolation :    23.2423190298906      %
 interpolation side :    13.8517559671702      %
 interpolation rec :    2.65744022782459      %
 interpolation plane :   0.000000000000000E+000 %
 Writing solution
 -------------------
 start propa for frequency:    200.000000000000     
 interp meanflow...
 Interpolation of 2D flow lES
 interpolation time :  0.490929999999999      s
 start vector PE propagation...
 begin x loop ...
 done.
 x loop time :   0.708590000000001      s
 resolution:    49.1111926502386      %
 compute dl  :    14.6763290478611      %
 interpolation :    16.8053458276628      %
 interpolation side :    10.0252614346573      %
 interpolation rec :    2.04688183576668      %
 interpolation plane :   0.000000000000000E+000 %
 Writing solution
 ===================
 init propa angle :    140.000000000000     
 ** init 2D coarse mean flow 
 Interpolation of 3D lES
 added            0  in -x direction
 added            0  in +x direction
 added            0  in -y direction
 added            0  in +y direction
 interpolation time :   2.55734100000000      s
 mean flow written
 -------------------
 start propa for frequency:    50.0000000000000     
 interp meanflow...
 Interpolation of 2D flow lES
 interpolation time :  0.119317000000002      s
 start vector PE propagation...
 begin x loop ...
 done.
 x loop time :   0.117577000000004      s
 resolution:    27.8744992642534      %
 compute dl  :    10.5632904397151      %
 interpolation :    30.6267382227412      %
 interpolation side :    17.7220034531586      %
 interpolation rec :    3.51684428081572      %
 interpolation plane :   0.000000000000000E+000 %
 Writing solution
 -------------------
 start propa for frequency:    100.000000000000     
 interp meanflow...
 Interpolation of 2D flow lES
 interpolation time :  0.322734000000004      s
 start vector PE propagation...
 begin x loop ...
 done.
 x loop time :   0.320139999999995      s
 resolution:    37.5851190104627      %
 compute dl  :    12.4604860373780      %
 interpolation :    23.3988255139063      %
 interpolation side :    13.7808458798803      %
 interpolation rec :    2.71599925029123      %
 interpolation plane :   0.000000000000000E+000 %
 Writing solution
 -------------------
 start propa for frequency:    200.000000000000     
 interp meanflow...
 Interpolation of 2D flow lES
 interpolation time :  0.646442000000000      s
 start vector PE propagation...
 begin x loop ...
 done.
 x loop time :   0.920120999999995      s
 resolution:    49.9035452945394      %
 compute dl  :    14.5206989080672      %
 interpolation :    16.4732681897339      %
 interpolation side :    9.68220484047011      %
 interpolation rec :    2.04320953436178      %
 interpolation plane :   0.000000000000000E+000 %
 Writing solution
 ===================
 init propa angle :    160.000000000000     
 ** init 2D coarse mean flow 
 Interpolation of 3D lES
 added            0  in -x direction
 added            0  in +x direction
 added            0  in -y direction
 added            0  in +y direction
 interpolation time :   2.74271300000000      s
 mean flow written
 -------------------
 start propa for frequency:    50.0000000000000     
 interp meanflow...
 Interpolation of 2D flow lES
 interpolation time :  0.155754999999999      s
 start vector PE propagation...
 begin x loop ...
 done.
 x loop time :   0.165973000000001      s
 resolution:    28.3124363601811      %
 compute dl  :    10.6728202781242      %
 interpolation :    31.1906153411708      %
 interpolation side :    18.1668102642650      %
 interpolation rec :    3.60359817561877      %
 interpolation plane :   0.000000000000000E+000 %
 Writing solution
 -------------------
 start propa for frequency:    100.000000000000     
 interp meanflow...
 Interpolation of 2D flow lES
 interpolation time :  0.410636000000004      s
 start vector PE propagation...
 begin x loop ...
 done.
 x loop time :   0.434076000000005      s
 resolution:    37.5134769026151      %
 compute dl  :    12.7747214773241      %
 interpolation :    23.5412692708369      %
 interpolation side :    13.8505699462094      %
 interpolation rec :    2.72809369789938      %
 interpolation plane :   0.000000000000000E+000 %
 Writing solution
 -------------------
 start propa for frequency:    200.000000000000     
 interp meanflow...
 Interpolation of 2D flow lES
 interpolation time :  0.854174999999998      s
 start vector PE propagation...
 begin x loop ...
 done.
 x loop time :    1.26141400000000      s
 resolution:    49.3016567122181      %
 compute dl  :    14.7199095617653      %
 interpolation :    16.8923129123151      %
 interpolation side :    10.1286334225009      %
 interpolation rec :    2.02915141262109      %
 interpolation plane :   0.000000000000000E+000 %
 Writing solution
 ===================
 init propa angle :    180.000000000000     
 ** init 2D coarse mean flow 
 Interpolation of 3D lES
 added            0  in -x direction
 added            0  in +x direction
 added            0  in -y direction
 added            0  in +y direction
 interpolation time :   2.66971100000001      s
 mean flow written
 -------------------
 start propa for frequency:    50.0000000000000     
 interp meanflow...
 Interpolation of 2D flow lES
 interpolation time :  0.177139999999994      s
 start vector PE propagation...
 begin x loop ...
 done.
 x loop time :   0.153599000000000      s
 resolution:    27.3263497809685      %
 compute dl  :    10.9024147291593      %
 interpolation :    29.7853501651038      %
 interpolation side :    17.3796704405837      %
 interpolation rec :    3.42450146158869      %
 interpolation plane :   0.000000000000000E+000 %
 Writing solution
 -------------------
 start propa for frequency:    100.000000000000     
 interp meanflow...
 Interpolation of 2D flow lES
 interpolation time :  0.399488000000005      s
 start vector PE propagation...
 begin x loop ...
 done.
 x loop time :   0.399713999999996      s
 resolution:    38.2428436331765      %
 compute dl  :    13.0600879628204      %
 interpolation :    22.2223890081315      %
 interpolation side :    12.4051196605753      %
 interpolation rec :    2.78324001665097      %
 interpolation plane :   0.000000000000000E+000 %
 Writing solution
 -------------------
 start propa for frequency:    200.000000000000     
 interp meanflow...
 Interpolation of 2D flow lES
 interpolation time :  0.798665000000000      s
 start vector PE propagation...
 begin x loop ...
 done.
 x loop time :    1.16832200000000      s
 resolution:    49.4865285426359      %
 compute dl  :    14.7293297566647      %
 interpolation :    16.7464962570141      %
 interpolation side :    9.94931191914237      %
 interpolation rec :    2.05320108668757      %
 interpolation plane :   0.000000000000000E+000 %
 Writing solution
 ===================
 init propa angle :    200.000000000000     
 ** init 2D coarse mean flow 
 Interpolation of 3D lES
 added            0  in -x direction
 added            0  in +x direction
 added            0  in -y direction
 added            0  in +y direction
 interpolation time :   2.74650200000000      s
 mean flow written
 -------------------
 start propa for frequency:    50.0000000000000     
 interp meanflow...
 Interpolation of 2D flow lES
 interpolation time :  0.154895000000003      s
 start vector PE propagation...
 begin x loop ...
 done.
 x loop time :   0.161225000000002      s
 resolution:    28.1352147620002      %
 compute dl  :    10.5541944487196      %
 interpolation :    31.0708636998430      %
 interpolation side :    18.0021708793379      %
 interpolation rec :    3.57326717340323      %
 interpolation plane :   0.000000000000000E+000 %
 Writing solution
 -------------------
 start propa for frequency:    100.000000000000     
 interp meanflow...
 Interpolation of 2D flow lES
 interpolation time :  0.415456999999996      s
 start vector PE propagation...
 begin x loop ...
 done.
 x loop time :   0.424022999999998      s
 resolution:    37.3371255805178      %
 compute dl  :    12.9042528353759      %
 interpolation :    23.5741929093695      %
 interpolation side :    13.9386306874998      %
 interpolation rec :    2.74136072804468      %
 interpolation plane :   0.000000000000000E+000 %
 Writing solution
 -------------------
 start propa for frequency:    200.000000000000     
 interp meanflow...
 Interpolation of 2D flow lES
 interpolation time :  0.859192999999998      s
 start vector PE propagation...
 begin x loop ...
 done.
 x loop time :    1.23650700000000      s
 resolution:    49.2443633557852      %
 compute dl  :    14.7284245054673      %
 interpolation :    16.9100538856537      %
 interpolation side :    10.1501245039545      %
 interpolation rec :    2.02683850557123      %
 interpolation plane :   0.000000000000000E+000 %
 Writing solution
 ===================
 init propa angle :    220.000000000000     
 ** init 2D coarse mean flow 
 Interpolation of 3D lES
 added            0  in -x direction
 added            0  in +x direction
 added            0  in -y direction
 added            0  in +y direction
 interpolation time :   2.91614700000000      s
 mean flow written
 -------------------
 start propa for frequency:    50.0000000000000     
 interp meanflow...
 Interpolation of 2D flow lES
 interpolation time :  0.235837000000004      s
 start vector PE propagation...
 begin x loop ...
 done.
 x loop time :   0.197880999999995      s
 resolution:    28.4307235159204      %
 compute dl  :    10.9692188739888      %
 interpolation :    30.3647141464023      %
 interpolation side :    17.0925960552187      %
 interpolation rec :    3.65573248594287      %
 interpolation plane :   0.000000000000000E+000 %
 Writing solution
 -------------------
 start propa for frequency:    100.000000000000     
 interp meanflow...
 Interpolation of 2D flow lES
 interpolation time :  0.521338000000000      s
 start vector PE propagation...
 begin x loop ...
 done.
 x loop time :   0.520111999999997      s
 resolution:    37.6317024026125      %
 compute dl  :    12.8024348601400      %
 interpolation :    23.2976743470331      %
 interpolation side :    13.6732088472576      %
 interpolation rec :    2.73210385471397      %
 interpolation plane :   0.000000000000000E+000 %
 Writing solution
 -------------------
 start propa for frequency:    200.000000000000     
 interp meanflow...
 Interpolation of 2D flow lES
 interpolation time :   1.05001500000000      s
 start vector PE propagation...
 begin x loop ...
 done.
 x loop time :    1.52897400000001      s
 resolution:    49.6525120767185      %
 compute dl  :    14.8139863725830      %
 interpolation :    16.3374262741095      %
 interpolation side :    9.54914864481959      %
 interpolation rec :    2.05654249190490      %
 interpolation plane :   0.000000000000000E+000 %
 Writing solution
 ===================
 init propa angle :    240.000000000000     
 ** init 2D coarse mean flow 
 Interpolation of 3D lES
 added            0  in -x direction
 added            0  in +x direction
 added            0  in -y direction
 added            0  in +y direction
 interpolation time :   2.68084000000000      s
 mean flow written
 -------------------
 start propa for frequency:    50.0000000000000     
 interp meanflow...
 Interpolation of 2D flow lES
 interpolation time :  0.149511000000004      s
 start vector PE propagation...
 begin x loop ...
 done.
 x loop time :   0.143193999999994      s
 resolution:    27.9529868570484      %
 compute dl  :    10.7183261866654      %
 interpolation :    30.7128790312606      %
 interpolation side :    17.7144293756560      %
 interpolation rec :    3.75225218958989      %
 interpolation plane :   0.000000000000000E+000 %
 Writing solution
 -------------------
 start propa for frequency:    100.000000000000     
 interp meanflow...
 Interpolation of 2D flow lES
 interpolation time :  0.373569000000003      s
 start vector PE propagation...
 begin x loop ...
 done.
 x loop time :   0.373792000000009      s
 resolution:    39.0444418285672      %
 compute dl  :    12.3212909852978      %
 interpolation :    21.8378135434580      %
 interpolation side :    11.7723225749851      %
 interpolation rec :    2.83606925758869      %
 interpolation plane :   0.000000000000000E+000 %
 Writing solution
 -------------------
 start propa for frequency:    200.000000000000     
 interp meanflow...
 Interpolation of 2D flow lES
 interpolation time :  0.771550000000005      s
 start vector PE propagation...
 begin x loop ...
 done.
 x loop time :    1.11824400000000      s
 resolution:    50.3399973530569      %
 compute dl  :    14.2933921398968      %
 interpolation :    15.5850601478821      %
 interpolation side :    8.68102131553877      %
 interpolation rec :    2.07700644937784      %
 interpolation plane :   0.000000000000000E+000 %
 Writing solution
 ===================
 init propa angle :    260.000000000000     
 ** init 2D coarse mean flow 
 Interpolation of 3D lES
 added            0  in -x direction
 added            0  in +x direction
 added            0  in -y direction
 added            0  in +y direction
 interpolation time :   2.58147300000000      s
 mean flow written
 -------------------
 start propa for frequency:    50.0000000000000     
 interp meanflow...
 Interpolation of 2D flow lES
 interpolation time :  0.125156000000004      s
 start vector PE propagation...
 begin x loop ...
 done.
 x loop time :   0.131266000000011      s
 resolution:    27.5189310254649      %
 compute dl  :    10.5472856644529      %
 interpolation :    30.7863422362019      %
 interpolation side :    17.9581917632767      %
 interpolation rec :    3.49976383815915      %
 interpolation plane :   0.000000000000000E+000 %
 Writing solution
 -------------------
 start propa for frequency:    100.000000000000     
 interp meanflow...
 Interpolation of 2D flow lES
 interpolation time :  0.335348999999994      s
 start vector PE propagation...
 begin x loop ...
 done.
 x loop time :   0.331068999999999      s
 resolution:    38.7740924097113      %
 compute dl  :    12.3403278471404      %
 interpolation :    22.0386082661314      %
 interpolation side :    12.0271000908136      %
 interpolation rec :    2.84985909273055      %
 interpolation plane :   0.000000000000000E+000 %
 Writing solution
 -------------------
 start propa for frequency:    200.000000000000     
 interp meanflow...
 Interpolation of 2D flow lES
 interpolation time :  0.685398999999990      s
 start vector PE propagation...
 begin x loop ...
 done.
 x loop time :    1.00545000000000      s
 resolution:    49.9318713014535      %
 compute dl  :    14.2004077775082      %
 interpolation :    16.8116763637776      %
 interpolation side :    9.93893281622672      %
 interpolation rec :    2.07359888608348      %
 interpolation plane :   0.000000000000000E+000 %
 Writing solution
 ===================
 init propa angle :    270.000000000000     
 ** init 2D coarse mean flow 
 Interpolation of 3D lES
 added            0  in -x direction
 added            0  in +x direction
 added            0  in -y direction
 added            0  in +y direction
 interpolation time :   2.60182000000000      s
 mean flow written
 -------------------
 start propa for frequency:    50.0000000000000     
 interp meanflow...
 Interpolation of 2D flow lES
 interpolation time :  0.126240000000010      s
 start vector PE propagation...
 begin x loop ...
 done.
 x loop time :   0.127231999999992      s
 resolution:    27.2533639335754      %
 compute dl  :    10.5405872735794      %
 interpolation :    30.6149396376907      %
 interpolation side :    18.0536343060378      %
 interpolation rec :    3.45903546294553      %
 interpolation plane :   0.000000000000000E+000 %
 Writing solution
 -------------------
 start propa for frequency:    100.000000000000     
 interp meanflow...
 Interpolation of 2D flow lES
 interpolation time :  0.344834000000006      s
 start vector PE propagation...
 begin x loop ...
 done.
 x loop time :   0.326091000000005      s
 resolution:    38.4337500882676      %
 compute dl  :    12.7332554407610      %
 interpolation :    22.3207632225119      %
 interpolation side :    12.4698320407520      %
 interpolation rec :    2.80535188022368      %
 interpolation plane :   0.000000000000000E+000 %
 Writing solution
 -------------------
 start propa for frequency:    200.000000000000     
 interp meanflow...
 Interpolation of 2D flow lES
 interpolation time :  0.695790000000002      s
 start vector PE propagation...
 begin x loop ...
 done.
 x loop time :   0.959714000000005      s
 resolution:    49.8545399983264      %
 compute dl  :    14.5551695609530      %
 interpolation :    16.4663639375804      %
 interpolation side :    9.66392070978745      %
 interpolation rec :    2.06874131251106      %
 interpolation plane :   0.000000000000000E+000 %
 Writing solution
