 read parameters
          -1
          -1
          -1
          -1
          -1
          -1
          -1
          -1
          -1
          -1
           0
 read temperature profile from files
 ===================
 init propa angle :   0.000000000000000E+000
 ** init 2D coarse mean flow 
 Interpolation of 3D lES
 added            0  in -x direction
 added            0  in +x direction
 added            0  in -y direction
 added            0  in +y direction
 interpolation time :   3.03814700000000      s
 mean flow written
 -------------------
 start propa for frequency:    50.0000000000000     
 interp meanflow...
 Interpolation of 2D flow lES
 interpolation time :  0.217723000000000      s
 start vector PE propagation...
 begin x loop ...
 done.
 x loop time :   0.202501000000001      s
 resolution:    28.4576372462393      %
 compute dl  :    10.6957496506214      %
 interpolation :    30.5139233880446      %
 interpolation side :    17.6488017343174      %
 interpolation rec :    3.52047644207625      %
 interpolation plane :   0.000000000000000E+000 %
 Writing solution
 -------------------
 start propa for frequency:    100.000000000000     
 interp meanflow...
 Interpolation of 2D flow lES
 interpolation time :  0.522527000000000      s
 start vector PE propagation...
 begin x loop ...
 done.
 x loop time :   0.534279000000000      s
 resolution:    38.1055590805558      %
 compute dl  :    12.1067831601114      %
 interpolation :    23.6254840635811      %
 interpolation side :    13.8294786057532      %
 interpolation rec :    2.77476749039179      %
 interpolation plane :   0.000000000000000E+000 %
 Writing solution
 -------------------
 start propa for frequency:    200.000000000000     
 interp meanflow...
 Interpolation of 2D flow lES
 interpolation time :   1.09568100000000      s
 start vector PE propagation...
 begin x loop ...
 done.
 x loop time :    1.60579200000000      s
 resolution:    49.7639793945916      %
 compute dl  :    14.1797318706326      %
 interpolation :    16.7455062673126      %
 interpolation side :    9.95178703095364      %
 interpolation rec :    2.05487385663504      %
 interpolation plane :   0.000000000000000E+000 %
 Writing solution
 ===================
 init propa angle :    20.0000000000000     
 ** init 2D coarse mean flow 
 Interpolation of 3D lES
 added            0  in -x direction
 added            0  in +x direction
 added            0  in -y direction
 added            0  in +y direction
 interpolation time :   3.04999000000000      s
 mean flow written
 -------------------
 start propa for frequency:    50.0000000000000     
 interp meanflow...
 Interpolation of 2D flow lES
 interpolation time :  0.254390000000001      s
 start vector PE propagation...
 begin x loop ...
 done.
 x loop time :   0.217257000000000      s
 resolution:    28.7990720666896      %
 compute dl  :    10.4512167616931      %
 interpolation :    30.9140787178494      %
 interpolation side :    17.7324551107797      %
 interpolation rec :    3.60448685198345      %
 interpolation plane :   0.000000000000000E+000 %
 Writing solution
 -------------------
 start propa for frequency:    100.000000000000     
 interp meanflow...
 Interpolation of 2D flow lES
 interpolation time :  0.567653000000000      s
 start vector PE propagation...
 begin x loop ...
 done.
 x loop time :   0.573967000000000      s
 resolution:    38.0591567110923      %
 compute dl  :    11.8597410652442      %
 interpolation :    23.6109393048777      %
 interpolation side :    13.8443499364936      %
 interpolation rec :    2.77733737305575      %
 interpolation plane :   0.000000000000000E+000 %
 Writing solution
 -------------------
 start propa for frequency:    200.000000000000     
 interp meanflow...
 Interpolation of 2D flow lES
 interpolation time :   1.14257100000000      s
 start vector PE propagation...
 begin x loop ...
 done.
 x loop time :    1.65169900000000      s
 resolution:    50.2337290269025      %
 compute dl  :    14.4884146566629      %
 interpolation :    15.4892628741656      %
 interpolation side :    8.62699559666009      %
 interpolation rec :    2.06472244640506      %
 interpolation plane :   0.000000000000000E+000 %
 Writing solution
 ===================
 init propa angle :    40.0000000000000     
 ** init 2D coarse mean flow 
 Interpolation of 3D lES
 added            0  in -x direction
 added            0  in +x direction
 added            0  in -y direction
 added            0  in +y direction
 interpolation time :   2.91990000000000      s
 mean flow written
 -------------------
 start propa for frequency:    50.0000000000000     
 interp meanflow...
 Interpolation of 2D flow lES
 interpolation time :  0.215147000000002      s
 start vector PE propagation...
 begin x loop ...
 done.
 x loop time :   0.185900999999998      s
 resolution:    28.6657952352690      %
 compute dl  :    11.2898800974633      %
 interpolation :    30.2940812581918      %
 interpolation side :    17.0612315157914      %
 interpolation rec :    3.74930742717986      %
 interpolation plane :   0.000000000000000E+000 %
 Writing solution
 -------------------
 start propa for frequency:    100.000000000000     
 interp meanflow...
 Interpolation of 2D flow lES
 interpolation time :  0.505044999999999      s
 start vector PE propagation...
 begin x loop ...
 done.
 x loop time :   0.527500000000000      s
 resolution:    37.6583886255908      %
 compute dl  :    12.8036018957555      %
 interpolation :    23.1093838862671      %
 interpolation side :    13.4813270142547      %
 interpolation rec :    2.70161137438566      %
 interpolation plane :   0.000000000000000E+000 %
 Writing solution
 -------------------
 start propa for frequency:    200.000000000000     
 interp meanflow...
 Interpolation of 2D flow lES
 interpolation time :   1.05313200000000      s
 start vector PE propagation...
 begin x loop ...
 done.
 x loop time :    1.51439300000000      s
 resolution:    49.6233144236703      %
 compute dl  :    14.7708685922363      %
 interpolation :    16.3601522194003      %
 interpolation side :    9.59632010977811      %
 interpolation rec :    2.03784618655521      %
 interpolation plane :   0.000000000000000E+000 %
 Writing solution
 ===================
 init propa angle :    60.0000000000000     
 ** init 2D coarse mean flow 
 Interpolation of 3D lES
 added            0  in -x direction
 added            0  in +x direction
 added            0  in -y direction
 added            0  in +y direction
 interpolation time :   2.68621200000000      s
 mean flow written
 -------------------
 start propa for frequency:    50.0000000000000     
 interp meanflow...
 Interpolation of 2D flow lES
 interpolation time :  0.148430999999999      s
 start vector PE propagation...
 begin x loop ...
 done.
 x loop time :   0.141060000000003      s
 resolution:    28.1461789308999      %
 compute dl  :    10.4317311781782      %
 interpolation :    31.0995321139889      %
 interpolation side :    18.3453849426040      %
 interpolation rec :    3.50914504473796      %
 interpolation plane :   0.000000000000000E+000 %
 Writing solution
 -------------------
 start propa for frequency:    100.000000000000     
 interp meanflow...
 Interpolation of 2D flow lES
 interpolation time :  0.375278000000002      s
 start vector PE propagation...
 begin x loop ...
 done.
 x loop time :   0.375518000000003      s
 resolution:    38.8700408502374      %
 compute dl  :    12.3807647037272      %
 interpolation :    21.9888261015295      %
 interpolation side :    11.9376434684923      %
 interpolation rec :    2.84913106698565      %
 interpolation plane :   0.000000000000000E+000 %
 Writing solution
 -------------------
 start propa for frequency:    200.000000000000     
 interp meanflow...
 Interpolation of 2D flow lES
 interpolation time :  0.766593999999998      s
 start vector PE propagation...
 begin x loop ...
 done.
 x loop time :    1.13428000000000      s
 resolution:    50.2490566703003      %
 compute dl  :    14.2785731918176      %
 interpolation :    15.6971823535697      %
 interpolation side :    8.80205945622146      %
 interpolation rec :    2.06809606094937      %
 interpolation plane :   0.000000000000000E+000 %
 Writing solution
 ===================
 init propa angle :    80.0000000000000     
 ** init 2D coarse mean flow 
 Interpolation of 3D lES
 added            0  in -x direction
 added            0  in +x direction
 added            0  in -y direction
 added            0  in +y direction
 interpolation time :   2.60641000000000      s
 mean flow written
 -------------------
 start propa for frequency:    50.0000000000000     
 interp meanflow...
 Interpolation of 2D flow lES
 interpolation time :  0.122358999999996      s
 start vector PE propagation...
 begin x loop ...
 done.
 x loop time :   0.131070000000001      s
 resolution:    26.8635080490899      %
 compute dl  :    10.1731898983976      %
 interpolation :    29.2179751276984      %
 interpolation side :    17.0771343556426      %
 interpolation rec :    3.31807431147281      %
 interpolation plane :   0.000000000000000E+000 %
 Writing solution
 -------------------
 start propa for frequency:    100.000000000000     
 interp meanflow...
 Interpolation of 2D flow lES
 interpolation time :  0.332504000000000      s
 start vector PE propagation...
 begin x loop ...
 done.
 x loop time :   0.342792000000003      s
 resolution:    38.5023571145424      %
 compute dl  :    12.2257812318472      %
 interpolation :    22.3333683399744      %
 interpolation side :    12.6505286005111      %
 interpolation rec :    2.73606151838494      %
 interpolation plane :   0.000000000000000E+000 %
 Writing solution
 -------------------
 start propa for frequency:    200.000000000000     
 interp meanflow...
 Interpolation of 2D flow lES
 interpolation time :  0.684806999999999      s
 start vector PE propagation...
 begin x loop ...
 done.
 x loop time :   0.983653000000004      s
 resolution:    49.6873389295473      %
 compute dl  :    14.1056856432311      %
 interpolation :    16.8724133408737      %
 interpolation side :    10.0302647376588      %
 interpolation rec :    2.05621291250280      %
 interpolation plane :   0.000000000000000E+000 %
 Writing solution
 ===================
 init propa angle :    90.0000000000000     
 ** init 2D coarse mean flow 
 Interpolation of 3D lES
 added            0  in -x direction
 added            0  in +x direction
 added            0  in -y direction
 added            0  in +y direction
 interpolation time :   2.58672200000000      s
 mean flow written
 -------------------
 start propa for frequency:    50.0000000000000     
 interp meanflow...
 Interpolation of 2D flow lES
 interpolation time :  0.122657000000004      s
 output%side set to true
 start vector PE propagation...
 begin x loop ...
 done.
 x loop time :   0.122195000000005      s
 resolution:    28.2736609518189      %
 compute dl  :    10.1616269079149      %
 interpolation :    30.3187528132173      %
 interpolation side :    17.5244486272750      %
 interpolation rec :    3.46986374249171      %
 interpolation plane :   0.000000000000000E+000 %
 Writing solution
 -------------------
 start propa for frequency:    100.000000000000     
 interp meanflow...
 Interpolation of 2D flow lES
 interpolation time :  0.329915999999997      s
 output%side set to true
 start vector PE propagation...
 begin x loop ...
 done.
 x loop time :   0.337989000000000      s
 resolution:    38.4695951643547      %
 compute dl  :    12.7865108036518      %
 interpolation :    22.1545671604845      %
 interpolation side :    12.3758465512927      %
 interpolation rec :    2.77050436554079      %
 interpolation plane :   0.000000000000000E+000 %
 Writing solution
 -------------------
 start propa for frequency:    200.000000000000     
 interp meanflow...
 Interpolation of 2D flow lES
 interpolation time :  0.672868999999999      s
 output%side set to true
 start vector PE propagation...
 begin x loop ...
 done.
 x loop time :   0.970446000000003      s
 resolution:    49.6187320056848      %
 compute dl  :    14.5273410369915      %
 interpolation :    16.4446038213625      %
 interpolation side :    9.67173856140558      %
 interpolation rec :    2.03535281713015      %
 interpolation plane :   0.000000000000000E+000 %
 Writing solution
 ===================
 init propa angle :    100.000000000000     
 ** init 2D coarse mean flow 
 Interpolation of 3D lES
 added            0  in -x direction
 added            0  in +x direction
 added            0  in -y direction
 added            0  in +y direction
 interpolation time :   2.59847700000000      s
 mean flow written
 -------------------
 start propa for frequency:    50.0000000000000     
 interp meanflow...
 Interpolation of 2D flow lES
 interpolation time :  0.128428000000000      s
 start vector PE propagation...
 begin x loop ...
 done.
 x loop time :   0.130797000000001      s
 resolution:    28.0014067602409      %
 compute dl  :    10.5063571793160      %
 interpolation :    30.5068159053933      %
 interpolation side :    17.8589723005546      %
 interpolation rec :    3.45650129593690      %
 interpolation plane :   0.000000000000000E+000 %
 Writing solution
 -------------------
 start propa for frequency:    100.000000000000     
 interp meanflow...
 Interpolation of 2D flow lES
 interpolation time :  0.331074999999998      s
 start vector PE propagation...
 begin x loop ...
 done.
 x loop time :   0.334868000000000      s
 resolution:    38.4426102225437      %
 compute dl  :    12.3714418816206      %
 interpolation :    22.2341340467699      %
 interpolation side :    12.3989153934853      %
 interpolation rec :    2.78497796148071      %
 interpolation plane :   0.000000000000000E+000 %
 Writing solution
 -------------------
 start propa for frequency:    200.000000000000     
 interp meanflow...
 Interpolation of 2D flow lES
 interpolation time :  0.698607000000003      s
 start vector PE propagation...
 begin x loop ...
 done.
 x loop time :   0.993949000000001      s
 resolution:    49.7556715686748      %
 compute dl  :    14.1446895162630      %
 interpolation :    16.7868773951368      %
 interpolation side :    9.97616577908189      %
 interpolation rec :    2.04930031625653      %
 interpolation plane :   0.000000000000000E+000 %
 Writing solution
 ===================
 init propa angle :    120.000000000000     
 ** init 2D coarse mean flow 
 Interpolation of 3D lES
 added            0  in -x direction
 added            0  in +x direction
 added            0  in -y direction
 added            0  in +y direction
