 read parameters
           0
 read temperature profile from files
 ===================
 init propa angle :   0.000000000000000E+000
 ** init 2D coarse mean flow 
 Interpolation of 3D lES
 added            0  in -x direction
 added            0  in +x direction
 added            0  in -y direction
 added            0  in +y direction
 interpolation time :   3.45489900000000      s
 mean flow written
 -------------------
 start propa for frequency:    50.0000000000000     
 interp meanflow...
 Interpolation of 2D flow lES
 interpolation time :  0.281134000000000      s
 output%side set to true
 start vector PE propagation...
 begin x loop ...
 done.
 x loop time :   0.278397000000000      s
 resolution:    28.1899589435090      %
 compute dl  :    11.3521338232823      %
 interpolation :    30.6810059016288      %
 interpolation side :    18.1201665247794      %
 interpolation rec :    3.42137307513866      %
 interpolation plane :   0.000000000000000E+000 %
 Writing solution
 -------------------
 start propa for frequency:    63.0000000000000     
 interp meanflow...
 Interpolation of 2D flow lES
 interpolation time :  0.421467000000001      s
 output%side set to true
 start vector PE propagation...
 begin x loop ...
 done.
 x loop time :   0.388942000000000      s
 resolution:    30.7737400434968      %
 compute dl  :    11.0281224449884      %
 interpolation :    28.2234883350131      %
 interpolation side :    16.7852790390351      %
 interpolation rec :    3.16653896981435      %
 interpolation plane :   0.000000000000000E+000 %
 Writing solution
 -------------------
 start propa for frequency:    80.0000000000000     
 interp meanflow...
 Interpolation of 2D flow lES
 interpolation time :  0.461696000000000      s
 output%side set to true
 start vector PE propagation...
 begin x loop ...
 done.
 x loop time :   0.526562999999999      s
 resolution:    35.4757170556973      %
 compute dl  :    11.8018166867011      %
 interpolation :    26.9084610958293      %
 interpolation side :    16.1127918216735      %
 interpolation rec :    3.03686358516943      %
 interpolation plane :   0.000000000000000E+000 %
 Writing solution
 -------------------
 start propa for frequency:    100.000000000000     
 interp meanflow...
 Interpolation of 2D flow lES
 interpolation time :  0.779344000000000      s
 output%side set to true
 start vector PE propagation...
 begin x loop ...
 done.
 x loop time :   0.759137000000001      s
 resolution:    39.1378631261656      %
 compute dl  :    12.5979895592025      %
 interpolation :    21.7499608107506      %
 interpolation side :    11.9410593871759      %
 interpolation rec :    2.78526800828455      %
 interpolation plane :   0.000000000000000E+000 %
 Writing solution
 ===================
 init propa angle :    30.0000000000000     
 ** init 2D coarse mean flow 
 Interpolation of 3D lES
 added            0  in -x direction
 added            0  in +x direction
 added            0  in -y direction
 added            0  in +y direction
 interpolation time :   2.92876400000000      s
 mean flow written
 -------------------
 start propa for frequency:    50.0000000000000     
 interp meanflow...
 Interpolation of 2D flow lES
 interpolation time :  0.201934000000000      s
 start vector PE propagation...
 begin x loop ...
 done.
 x loop time :   0.182293000000000      s
 resolution:    31.0511100261795      %
 compute dl  :    12.3235670047420      %
 interpolation :    24.4803695149994      %
 interpolation side :    3.37752958151935      %
 interpolation rec :    3.90854284034037      %
 interpolation plane :    3.45652328946310      %
 Writing solution
 -------------------
 start propa for frequency:    63.0000000000000     
 interp meanflow...
 Interpolation of 2D flow lES
 interpolation time :  0.308778000000000      s
 start vector PE propagation...
 begin x loop ...
 done.
 x loop time :   0.257800000000000      s
 resolution:    33.5899922420209      %
 compute dl  :    11.7529092319522      %
 interpolation :    21.7742435997008      %
 interpolation side :    2.99379363847139      %
 interpolation rec :    3.53025601243040      %
 interpolation plane :    3.09930178432599      %
 Writing solution
 -------------------
 start propa for frequency:    80.0000000000000     
 interp meanflow...
 Interpolation of 2D flow lES
 interpolation time :  0.332511000000000      s
 start vector PE propagation...
 begin x loop ...
 done.
 x loop time :   0.352764000000001      s
 resolution:    38.2689276683628      %
 compute dl  :    13.4815343969547      %
 interpolation :    20.2815480037554      %
 interpolation side :    2.77947863161648      %
 interpolation rec :    3.36910795886136      %
 interpolation plane :    2.87529339727769      %
 Writing solution
 -------------------
 start propa for frequency:    100.000000000000     
 interp meanflow...
 Interpolation of 2D flow lES
 interpolation time :  0.529876000000000      s
 start vector PE propagation...
 begin x loop ...
 done.
 x loop time :   0.478980999999999      s
 resolution:    40.0631757835837      %
 compute dl  :    14.0030606642335      %
 interpolation :    17.3856583037677      %
 interpolation side :    2.38297552512861      %
 interpolation rec :    2.92892619959396      %
 interpolation plane :    2.46147550739246      %
 Writing solution
 ===================
 init propa angle :    60.0000000000000     
 ** init 2D coarse mean flow 
 Interpolation of 3D lES
 added            0  in -x direction
 added            0  in +x direction
 added            0  in -y direction
 added            0  in +y direction
 interpolation time :   2.57306700000000      s
 mean flow written
 -------------------
 start propa for frequency:    50.0000000000000     
 interp meanflow...
 Interpolation of 2D flow lES
 interpolation time :  0.118564999999997      s
 start vector PE propagation...
 begin x loop ...
 done.
 x loop time :   0.112886000000000      s
 resolution:    29.3038995092253      %
 compute dl  :    12.4275818082218      %
 interpolation :    22.7512711939549      %
 interpolation side :    3.09515794692377      %
 interpolation rec :    3.70285066352472      %
 interpolation plane :    3.22183441701414      %
 Writing solution
 -------------------
 start propa for frequency:    63.0000000000000     
 interp meanflow...
 Interpolation of 2D flow lES
 interpolation time :  0.189242999999998      s
 start vector PE propagation...
 begin x loop ...
 done.
 x loop time :   0.151168000000002      s
 resolution:    33.2120554614842      %
 compute dl  :    12.0462002540100      %
 interpolation :    22.1488674851790      %
 interpolation side :    3.02577265025510      %
 interpolation rec :    3.53513971214184      %
 interpolation plane :    3.12036939035849      %
 Writing solution
 -------------------
 start propa for frequency:    80.0000000000000     
 interp meanflow...
 Interpolation of 2D flow lES
 interpolation time :  0.195982000000001      s
 start vector PE propagation...
 begin x loop ...
 done.
 x loop time :   0.208020000000001      s
 resolution:    37.4771656571247      %
 compute dl  :    12.6790693202720      %
 interpolation :    19.8899144313449      %
 interpolation side :    2.69445245647709      %
 interpolation rec :    3.25978271326390      %
 interpolation plane :    2.79925007209964      %
 Writing solution
 -------------------
 start propa for frequency:    100.000000000000     
 interp meanflow...
 Interpolation of 2D flow lES
 interpolation time :  0.318305000000002      s
 start vector PE propagation...
 begin x loop ...
 done.
 x loop time :   0.301313999999998      s
 resolution:    39.5603921490353      %
 compute dl  :    13.6810768832439      %
 interpolation :    17.8547959935583      %
 interpolation side :    2.43798827802023      %
 interpolation rec :    3.10008827993752      %
 interpolation plane :    2.49075715034878      %
 Writing solution
 ===================
 init propa angle :    90.0000000000000     
 ** init 2D coarse mean flow 
 Interpolation of 3D lES
 added            0  in -x direction
 added            0  in +x direction
 added            0  in -y direction
 added            0  in +y direction
 interpolation time :   2.47180400000000      s
 mean flow written
 -------------------
 start propa for frequency:    50.0000000000000     
 interp meanflow...
 Interpolation of 2D flow lES
 interpolation time :  0.105897000000002      s
 output%side set to true
 start vector PE propagation...
 begin x loop ...
 done.
 x loop time :   0.104761000000000      s
 resolution:    27.4634644572328      %
 compute dl  :    10.4265900478588      %
 interpolation :    28.4676549479804      %
 interpolation side :    16.2092763528289      %
 interpolation rec :    3.34666526666625      %
 interpolation plane :   0.000000000000000E+000 %
 Writing solution
 -------------------
 start propa for frequency:    63.0000000000000     
 interp meanflow...
 Interpolation of 2D flow lES
 interpolation time :  0.160451000000002      s
 output%side set to true
 start vector PE propagation...
 begin x loop ...
 done.
 x loop time :   0.149813000000002      s
 resolution:    29.6142524346590      %
 compute dl  :    11.5570744861611      %
 interpolation :    26.6505576952132      %
 interpolation side :    15.6194722754120      %
 interpolation rec :    3.04980208658706      %
 interpolation plane :   0.000000000000000E+000 %
 Writing solution
 -------------------
 start propa for frequency:    80.0000000000000     
 interp meanflow...
 Interpolation of 2D flow lES
 interpolation time :  0.174068999999999      s
 output%side set to true
 start vector PE propagation...
 begin x loop ...
 done.
 x loop time :   0.198430000000002      s
 resolution:    34.8510809857871      %
 compute dl  :    12.2330292798262      %
 interpolation :    25.9360983722344      %
 interpolation side :    15.1297686841575      %
 interpolation rec :    3.00307413194498      %
 interpolation plane :   0.000000000000000E+000 %
 Writing solution
 -------------------
 start propa for frequency:    100.000000000000     
 interp meanflow...
 Interpolation of 2D flow lES
 interpolation time :  0.275465000000001      s
 output%side set to true
 start vector PE propagation...
 begin x loop ...
 done.
 x loop time :   0.281366999999999      s
 resolution:    36.6393358140663      %
 compute dl  :    11.6783418097914      %
 interpolation :    22.5484864963160      %
 interpolation side :    13.1454648200074      %
 interpolation rec :    2.64067925523012      %
 interpolation plane :   0.000000000000000E+000 %
 Writing solution
 ===================
 init propa angle :    120.000000000000     
 ** init 2D coarse mean flow 
 Interpolation of 3D lES
 added            0  in -x direction
 added            0  in +x direction
 added            0  in -y direction
 added            0  in +y direction
 interpolation time :   2.45708600000000      s
 mean flow written
 -------------------
 start propa for frequency:    50.0000000000000     
 interp meanflow...
 Interpolation of 2D flow lES
 interpolation time :  0.102573999999997      s
 start vector PE propagation...
 begin x loop ...
 done.
 x loop time :   9.408599999999723E-002 s
 resolution:    29.7164296494092      %
 compute dl  :    11.7637055458522      %
 interpolation :    23.0820738472665      %
 interpolation side :    3.12586357156926      %
 interpolation rec :    3.74125799810197      %
 interpolation plane :    3.30336075501351      %
 Writing solution
 -------------------
 start propa for frequency:    63.0000000000000     
 interp meanflow...
 Interpolation of 2D flow lES
 interpolation time :  0.158829999999998      s
 start vector PE propagation...
 begin x loop ...
 done.
 x loop time :   0.133804999999999      s
 resolution:    31.9681626246800      %
 compute dl  :    12.4419864728789      %
 interpolation :    20.9573633272826      %
 interpolation side :    2.82949067666327      %
 interpolation rec :    3.47146967608218      %
 interpolation plane :    2.97223571620384      %
 Writing solution
 -------------------
 start propa for frequency:    80.0000000000000     
 interp meanflow...
 Interpolation of 2D flow lES
 interpolation time :  0.173245000000001      s
 start vector PE propagation...
 begin x loop ...
 done.
 x loop time :   0.179966000000000      s
 resolution:    36.9797628441206      %
 compute dl  :    12.9624484624909      %
 interpolation :    19.8304124111920      %
 interpolation side :    2.71273462771027      %
 interpolation rec :    3.26117155458979      %
 interpolation plane :    2.81442050162963      %
 Writing solution
 -------------------
 start propa for frequency:    100.000000000000     
 interp meanflow...
 Interpolation of 2D flow lES
 interpolation time :  0.270582000000001      s
 start vector PE propagation...
 begin x loop ...
 done.
 x loop time :   0.252450999999997      s
 resolution:    40.0790648482212      %
 compute dl  :    13.3027795493228      %
 interpolation :    17.5008219416452      %
 interpolation side :    2.38937457172347      %
 interpolation rec :    2.96176287674566      %
 interpolation plane :    2.47414349710502      %
 Writing solution
 ===================
 init propa angle :    150.000000000000     
 ** init 2D coarse mean flow 
 Interpolation of 3D lES
 added            0  in -x direction
 added            0  in +x direction
 added            0  in -y direction
 added            0  in +y direction
 interpolation time :   2.27039400000000      s
 mean flow written
 -------------------
 start propa for frequency:    50.0000000000000     
 interp meanflow...
 Interpolation of 2D flow lES
 interpolation time :  5.997800000000097E-002 s
 start vector PE propagation...
 begin x loop ...
 done.
 x loop time :   5.414700000000039E-002 s
 resolution:    29.8243670010179      %
 compute dl  :    11.2305390880938      %
 interpolation :    23.3660221250005      %
 interpolation side :    3.14329510415687      %
 interpolation rec :    3.76013444897339      %
 interpolation plane :    3.38707592312536      %
 Writing solution
 -------------------
 start propa for frequency:    63.0000000000000     
 interp meanflow...
 Interpolation of 2D flow lES
 interpolation time :  9.419100000000213E-002 s
 start vector PE propagation...
 begin x loop ...
 done.
 x loop time :   8.855800000000258E-002 s
 resolution:    28.3034847218820      %
 compute dl  :    11.6680593508805      %
 interpolation :    18.4444093136742      %
 interpolation side :    2.43682106636915      %
 interpolation rec :    3.04094491736368      %
 interpolation plane :    2.60055556813973      %
 Writing solution
 -------------------
 start propa for frequency:    80.0000000000000     
 interp meanflow...
 Interpolation of 2D flow lES
 interpolation time :  0.100612999999999      s
 start vector PE propagation...
 begin x loop ...
 done.
 x loop time :   0.106341000000000      s
 resolution:    36.3603878090954      %
 compute dl  :    12.8576936459200      %
 interpolation :    19.2503361826381      %
 interpolation side :    2.62081417336765      %
 interpolation rec :    3.23393611109276      %
 interpolation plane :    2.72331462001230      %
 Writing solution
 -------------------
 start propa for frequency:    100.000000000000     
 interp meanflow...
 Interpolation of 2D flow lES
 interpolation time :  0.161548000000000      s
 start vector PE propagation...
 begin x loop ...
 done.
 x loop time :   0.150020999999999      s
 resolution:    39.2225088487889      %
 compute dl  :    13.0268429086540      %
 interpolation :    16.7889828757349      %
 interpolation side :    2.22368868356597      %
 interpolation rec :    2.82693756205597      %
 interpolation plane :    2.35766992619948      %
 Writing solution
 ===================
 init propa angle :    180.000000000000     
 ** init 2D coarse mean flow 
 Interpolation of 3D lES
 added            0  in -x direction
 added            0  in +x direction
 added            0  in -y direction
 added            0  in +y direction
 interpolation time :   2.23401700000000      s
 mean flow written
 -------------------
 start propa for frequency:    50.0000000000000     
 interp meanflow...
 Interpolation of 2D flow lES
 interpolation time :  5.060500000000445E-002 s
 output%side set to true
 start vector PE propagation...
 begin x loop ...
 done.
 x loop time :   5.018699999999399E-002 s
 resolution:    27.9634168211821      %
 compute dl  :    10.7378404768047      %
 interpolation :    29.0533405065228      %
 interpolation side :    16.3887062387603      %
 interpolation rec :    3.45906310371046      %
 interpolation plane :   0.000000000000000E+000 %
 Writing solution
 -------------------
 start propa for frequency:    63.0000000000000     
 interp meanflow...
 Interpolation of 2D flow lES
 interpolation time :  8.456900000000189E-002 s
 output%side set to true
 start vector PE propagation...
 begin x loop ...
 done.
 x loop time :   7.862000000000080E-002 s
 resolution:    27.7206817604382      %
 compute dl  :    10.2200457898114      %
 interpolation :    24.4403459679412      %
 interpolation side :    14.0765708470636      %
 interpolation rec :    2.87077079643408      %
 interpolation plane :   0.000000000000000E+000 %
 Writing solution
 -------------------
 start propa for frequency:    80.0000000000000     
 interp meanflow...
 Interpolation of 2D flow lES
 interpolation time :  8.994200000000063E-002 s
 output%side set to true
 start vector PE propagation...
 begin x loop ...
 done.
 x loop time :   0.101920000000000      s
 resolution:    33.0102040816003      %
 compute dl  :    11.9250392465400      %
 interpolation :    23.9138540030533      %
 interpolation side :    13.6145996860246      %
 interpolation rec :    2.86499215070953      %
 interpolation plane :   0.000000000000000E+000 %
 Writing solution
 -------------------
 start propa for frequency:    100.000000000000     
 interp meanflow...
 Interpolation of 2D flow lES
 interpolation time :  0.142026999999999      s
 output%side set to true
 start vector PE propagation...
 begin x loop ...
 done.
 x loop time :   0.143629000000004      s
 resolution:    35.6049265815984      %
 compute dl  :    11.8708617339400      %
 interpolation :    21.7748504829599      %
 interpolation side :    12.6457748782587      %
 interpolation rec :    2.56703033505439      %
 interpolation plane :   0.000000000000000E+000 %
 Writing solution
 ===================
 init propa angle :    210.000000000000     
 ** init 2D coarse mean flow 
 Interpolation of 3D lES
 added            0  in -x direction
 added            0  in +x direction
 added            0  in -y direction
 added            0  in +y direction
 interpolation time :   2.27535600000000      s
 mean flow written
 -------------------
 start propa for frequency:    50.0000000000000     
 interp meanflow...
 Interpolation of 2D flow lES
 interpolation time :  5.779700000000076E-002 s
 start vector PE propagation...
 begin x loop ...
 done.
 x loop time :   5.413599999999974E-002 s
 resolution:    29.8599822667802      %
 compute dl  :    10.7451603369038      %
 interpolation :    23.7217378455561      %
 interpolation side :    3.26400177337908      %
 interpolation rec :    3.80707846894473      %
 interpolation plane :    3.32680656113574      %
 Writing solution
 -------------------
 start propa for frequency:    63.0000000000000     
 interp meanflow...
 Interpolation of 2D flow lES
 interpolation time :  9.792800000000312E-002 s
 start vector PE propagation...
 begin x loop ...
 done.
 x loop time :   8.719899999999825E-002 s
 resolution:    28.5301436943673      %
 compute dl  :    11.4072409086004      %
 interpolation :    18.3476874735140      %
 interpolation side :    2.42433972883645      %
 interpolation rec :    3.01953004037968      %
 interpolation plane :    2.61126847800372      %
 Writing solution
 -------------------
 start propa for frequency:    80.0000000000000     
 interp meanflow...
 Interpolation of 2D flow lES
 interpolation time :  0.101659000000005      s
 start vector PE propagation...
 begin x loop ...
 done.
 x loop time :   0.107450999999998      s
 resolution:    35.5920373006700      %
 compute dl  :    12.7332458515541      %
 interpolation :    18.8802337809034      %
 interpolation side :    2.56116741570746      %
 interpolation rec :    3.17074759656838      %
 interpolation plane :    2.66074768967848      %
 Writing solution
 -------------------
 start propa for frequency:    100.000000000000     
 interp meanflow...
 Interpolation of 2D flow lES
 interpolation time :  0.162179999999999      s
 start vector PE propagation...
 begin x loop ...
 done.
 x loop time :   0.154131000000000      s
 resolution:    38.3044293490732      %
 compute dl  :    12.9467790385844      %
 interpolation :    16.8577378984220      %
 interpolation side :    2.20137415570625      %
 interpolation rec :    2.85406569751307      %
 interpolation plane :    2.38433540299291      %
 Writing solution
 ===================
 init propa angle :    240.000000000000     
 ** init 2D coarse mean flow 
 Interpolation of 3D lES
 added            0  in -x direction
 added            0  in +x direction
 added            0  in -y direction
 added            0  in +y direction
 interpolation time :   2.46868600000001      s
 mean flow written
 -------------------
 start propa for frequency:    50.0000000000000     
 interp meanflow...
 Interpolation of 2D flow lES
 interpolation time :  0.104557000000000      s
 start vector PE propagation...
 begin x loop ...
 done.
 x loop time :   9.248099999999937E-002 s
 resolution:    30.2916274692254      %
 compute dl  :    12.1592543335403      %
 interpolation :    24.2893134806936      %
 interpolation side :    3.32392599576146      %
 interpolation rec :    3.95108184376624      %
 interpolation plane :    3.41259285703091      %
 Writing solution
 -------------------
 start propa for frequency:    63.0000000000000     
 interp meanflow...
 Interpolation of 2D flow lES
 interpolation time :  0.154607999999996      s
 start vector PE propagation...
 begin x loop ...
 done.
 x loop time :   0.134974000000000      s
 resolution:    31.7379643486392      %
 compute dl  :    12.3638626698227      %
 interpolation :    21.2233467187551      %
 interpolation side :    2.87610947283350      %
 interpolation rec :    3.46140738217780      %
 interpolation plane :    2.98501933700163      %
 Writing solution
 -------------------
 start propa for frequency:    80.0000000000000     
 interp meanflow...
 Interpolation of 2D flow lES
 interpolation time :  0.168690999999995      s
 start vector PE propagation...
 begin x loop ...
 done.
 x loop time :   0.177436000000000      s
 resolution:    37.5076083770698      %
 compute dl  :    12.9658017538130      %
 interpolation :    20.3898870577510      %
 interpolation side :    2.82749836551705      %
 interpolation rec :    3.40122635771906      %
 interpolation plane :    2.88892896603548      %
 Writing solution
 -------------------
 start propa for frequency:    100.000000000000     
 interp meanflow...
 Interpolation of 2D flow lES
 interpolation time :  0.269009999999994      s
 start vector PE propagation...
 begin x loop ...
 done.
 x loop time :   0.248342999999998      s
 resolution:    40.7078113737574      %
 compute dl  :    13.3871298969650      %
 interpolation :    17.8869547358586      %
 interpolation side :    2.44339482096108      %
 interpolation rec :    2.99827255043368      %
 interpolation plane :    2.53882734775088      %
 Writing solution
 ===================
 init propa angle :    270.000000000000     
 ** init 2D coarse mean flow 
 Interpolation of 3D lES
 added            0  in -x direction
 added            0  in +x direction
 added            0  in -y direction
 added            0  in +y direction
 interpolation time :   2.51387400000000      s
 mean flow written
 -------------------
 start propa for frequency:    50.0000000000000     
 interp meanflow...
 Interpolation of 2D flow lES
 interpolation time :  9.795100000000190E-002 s
 output%side set to true
 start vector PE propagation...
 begin x loop ...
 done.
 x loop time :   9.725799999999651E-002 s
 resolution:    28.2907318678980      %
 compute dl  :    10.8474367146178      %
 interpolation :    29.3590244504681      %
 interpolation side :    16.7883361780394      %
 interpolation rec :    3.43827757086377      %
 interpolation plane :   0.000000000000000E+000 %
 Writing solution
 -------------------
 start propa for frequency:    63.0000000000000     
 interp meanflow...
 Interpolation of 2D flow lES
 interpolation time :  0.151559999999996      s
 output%side set to true
 start vector PE propagation...
 begin x loop ...
 done.
 x loop time :   0.140716000000005      s
 resolution:    29.5737513857388      %
 compute dl  :    11.7157963558460      %
 interpolation :    26.0418147189824      %
 interpolation side :    14.9769748998858      %
 interpolation rec :    3.08635833867961      %
 interpolation plane :   0.000000000000000E+000 %
 Writing solution
 -------------------
 start propa for frequency:    80.0000000000000     
 interp meanflow...
 Interpolation of 2D flow lES
 interpolation time :  0.163838000000005      s
 output%side set to true
 start vector PE propagation...
 begin x loop ...
 done.
 x loop time :   0.188515000000002      s
 resolution:    34.5675410443998      %
 compute dl  :    11.9831313158447      %
 interpolation :    25.2982521285531      %
 interpolation side :    14.7882131395761      %
 interpolation rec :    2.91913110363181      %
 interpolation plane :   0.000000000000000E+000 %
 Writing solution
 -------------------
 start propa for frequency:    100.000000000000     
 interp meanflow...
 Interpolation of 2D flow lES
 interpolation time :  0.274836999999998      s
 output%side set to true
 start vector PE propagation...
 begin x loop ...
 done.
 x loop time :   0.335597000000000      s
 resolution:    36.7908533151877      %
 compute dl  :    11.9241232787921      %
 interpolation :    22.3941215206397      %
 interpolation side :    13.0993423660337      %
 interpolation rec :    2.63440972353242      %
 interpolation plane :   0.000000000000000E+000 %
 Writing solution
 ===================
 init propa angle :    300.000000000000     
 ** init 2D coarse mean flow 
 Interpolation of 3D lES
 added            0  in -x direction
 added            0  in +x direction
 added            0  in -y direction
 added            0  in +y direction
 interpolation time :   2.79078000000001      s
 mean flow written
 -------------------
 start propa for frequency:    50.0000000000000     
 interp meanflow...
 Interpolation of 2D flow lES
 interpolation time :  0.118949000000001      s
 start vector PE propagation...
 begin x loop ...
 done.
 x loop time :   0.111702000000001      s
 resolution:    29.7917673809298      %
 compute dl  :    11.4116130419046      %
 interpolation :    23.1016454495932      %
 interpolation side :    3.16377504440508      %
 interpolation rec :    3.73225188432970      %
 interpolation plane :    3.27926089069474      %
 Writing solution
 -------------------
 start propa for frequency:    63.0000000000000     
 interp meanflow...
 Interpolation of 2D flow lES
 interpolation time :  0.187415999999999      s
 start vector PE propagation...
 begin x loop ...
 done.
 x loop time :   0.155853999999998      s
 resolution:    32.4354844919307      %
 compute dl  :    11.7109602576797      %
 interpolation :    20.9683421664501      %
 interpolation side :    3.06440643170126      %
 interpolation rec :    3.40767641519244      %
 interpolation plane :    2.92389030749426      %
 Writing solution
 -------------------
 start propa for frequency:    80.0000000000000     
 interp meanflow...
 Interpolation of 2D flow lES
 interpolation time :  0.197868000000000      s
 start vector PE propagation...
 begin x loop ...
 done.
 x loop time :   0.209519000000000      s
 resolution:    37.7383435392513      %
 compute dl  :    13.4364902466666      %
 interpolation :    19.9915043503856      %
 interpolation side :    2.74390389407014      %
 interpolation rec :    3.34814503688210      %
 interpolation plane :    2.79926880124488      %
 Writing solution
 -------------------
 start propa for frequency:    100.000000000000     
 interp meanflow...
 Interpolation of 2D flow lES
 interpolation time :  0.316956999999995      s
 start vector PE propagation...
 begin x loop ...
 done.
 x loop time :   0.296903999999998      s
 resolution:    40.3635518551577      %
 compute dl  :    13.7044297146794      %
 interpolation :    17.7784738501981      %
 interpolation side :    2.43108883682744      %
 interpolation rec :    2.96796270843191      %
 interpolation plane :    2.50552367089278      %
 Writing solution
 ===================
 init propa angle :    330.000000000000     
 ** init 2D coarse mean flow 
 Interpolation of 3D lES
 added            0  in -x direction
 added            0  in +x direction
 added            0  in -y direction
 added            0  in +y direction
 interpolation time :   2.94528600000000      s
 mean flow written
 -------------------
 start propa for frequency:    50.0000000000000     
 interp meanflow...
 Interpolation of 2D flow lES
 interpolation time :  0.200896000000000      s
 start vector PE propagation...
 begin x loop ...
 done.
 x loop time :   0.180977999999996      s
 resolution:    31.1728497385755      %
 compute dl  :    12.0661074826451      %
 interpolation :    24.7140536419552      %
 interpolation side :    3.39709798991088      %
 interpolation rec :    3.95904474584518      %
 interpolation plane :    3.47114013852875      %
 Writing solution
 -------------------
 start propa for frequency:    63.0000000000000     
 interp meanflow...
 Interpolation of 2D flow lES
 interpolation time :  0.319797999999999      s
 start vector PE propagation...
 begin x loop ...
 done.
 x loop time :   0.258557000000003      s
 resolution:    33.5740281640919      %
 compute dl  :    12.0039295010897      %
 interpolation :    21.8145321922085      %
 interpolation side :    3.02022378044363      %
 interpolation rec :    3.56710512584026      %
 interpolation plane :    3.09602911527355      %
 Writing solution
 -------------------
 start propa for frequency:    80.0000000000000     
 interp meanflow...
 Interpolation of 2D flow lES
 interpolation time :  0.337247999999995      s
 start vector PE propagation...
 begin x loop ...
 done.
 x loop time :   0.356887000000000      s
 resolution:    38.1002950513673      %
 compute dl  :    13.5617156130376      %
 interpolation :    20.2649578158003      %
 interpolation side :    2.79808454775547      %
 interpolation rec :    3.35344240617646      %
 interpolation plane :    2.86561292509568      %
 Writing solution
 -------------------
 start propa for frequency:    100.000000000000     
 interp meanflow...
 Interpolation of 2D flow lES
 interpolation time :  0.547828000000003      s
 start vector PE propagation...
 begin x loop ...
 done.
 x loop time :   0.515035000000005      s
 resolution:    40.2382362363367      %
 compute dl  :    13.8134301552494      %
 interpolation :    17.7354937042393      %
 interpolation side :    2.43342685444514      %
 interpolation rec :    2.96989524981378      %
 interpolation plane :    2.48313221430821      %
 Writing solution
