 read parameters
          -1
          -1
          -1
          -1
          -1
          -1
          -1
          -1
           0
 read temperature profile from files
 ===================
 init propa angle :   0.000000000000000E+000
 ** init 2D coarse mean flow 
 Interpolation of 3D lES
 added            0  in -x direction
 added            0  in +x direction
 added            0  in -y direction
 added            0  in +y direction
 interpolation time :   3.16391400000000      s
 mean flow written
 -------------------
 start propa for frequency:    50.0000000000000     
 interp meanflow...
 Interpolation of 2D flow lES
 interpolation time :  0.197041000000000      s
 start vector PE propagation...
 begin x loop ...
 done.
 x loop time :   0.149224999999999      s
 resolution:    28.5454850058594      %
 compute dl  :    10.6389680013305      %
 interpolation :    30.8239236053035      %
 interpolation side :    17.5955771485983      %
 interpolation rec :    3.61735634111681      %
 interpolation plane :   0.000000000000000E+000 %
 Writing solution
 -------------------
 start propa for frequency:    100.000000000000     
 interp meanflow...
 Interpolation of 2D flow lES
 interpolation time :  0.400159000000000      s
 start vector PE propagation...
 begin x loop ...
 done.
 x loop time :   0.408940000000000      s
 resolution:    37.8630116887525      %
 compute dl  :    12.4526825451189      %
 interpolation :    23.7426028268223      %
 interpolation side :    14.0519391597812      %
 interpolation rec :    2.75321563064463      %
 interpolation plane :   0.000000000000000E+000 %
 Writing solution
 -------------------
 start propa for frequency:    200.000000000000     
 interp meanflow...
 Interpolation of 2D flow lES
 interpolation time :  0.824987999999999      s
 start vector PE propagation...
 begin x loop ...
 done.
 x loop time :    1.18987000000000      s
 resolution:    49.7073629892355      %
 compute dl  :    14.6181515627795      %
 interpolation :    16.2769041996249      %
 interpolation side :    9.26134787833588      %
 interpolation rec :    2.10804541671541      %
 interpolation plane :   0.000000000000000E+000 %
 Writing solution
 ===================
 init propa angle :    20.0000000000000     
 ** init 2D coarse mean flow 
 Interpolation of 3D lES
 added            0  in -x direction
 added            0  in +x direction
 added            0  in -y direction
 added            0  in +y direction
 interpolation time :   2.96619100000000      s
 mean flow written
 -------------------
 start propa for frequency:    50.0000000000000     
 interp meanflow...
 Interpolation of 2D flow lES
 interpolation time :  0.164698999999999      s
 start vector PE propagation...
 begin x loop ...
 done.
 x loop time :   0.166271000000000      s
 resolution:    27.8515195073440      %
 compute dl  :    11.5047121867257      %
 interpolation :    30.6385358842447      %
 interpolation side :    17.9405909629687      %
 interpolation rec :    3.49970830754918      %
 interpolation plane :   0.000000000000000E+000 %
 Writing solution
 -------------------
 start propa for frequency:    100.000000000000     
 interp meanflow...
 Interpolation of 2D flow lES
 interpolation time :  0.428159000000001      s
 start vector PE propagation...
 begin x loop ...
 done.
 x loop time :   0.439802000000000      s
 resolution:    38.2656286237809      %
 compute dl  :    12.3726131304466      %
 interpolation :    23.1315455591334      %
 interpolation side :    13.3173564467840      %
 interpolation rec :    2.77533981199802      %
 interpolation plane :   0.000000000000000E+000 %
 Writing solution
 -------------------
 start propa for frequency:    200.000000000000     
 interp meanflow...
 Interpolation of 2D flow lES
 interpolation time :  0.882266000000000      s
 start vector PE propagation...
 begin x loop ...
 done.
 x loop time :    1.31077000000000      s
 resolution:    49.4997596832449      %
 compute dl  :    14.3574387573662      %
 interpolation :    17.0283878941467      %
 interpolation side :    10.0996360917790      %
 interpolation rec :    2.07519244413533      %
 interpolation plane :   0.000000000000000E+000 %
 Writing solution
 ===================
 init propa angle :    40.0000000000000     
 ** init 2D coarse mean flow 
 Interpolation of 3D lES
 added            0  in -x direction
 added            0  in +x direction
 added            0  in -y direction
 added            0  in +y direction
 interpolation time :   2.69752100000000      s
 mean flow written
 -------------------
 start propa for frequency:    50.0000000000000     
 interp meanflow...
 Interpolation of 2D flow lES
 interpolation time :  0.154599000000001      s
 start vector PE propagation...
 begin x loop ...
 done.
 x loop time :   0.120903999999999      s
 resolution:    27.7947793290440      %
 compute dl  :    10.5182624231165      %
 interpolation :    30.9203996558457      %
 interpolation side :    17.7884933501193      %
 interpolation rec :    3.54992390646727      %
 interpolation plane :   0.000000000000000E+000 %
 Writing solution
 -------------------
 start propa for frequency:    100.000000000000     
 interp meanflow...
 Interpolation of 2D flow lES
 interpolation time :  0.315897000000000      s
 start vector PE propagation...
 begin x loop ...
 done.
 x loop time :   0.321673000000001      s
 resolution:    37.5319035169515      %
 compute dl  :    12.5133287530924      %
 interpolation :    23.6187059529684      %
 interpolation side :    13.8134067826950      %
 interpolation rec :    2.77921989102691      %
 interpolation plane :   0.000000000000000E+000 %
 Writing solution
 -------------------
 start propa for frequency:    200.000000000000     
 interp meanflow...
 Interpolation of 2D flow lES
 interpolation time :  0.645436000000000      s
 start vector PE propagation...
 begin x loop ...
 done.
 x loop time :   0.929470999999999      s
 resolution:    49.7133315617024      %
 compute dl  :    14.5280487503104      %
 interpolation :    16.5937398800003      %
 interpolation side :    9.65882744054808      %
 interpolation rec :    2.08000034428028      %
 interpolation plane :   0.000000000000000E+000 %
 Writing solution
 ===================
 init propa angle :    60.0000000000000     
 ** init 2D coarse mean flow 
 Interpolation of 3D lES
 added            0  in -x direction
 added            0  in +x direction
 added            0  in -y direction
 added            0  in +y direction
 interpolation time :   2.50243000000000      s
 mean flow written
 -------------------
 start propa for frequency:    50.0000000000000     
 interp meanflow...
 Interpolation of 2D flow lES
 interpolation time :  0.100880000000000      s
 start vector PE propagation...
 begin x loop ...
 done.
 x loop time :   9.360999999999819E-002 s
 resolution:    26.4394829611553      %
 compute dl  :    9.82053199442602      %
 interpolation :    32.4708898622969      %
 interpolation side :    20.2713385322335      %
 interpolation rec :    3.32549941238665      %
 interpolation plane :   0.000000000000000E+000 %
 Writing solution
 -------------------
 start propa for frequency:    100.000000000000     
 interp meanflow...
 Interpolation of 2D flow lES
 interpolation time :  0.240400000000001      s
 start vector PE propagation...
 begin x loop ...
 done.
 x loop time :   0.246255999999999      s
 resolution:    36.6858066402309      %
 compute dl  :    12.7493340264040      %
 interpolation :    23.3029855110275      %
 interpolation side :    13.5899226821363      %
 interpolation rec :    2.74795334932395      %
 interpolation plane :   0.000000000000000E+000 %
 Writing solution
 -------------------
 start propa for frequency:    200.000000000000     
 interp meanflow...
 Interpolation of 2D flow lES
 interpolation time :  0.479574999999997      s
 start vector PE propagation...
 begin x loop ...
 done.
 x loop time :   0.695202999999999      s
 resolution:    49.0203580824537      %
 compute dl  :    14.7192978165963      %
 interpolation :    16.8707557361117      %
 interpolation side :    9.92242553615178      %
 interpolation rec :    2.08054338082973      %
 interpolation plane :   0.000000000000000E+000 %
 Writing solution
 ===================
 init propa angle :    80.0000000000000     
 ** init 2D coarse mean flow 
 Interpolation of 3D lES
 added            0  in -x direction
 added            0  in +x direction
 added            0  in -y direction
 added            0  in +y direction
 interpolation time :   2.44291900000000      s
 mean flow written
 -------------------
 start propa for frequency:    50.0000000000000     
 interp meanflow...
 Interpolation of 2D flow lES
 interpolation time :  8.379100000000150E-002 s
 start vector PE propagation...
 begin x loop ...
 done.
 x loop time :   8.356299999999806E-002 s
 resolution:    26.1000682119853      %
 compute dl  :    10.7822840252352      %
 interpolation :    27.6031257853065      %
 interpolation side :    15.4003566171404      %
 interpolation rec :    3.32084774355459      %
 interpolation plane :   0.000000000000000E+000 %
 Writing solution
 -------------------
 start propa for frequency:    100.000000000000     
 interp meanflow...
 Interpolation of 2D flow lES
 interpolation time :  0.207011000000001      s
 start vector PE propagation...
 begin x loop ...
 done.
 x loop time :   0.214511999999999      s
 resolution:    36.6781345565457      %
 compute dl  :    12.3620123815600      %
 interpolation :    23.2387931677065      %
 interpolation side :    13.5666069963179      %
 interpolation rec :    2.74903035728974      %
 interpolation plane :   0.000000000000000E+000 %
 Writing solution
 -------------------
 start propa for frequency:    200.000000000000     
 interp meanflow...
 Interpolation of 2D flow lES
 interpolation time :  0.418457999999998      s
 start vector PE propagation...
 begin x loop ...
 done.
 x loop time :   0.617488999999999      s
 resolution:    48.7986020803420      %
 compute dl  :    14.5150763819278      %
 interpolation :    16.9656463515829      %
 interpolation side :    10.1328120824721      %
 interpolation rec :    2.04764781234306      %
 interpolation plane :   0.000000000000000E+000 %
 Writing solution
 ===================
 init propa angle :    90.0000000000000     
 ** init 2D coarse mean flow 
 Interpolation of 3D lES
 added            0  in -x direction
 added            0  in +x direction
 added            0  in -y direction
 added            0  in +y direction
 interpolation time :   2.43747000000000      s
 mean flow written
 -------------------
 start propa for frequency:    50.0000000000000     
 interp meanflow...
 Interpolation of 2D flow lES
 interpolation time :  7.858699999999885E-002 s
 start vector PE propagation...
 begin x loop ...
 done.
 x loop time :   8.380599999999916E-002 s
 resolution:    25.7129561129450      %
 compute dl  :    10.3823115290228      %
 interpolation :    29.0468462877941      %
 interpolation side :    16.9617927116079      %
 interpolation rec :    3.24917070375081      %
 interpolation plane :   0.000000000000000E+000 %
 Writing solution
 -------------------
 start propa for frequency:    100.000000000000     
 interp meanflow...
 Interpolation of 2D flow lES
 interpolation time :  0.203168000000002      s
 start vector PE propagation...
 begin x loop ...
 done.
 x loop time :   0.217012000000000      s
 resolution:    35.9122997806273      %
 compute dl  :    12.3942454795118      %
 interpolation :    22.6775477853456      %
 interpolation side :    13.1845243580815      %
 interpolation rec :    2.65330949441573      %
 interpolation plane :   0.000000000000000E+000 %
 Writing solution
 -------------------
 start propa for frequency:    200.000000000000     
 interp meanflow...
 Interpolation of 2D flow lES
 interpolation time :  0.416938999999996      s
 start vector PE propagation...
 begin x loop ...
 done.
 x loop time :   0.612075000000004      s
 resolution:    48.6857002818148      %
 compute dl  :    14.4766572724279      %
 interpolation :    17.0439897071442      %
 interpolation side :    10.1864967528798      %
 interpolation rec :    2.04615447450416      %
 interpolation plane :   0.000000000000000E+000 %
 Writing solution
 ===================
 init propa angle :    100.000000000000     
 ** init 2D coarse mean flow 
 Interpolation of 3D lES
 added            0  in -x direction
 added            0  in +x direction
 added            0  in -y direction
 added            0  in +y direction
 interpolation time :   2.43679300000000      s
 mean flow written
 -------------------
 start propa for frequency:    50.0000000000000     
 interp meanflow...
 Interpolation of 2D flow lES
 interpolation time :  7.939000000000362E-002 s
 start vector PE propagation...
 begin x loop ...
 done.
 x loop time :   8.443600000000373E-002 s
 resolution:    25.8764034298781      %
 compute dl  :    10.5890852242274      %
 interpolation :    27.5131460514155      %
 interpolation side :    15.3038988110210      %
 interpolation rec :    3.32559571751042      %
 interpolation plane :   0.000000000000000E+000 %
 Writing solution
 -------------------
 start propa for frequency:    100.000000000000     
 interp meanflow...
 Interpolation of 2D flow lES
 interpolation time :  0.213680999999994      s
 start vector PE propagation...
 begin x loop ...
 done.
 x loop time :   0.219090000000001      s
 resolution:    36.2280341412816      %
 compute dl  :    12.2634533754064      %
 interpolation :    22.3410470582240      %
 interpolation side :    12.8732484368041      %
 interpolation rec :    2.65872472492170      %
 interpolation plane :   0.000000000000000E+000 %
 Writing solution
 -------------------
 start propa for frequency:    200.000000000000     
 interp meanflow...
 Interpolation of 2D flow lES
 interpolation time :  0.417751000000003      s
 start vector PE propagation...
 begin x loop ...
 done.
 x loop time :   0.615285000000000      s
 resolution:    48.9317958344766      %
 compute dl  :    14.4879202321342      %
 interpolation :    16.9815613902368      %
 interpolation side :    10.0431507350228      %
 interpolation rec :    2.08049928078580      %
 interpolation plane :   0.000000000000000E+000 %
 Writing solution
 ===================
 init propa angle :    120.000000000000     
 ** init 2D coarse mean flow 
 Interpolation of 3D lES
 added            0  in -x direction
 added            0  in +x direction
 added            0  in -y direction
 added            0  in +y direction
 interpolation time :   2.50431500000000      s
 mean flow written
 -------------------
 start propa for frequency:    50.0000000000000     
 interp meanflow...
 Interpolation of 2D flow lES
 interpolation time :  0.102599000000005      s
 start vector PE propagation...
 begin x loop ...
 done.
 x loop time :   9.558599999999728E-002 s
 resolution:    25.7663256126617      %
 compute dl  :    10.0244805724635      %
 interpolation :    32.3520180780427      %
 interpolation side :    20.2383194190448      %
 interpolation rec :    3.25152218947656      %
 interpolation plane :   0.000000000000000E+000 %
 Writing solution
 -------------------
 start propa for frequency:    100.000000000000     
 interp meanflow...
 Interpolation of 2D flow lES
 interpolation time :  0.239556999999998      s
 start vector PE propagation...
 begin x loop ...
 done.
 x loop time :   0.244036999999999      s
 resolution:    36.5583907358227      %
 compute dl  :    12.8140404938262      %
 interpolation :    23.4800460586324      %
 interpolation side :    13.7220995176092      %
 interpolation rec :    2.73974848074360      %
 interpolation plane :   0.000000000000000E+000 %
 Writing solution
 -------------------
 start propa for frequency:    200.000000000000     
 interp meanflow...
 Interpolation of 2D flow lES
 interpolation time :  0.481311999999996      s
 start vector PE propagation...
 begin x loop ...
 done.
 x loop time :   0.697344999999999      s
 resolution:    49.0996565544908      %
 compute dl  :    14.6740852806037      %
 interpolation :    16.8493356946345      %
 interpolation side :    10.0129777943600      %
 interpolation rec :    2.06339760091604      %
 interpolation plane :   0.000000000000000E+000 %
 Writing solution
 ===================
 init propa angle :    140.000000000000     
 ** init 2D coarse mean flow 
 Interpolation of 3D lES
 added            0  in -x direction
 added            0  in +x direction
 added            0  in -y direction
 added            0  in +y direction
 interpolation time :   2.67602400000000      s
 mean flow written
 -------------------
 start propa for frequency:    50.0000000000000     
 interp meanflow...
 Interpolation of 2D flow lES
 interpolation time :  0.120688000000001      s
 start vector PE propagation...
 begin x loop ...
 done.
 x loop time :   0.120058999999998      s
 resolution:    27.8438101265979      %
 compute dl  :    10.6197786088305      %
 interpolation :    30.8306749184116      %
 interpolation side :    17.8962010345889      %
 interpolation rec :    3.53409573630653      %
 interpolation plane :   0.000000000000000E+000 %
 Writing solution
 -------------------
 start propa for frequency:    100.000000000000     
 interp meanflow...
 Interpolation of 2D flow lES
 interpolation time :  0.314993000000001      s
 start vector PE propagation...
 begin x loop ...
 done.
 x loop time :   0.320553000000004      s
 resolution:    37.6268510979381      %
 compute dl  :    12.4918500216004      %
 interpolation :    23.4869116807449      %
 interpolation side :    13.7864877259251      %
 interpolation rec :    2.72497839667316      %
 interpolation plane :   0.000000000000000E+000 %
 Writing solution
 -------------------
 start propa for frequency:    200.000000000000     
 interp meanflow...
 Interpolation of 2D flow lES
 interpolation time :  0.640231000000000      s
 start vector PE propagation...
 begin x loop ...
 done.
 x loop time :   0.933918000000006      s
 resolution:    49.6197738987622      %
 compute dl  :    14.5463520351591      %
 interpolation :    16.6412897063739      %
 interpolation side :    9.62836137645280      %
 interpolation rec :    2.09740041416442      %
 interpolation plane :   0.000000000000000E+000 %
 Writing solution
 ===================
 init propa angle :    160.000000000000     
 ** init 2D coarse mean flow 
 Interpolation of 3D lES
 added            0  in -x direction
 added            0  in +x direction
 added            0  in -y direction
 added            0  in +y direction
 interpolation time :   3.07089400000000      s
 mean flow written
 -------------------
 start propa for frequency:    50.0000000000000     
 interp meanflow...
 Interpolation of 2D flow lES
 interpolation time :  0.186015999999995      s
 start vector PE propagation...
 begin x loop ...
 done.
 x loop time :   0.192334000000002      s
 resolution:    27.9903709173170      %
 compute dl  :    10.6762194931979      %
 interpolation :    30.3134131250594      %
 interpolation side :    17.3786226044761      %
 interpolation rec :    3.53811598574786      %
 interpolation plane :   0.000000000000000E+000 %
 Writing solution
 -------------------
 start propa for frequency:    100.000000000000     
 interp meanflow...
 Interpolation of 2D flow lES
 interpolation time :  0.454625999999998      s
 start vector PE propagation...
 begin x loop ...
 done.
 x loop time :   0.429501000000002      s
 resolution:    37.2385628904815      %
 compute dl  :    12.7787828200927      %
 interpolation :    23.8018072134395      %
 interpolation side :    14.0383840782137      %
 interpolation rec :    2.75133236015076      %
 interpolation plane :   0.000000000000000E+000 %
 Writing solution
 -------------------
 start propa for frequency:    200.000000000000     
 interp meanflow...
 Interpolation of 2D flow lES
 interpolation time :  0.852339000000001      s
 start vector PE propagation...
 begin x loop ...
 done.
 x loop time :    1.25875900000000      s
 resolution:    49.1816940335367      %
 compute dl  :    14.6582467335036      %
 interpolation :    17.0251017073336      %
 interpolation side :    10.1039198131292      %
 interpolation rec :    2.06449367987618      %
 interpolation plane :   0.000000000000000E+000 %
 Writing solution
 ===================
 init propa angle :    180.000000000000     
 ** init 2D coarse mean flow 
 Interpolation of 3D lES
 added            0  in -x direction
 added            0  in +x direction
 added            0  in -y direction
 added            0  in +y direction
 interpolation time :   2.84561300000000      s
 mean flow written
 -------------------
 start propa for frequency:    50.0000000000000     
 interp meanflow...
 Interpolation of 2D flow lES
 interpolation time :  0.146393999999994      s
 start vector PE propagation...
 begin x loop ...
 done.
 x loop time :   0.150161000000004      s
 resolution:    27.7575402401347      %
 compute dl  :    10.9975293185222      %
 interpolation :    30.8275783992574      %
 interpolation side :    17.8568336650296      %
 interpolation rec :    3.54153208885976      %
 interpolation plane :   0.000000000000000E+000 %
 Writing solution
 -------------------
 start propa for frequency:    100.000000000000     
 interp meanflow...
 Interpolation of 2D flow lES
 interpolation time :  0.389615000000006      s
 start vector PE propagation...
 begin x loop ...
 done.
 x loop time :   0.394925000000001      s
 resolution:    37.9201114135514      %
 compute dl  :    13.0189276444711      %
 interpolation :    22.5323795657147      %
 interpolation side :    12.6662024435069      %
 interpolation rec :    2.78508577580674      %
 interpolation plane :   0.000000000000000E+000 %
 Writing solution
 -------------------
 start propa for frequency:    200.000000000000     
 interp meanflow...
 Interpolation of 2D flow lES
 interpolation time :  0.800699000000002      s
 start vector PE propagation...
 begin x loop ...
 done.
 x loop time :    1.17438400000000      s
 resolution:    49.3643476069489      %
 compute dl  :    14.7258477636161      %
 interpolation :    16.8832341040170      %
 interpolation side :    9.99494202918962      %
 interpolation rec :    2.06499747958714      %
 interpolation plane :   0.000000000000000E+000 %
 Writing solution
 ===================
 init propa angle :    200.000000000000     
 ** init 2D coarse mean flow 
 Interpolation of 3D lES
 added            0  in -x direction
 added            0  in +x direction
 added            0  in -y direction
 added            0  in +y direction
 interpolation time :   2.89024300000001      s
 mean flow written
 -------------------
 start propa for frequency:    50.0000000000000     
 interp meanflow...
 Interpolation of 2D flow lES
 interpolation time :  0.154749000000002      s
 start vector PE propagation...
 begin x loop ...
 done.
 x loop time :   0.157387000000000      s
 resolution:    28.1719582938830      %
 compute dl  :    10.5516974083989      %
 interpolation :    30.8589654799339      %
 interpolation side :    17.7619498434104      %
 interpolation rec :    3.55620222765811      %
 interpolation plane :   0.000000000000000E+000 %
 Writing solution
 -------------------
 start propa for frequency:    100.000000000000     
 interp meanflow...
 Interpolation of 2D flow lES
 interpolation time :  0.412416000000000      s
 start vector PE propagation...
 begin x loop ...
 done.
 x loop time :   0.429317999999995      s
 resolution:    37.3531973967889      %
 compute dl  :    12.7930811192813      %
 interpolation :    23.6917622834003      %
 interpolation side :    13.9684336552383      %
 interpolation rec :    2.73410385773684      %
 interpolation plane :   0.000000000000000E+000 %
 Writing solution
 -------------------
 start propa for frequency:    200.000000000000     
 interp meanflow...
 Interpolation of 2D flow lES
 interpolation time :  0.851005000000001      s
 start vector PE propagation...
 begin x loop ...
 done.
 x loop time :    1.25375000000000      s
 resolution:    48.9698105682948      %
 compute dl  :    14.6913659022518      %
 interpolation :    17.1133798603152      %
 interpolation side :    10.2012362911472      %
 interpolation rec :    2.06875373890485      %
 interpolation plane :   0.000000000000000E+000 %
 Writing solution
 ===================
 init propa angle :    220.000000000000     
 ** init 2D coarse mean flow 
 Interpolation of 3D lES
 added            0  in -x direction
 added            0  in +x direction
 added            0  in -y direction
 added            0  in +y direction
 interpolation time :   3.09172600000001      s
 mean flow written
 -------------------
 start propa for frequency:    50.0000000000000     
 interp meanflow...
 Interpolation of 2D flow lES
 interpolation time :  0.188522000000006      s
 start vector PE propagation...
 begin x loop ...
 done.
 x loop time :   0.190331999999998      s
 resolution:    28.4539646511834      %
 compute dl  :    11.3370321330739      %
 interpolation :    30.3779711241461      %
 interpolation side :    17.1206103020260      %
 interpolation rec :    3.58636487806550      %
 interpolation plane :   0.000000000000000E+000 %
 Writing solution
 -------------------
 start propa for frequency:    100.000000000000     
 interp meanflow...
 Interpolation of 2D flow lES
 interpolation time :  0.505546000000010      s
 start vector PE propagation...
 begin x loop ...
 done.
 x loop time :   0.525140000000007      s
 resolution:    37.6514834138914      %
 compute dl  :    12.8102982061578      %
 interpolation :    23.4244201547668      %
 interpolation side :    13.6559774534693      %
 interpolation rec :    2.74536314141345      %
 interpolation plane :   0.000000000000000E+000 %
 Writing solution
 -------------------
 start propa for frequency:    200.000000000000     
 interp meanflow...
 Interpolation of 2D flow lES
 interpolation time :   1.05385700000001      s
 start vector PE propagation...
 begin x loop ...
 done.
 x loop time :    1.52818900000000      s
 resolution:    49.4896246472426      %
 compute dl  :    14.7579913217210      %
 interpolation :    16.4867041969443      %
 interpolation side :    9.57924706950731      %
 interpolation rec :    2.07585580053263      %
 interpolation plane :   0.000000000000000E+000 %
 Writing solution
 ===================
 init propa angle :    240.000000000000     
 ** init 2D coarse mean flow 
 Interpolation of 3D lES
 added            0  in -x direction
 added            0  in +x direction
 added            0  in -y direction
 added            0  in +y direction
 interpolation time :   2.83179000000000      s
 mean flow written
 -------------------
 start propa for frequency:    50.0000000000000     
 interp meanflow...
 Interpolation of 2D flow lES
 interpolation time :  0.146667999999991      s
 start vector PE propagation...
 begin x loop ...
 done.
 x loop time :   0.145032999999998      s
 resolution:    27.8984782773713      %
 compute dl  :    10.5693187067928      %
 interpolation :    30.4737542489137      %
 interpolation side :    17.5353195479618      %
 interpolation rec :    3.55436349006233      %
 interpolation plane :   0.000000000000000E+000 %
 Writing solution
 -------------------
 start propa for frequency:    100.000000000000     
 interp meanflow...
 Interpolation of 2D flow lES
 interpolation time :  0.376367999999999      s
 start vector PE propagation...
 begin x loop ...
 done.
 x loop time :   0.375557999999998      s
 resolution:    38.7740375654125      %
 compute dl  :    12.4808950947217      %
 interpolation :    21.9555967386724      %
 interpolation side :    11.8346566975143      %
 interpolation rec :    2.86879789546208      %
 interpolation plane :   0.000000000000000E+000 %
 Writing solution
 -------------------
 start propa for frequency:    200.000000000000     
 interp meanflow...
 Interpolation of 2D flow lES
 interpolation time :  0.769435000000001      s
 start vector PE propagation...
 begin x loop ...
 done.
 x loop time :    1.27324500000000      s
 resolution:    50.0898884347411      %
 compute dl  :    14.2876665529149      %
 interpolation :    15.7966455787989      %
 interpolation side :    8.82328224347297      %
 interpolation rec :    2.09103511108436      %
 interpolation plane :   0.000000000000000E+000 %
 Writing solution
 ===================
 init propa angle :    260.000000000000     
 ** init 2D coarse mean flow 
 Interpolation of 3D lES
 added            0  in -x direction
 added            0  in +x direction
 added            0  in -y direction
 added            0  in +y direction
 interpolation time :   2.81828899999999      s
 mean flow written
 -------------------
 start propa for frequency:    50.0000000000000     
 interp meanflow...
 Interpolation of 2D flow lES
 interpolation time :  0.125896999999995      s
 start vector PE propagation...
 begin x loop ...
 done.
 x loop time :   0.125431999999989      s
 resolution:    27.8047069331800      %
 compute dl  :    11.3152943427458      %
 interpolation :    30.7146501691014      %
 interpolation side :    17.8088526054691      %
 interpolation rec :    3.52142993832964      %
 interpolation plane :   0.000000000000000E+000 %
 Writing solution
 -------------------
 start propa for frequency:    100.000000000000     
 interp meanflow...
 Interpolation of 2D flow lES
 interpolation time :  0.331517000000005      s
 start vector PE propagation...
 begin x loop ...
 done.
 x loop time :   0.320450999999991      s
 resolution:    38.6935912198566      %
 compute dl  :    12.4018960777614      %
 interpolation :    21.9977469253748      %
 interpolation side :    11.8167832211187      %
 interpolation rec :    2.83600300848377      %
 interpolation plane :   0.000000000000000E+000 %
 Writing solution
 -------------------
 start propa for frequency:    200.000000000000     
 interp meanflow...
 Interpolation of 2D flow lES
 interpolation time :  0.663904000000002      s
 start vector PE propagation...
 begin x loop ...
 done.
 x loop time :   0.950491000000000      s
 resolution:    49.6494969441360      %
 compute dl  :    14.1618384602910      %
 interpolation :    17.0331965269320      %
 interpolation side :    10.0848929657681      %
 interpolation rec :    2.07745260071926      %
 interpolation plane :   0.000000000000000E+000 %
 Writing solution
 ===================
 init propa angle :    270.000000000000     
 ** init 2D coarse mean flow 
 Interpolation of 3D lES
 added            0  in -x direction
 added            0  in +x direction
 added            0  in -y direction
 added            0  in +y direction
 interpolation time :   2.58821200000000      s
 mean flow written
 -------------------
 start propa for frequency:    50.0000000000000     
 interp meanflow...
 Interpolation of 2D flow lES
 interpolation time :  0.112614000000008      s
 start vector PE propagation...
 begin x loop ...
 done.
 x loop time :   0.114527999999993      s
 resolution:    28.5737985472302      %
 compute dl  :    10.1713118189493      %
 interpolation :    29.3255797708500      %
 interpolation side :    16.1296800782353      %
 interpolation rec :    3.61832914232742      %
 interpolation plane :   0.000000000000000E+000 %
 Writing solution
 -------------------
 start propa for frequency:    100.000000000000     
 interp meanflow...
 Interpolation of 2D flow lES
 interpolation time :  0.305826999999994      s
 start vector PE propagation...
 begin x loop ...
 done.
 x loop time :   0.307592000000000      s
 resolution:    38.2770033031479      %
 compute dl  :    12.7909698562147      %
 interpolation :    22.2187183021107      %
 interpolation side :    12.2603968894134      %
 interpolation rec :    2.82452079376240      %
 interpolation plane :   0.000000000000000E+000 %
 Writing solution
 -------------------
 start propa for frequency:    200.000000000000     
 interp meanflow...
 Interpolation of 2D flow lES
 interpolation time :  0.638573000000008      s
 start vector PE propagation...
 begin x loop ...
 done.
 x loop time :   0.910724999999999      s
 resolution:    49.4760767520510      %
 compute dl  :    14.5481896291909      %
 interpolation :    16.6154437398522      %
 interpolation side :    9.71160339285809      %
 interpolation rec :    2.07450108439521      %
 interpolation plane :   0.000000000000000E+000 %
 Writing solution
